[0.009s] Invoking command in '/home/uav/ros2_ws/build/fish_dvl_plugin': CMAKE_PREFIX_PATH=${CMAKE_PREFIX_PATH}:/opt/ros/humble /usr/bin/cmake /home/uav/ros2_ws/src/fish_dvl_plugin -DCMAKE_INSTALL_PREFIX=/home/uav/ros2_ws/install/fish_dvl_plugin
[0.061s] -- The C compiler identification is GNU 11.4.0
[0.249s] -- The CXX compiler identification is GNU 11.4.0
[0.377s] -- Detecting C compiler ABI info
[0.443s] -- Detecting C compiler ABI info - done
[0.447s] -- Check for working C compiler: /usr/bin/cc - skipped
[0.447s] -- Detecting C compile features
[0.447s] -- Detecting C compile features - done
[0.449s] -- Detecting CXX compiler ABI info
[0.519s] -- Detecting CXX compiler ABI info - done
[0.524s] -- Check for working CXX compiler: /usr/bin/c++ - skipped
[0.524s] -- Detecting CXX compile features
[0.524s] -- Detecting CXX compile features - done
[0.526s] -- Found ament_cmake: 1.3.11 (/opt/ros/humble/share/ament_cmake/cmake)
[0.620s] -- Found Python3: /usr/bin/python3 (found version "3.10.12") found components: Interpreter 
[0.683s] -- Found rclcpp: 16.0.11 (/opt/ros/humble/share/rclcpp/cmake)
[0.764s] -- Found rosidl_generator_c: 3.1.6 (/opt/ros/humble/share/rosidl_generator_c/cmake)
[0.768s] -- Found rosidl_adapter: 3.1.6 (/opt/ros/humble/share/rosidl_adapter/cmake)
[0.774s] -- Found rosidl_generator_cpp: 3.1.6 (/opt/ros/humble/share/rosidl_generator_cpp/cmake)
[0.783s] -- Using all available rosidl_typesupport_c: rosidl_typesupport_fastrtps_c;rosidl_typesupport_introspection_c
[0.794s] -- Using all available rosidl_typesupport_cpp: rosidl_typesupport_fastrtps_cpp;rosidl_typesupport_introspection_cpp
[0.826s] -- Found rmw_implementation_cmake: 6.1.2 (/opt/ros/humble/share/rmw_implementation_cmake/cmake)
[0.829s] -- Found rmw_fastrtps_cpp: 6.2.7 (/opt/ros/humble/share/rmw_fastrtps_cpp/cmake)
[1.352s] -- Found OpenSSL: /usr/lib/x86_64-linux-gnu/libcrypto.so (found version "3.0.2")  
[1.930s] -- Found FastRTPS: /opt/ros/humble/include  
[2.917s] -- Using RMW implementation 'rmw_fastrtps_cpp' as default
[2.924s] -- Looking for pthread.h
[2.993s] -- Looking for pthread.h - found
[2.993s] -- Performing Test CMAKE_HAVE_LIBC_PTHREAD
[3.061s] -- Performing Test CMAKE_HAVE_LIBC_PTHREAD - Success
[3.062s] -- Found Threads: TRUE  
[3.094s] -- Found gazebo_ros: 3.9.0 (/opt/ros/humble/share/gazebo_ros/cmake)
[3.101s] -- Found PkgConfig: /usr/bin/pkg-config (found version "0.29.2") 
[3.102s] -- Checking for module 'bullet>=2.82'
[3.109s] --   Found bullet, version 3.05
[3.173s] -- Found fcl: /usr/include (found suitable version "0.7.0", minimum required is "0.5.0") 
[3.198s] -- Found assimp: /usr/include (found version "5.2.0") 
[3.212s] -- Found DART: /usr/include (Required is at least version "6.6") found components: dart 
[3.231s] -- Found Boost: /usr/lib/x86_64-linux-gnu/cmake/Boost-1.74.0/BoostConfig.cmake (found suitable version "1.74.0", minimum required is "1.40.0") found components: thread system filesystem program_options regex iostreams date_time 
[3.374s] -- Found Protobuf: /usr/lib/x86_64-linux-gnu/libprotobuf.so (found version "3.12.4") 
[3.378s] -- Looking for ignition-math6 -- found version 6.15.1
[3.382s] -- Searching for dependencies of ignition-math6
[3.383s] -- Looking for OGRE...
[3.383s] -- OGRE_PREFIX_WATCH changed.
[3.386s] -- Checking for module 'OGRE'
[3.393s] --   Found OGRE, version 1.9.0
[3.407s] -- Found Ogre Ghadamon (1.9.0)
[3.574s] -- Found OGRE: optimized;/usr/lib/x86_64-linux-gnu/libOgreMain.so;debug;/usr/lib/x86_64-linux-gnu/libOgreMain.so
[3.581s] -- Looking for OGRE_Paging...
[3.731s] -- Found OGRE_Paging: optimized;/usr/lib/x86_64-linux-gnu/libOgrePaging.so;debug;/usr/lib/x86_64-linux-gnu/libOgrePaging.so
[3.731s] -- Looking for OGRE_Terrain...
[3.873s] -- Found OGRE_Terrain: optimized;/usr/lib/x86_64-linux-gnu/libOgreTerrain.so;debug;/usr/lib/x86_64-linux-gnu/libOgreTerrain.so
[3.873s] -- Looking for OGRE_Property...
[4.042s] -- Found OGRE_Property: optimized;/usr/lib/x86_64-linux-gnu/libOgreProperty.so;debug;/usr/lib/x86_64-linux-gnu/libOgreProperty.so
[4.042s] -- Looking for OGRE_RTShaderSystem...
[4.183s] -- Found OGRE_RTShaderSystem: optimized;/usr/lib/x86_64-linux-gnu/libOgreRTShaderSystem.so;debug;/usr/lib/x86_64-linux-gnu/libOgreRTShaderSystem.so
[4.183s] -- Looking for OGRE_Volume...
[4.324s] -- Found OGRE_Volume: optimized;/usr/lib/x86_64-linux-gnu/libOgreVolume.so;debug;/usr/lib/x86_64-linux-gnu/libOgreVolume.so
[4.324s] -- Looking for OGRE_Overlay...
[4.472s] -- Found OGRE_Overlay: optimized;/usr/lib/x86_64-linux-gnu/libOgreOverlay.so;debug;/usr/lib/x86_64-linux-gnu/libOgreOverlay.so
[11.926s] -- Looking for ignition-math6 -- found version 6.15.1
[11.928s] -- Looking for ignition-transport8 -- found version 8.2.1
[11.928s] -- Searching for dependencies of ignition-transport8
[12.399s] -- Found Protobuf: /usr/lib/x86_64-linux-gnu/libprotobuf.so (found suitable version "3.12.4", minimum required is "3") 
[12.909s] -- Config-file not installed for ZeroMQ -- checking for pkg-config
[12.912s] -- Checking for module 'libzmq >= 4'
[12.919s] --   Found libzmq , version 4.3.4
[12.935s] -- Found ZeroMQ: TRUE (Required is at least version "4") 
[12.952s] -- Checking for module 'uuid'
[12.958s] --   Found uuid, version 2.37.2
[12.973s] -- Found UUID: TRUE  
[12.975s] -- Looking for ignition-msgs5 -- found version 5.8.1
[12.975s] -- Searching for dependencies of ignition-msgs5
[13.453s] -- Looking for ignition-math6 -- found version 6.15.1
[13.456s] -- Checking for module 'tinyxml2'
[13.463s] --   Found tinyxml2, version 9.0.0
[13.478s] -- Looking for ignition-msgs5 -- found version 5.8.1
[13.480s] -- Looking for ignition-common3 -- found version 3.14.0
[13.480s] -- Searching for dependencies of ignition-common3
[13.495s] -- Looking for dlfcn.h - found
[13.510s] -- Looking for libdl - found
[13.511s] -- Found DL: TRUE  
[13.550s] -- Found tinyobjloader: /usr/lib/x86_64-linux-gnu/cmake/tinyobjloader/tinyobjloader-config.cmake (found version "2.0.0") 
[13.551s] -- Searching for <ignition-common3> component [graphics]
[13.552s] -- Looking for ignition-common3-graphics -- found version 3.14.0
[13.553s] -- Searching for dependencies of ignition-common3-graphics
[13.553s] -- Looking for ignition-math6 -- found version 6.15.1
[13.555s] -- Looking for ignition-fuel_tools4 -- found version 4.4.0
[13.555s] -- Searching for dependencies of ignition-fuel_tools4
[14.124s] -- Found CURL: /usr/lib/x86_64-linux-gnu/libcurl.so (found version "7.81.0")  
[14.129s] -- Checking for module 'jsoncpp'
[14.136s] --   Found jsoncpp, version 1.9.5
[14.151s] -- Found JSONCPP: TRUE  
[14.154s] -- Checking for module 'libzip'
[14.160s] --   Found libzip, version 1.7.3
[14.176s] -- Found ZIP: TRUE  
[14.176s] -- Looking for ignition-common3 -- found version 3.14.0
[14.176s] -- Looking for ignition-math6 -- found version 6.15.1
[14.177s] -- Looking for ignition-msgs5 -- found version 5.8.1
[14.179s] -- Gazebo version: 11.10
[14.179s] -- Checking for module 'tbb'
[14.187s] --   Found tbb, version 2021.5.0
[14.204s] -- Found gazebo_plugins: 3.9.0 (/opt/ros/humble/share/gazebo_plugins/cmake)
[14.250s] -- Found ament_lint_auto: 0.12.11 (/opt/ros/humble/share/ament_lint_auto/cmake)
[14.306s] -- Added test 'cppcheck' to perform static code analysis on C / C++ code
[14.306s] -- Configured cppcheck include dirs: /home/uav/ros2_ws/src/fish_dvl_plugin/include
[14.306s] -- Configured cppcheck exclude dirs and/or files: 
[14.307s] -- Added test 'lint_cmake' to check CMake code style
[14.307s] -- Added test 'uncrustify' to check C / C++ code style
[14.307s] -- Configured uncrustify additional arguments: 
[14.308s] -- Added test 'xmllint' to check XML markup files
[14.309s] -- Configuring done
[14.324s] -- Generating done
[14.328s] -- Build files have been written to: /home/uav/ros2_ws/build/fish_dvl_plugin
[14.336s] Invoked command in '/home/uav/ros2_ws/build/fish_dvl_plugin' returned '0': CMAKE_PREFIX_PATH=${CMAKE_PREFIX_PATH}:/opt/ros/humble /usr/bin/cmake /home/uav/ros2_ws/src/fish_dvl_plugin -DCMAKE_INSTALL_PREFIX=/home/uav/ros2_ws/install/fish_dvl_plugin
[14.338s] Invoking command in '/home/uav/ros2_ws/build/fish_dvl_plugin': CMAKE_PREFIX_PATH=${CMAKE_PREFIX_PATH}:/opt/ros/humble /usr/bin/cmake --build /home/uav/ros2_ws/build/fish_dvl_plugin -- -j20 -l20
[14.365s] [ 50%] [32mBuilding CXX object CMakeFiles/fish_dvl_plugin.dir/src/dvl_plugin.cpp.o[0m
[23.228s] [100%] [32m[1mLinking CXX shared library libfish_dvl_plugin.so[0m
[23.614s] [100%] Built target fish_dvl_plugin
[23.620s] Invoked command in '/home/uav/ros2_ws/build/fish_dvl_plugin' returned '0': CMAKE_PREFIX_PATH=${CMAKE_PREFIX_PATH}:/opt/ros/humble /usr/bin/cmake --build /home/uav/ros2_ws/build/fish_dvl_plugin -- -j20 -l20
[23.626s] Invoking command in '/home/uav/ros2_ws/build/fish_dvl_plugin': CMAKE_PREFIX_PATH=${CMAKE_PREFIX_PATH}:/opt/ros/humble /usr/bin/cmake --install /home/uav/ros2_ws/build/fish_dvl_plugin
[23.629s] -- Install configuration: ""
[23.629s] -- Installing: /home/uav/ros2_ws/install/fish_dvl_plugin/lib/libfish_dvl_plugin.so
[23.631s] -- Set runtime path of "/home/uav/ros2_ws/install/fish_dvl_plugin/lib/libfish_dvl_plugin.so" to ""
[23.631s] -- Installing: /home/uav/ros2_ws/install/fish_dvl_plugin/share/ament_index/resource_index/package_run_dependencies/fish_dvl_plugin
[23.631s] -- Installing: /home/uav/ros2_ws/install/fish_dvl_plugin/share/ament_index/resource_index/parent_prefix_path/fish_dvl_plugin
[23.631s] -- Installing: /home/uav/ros2_ws/install/fish_dvl_plugin/share/fish_dvl_plugin/environment/ament_prefix_path.sh
[23.631s] -- Installing: /home/uav/ros2_ws/install/fish_dvl_plugin/share/fish_dvl_plugin/environment/ament_prefix_path.dsv
[23.631s] -- Installing: /home/uav/ros2_ws/install/fish_dvl_plugin/share/fish_dvl_plugin/environment/path.sh
[23.631s] -- Installing: /home/uav/ros2_ws/install/fish_dvl_plugin/share/fish_dvl_plugin/environment/path.dsv
[23.632s] -- Installing: /home/uav/ros2_ws/install/fish_dvl_plugin/share/fish_dvl_plugin/local_setup.bash
[23.632s] -- Installing: /home/uav/ros2_ws/install/fish_dvl_plugin/share/fish_dvl_plugin/local_setup.sh
[23.632s] -- Installing: /home/uav/ros2_ws/install/fish_dvl_plugin/share/fish_dvl_plugin/local_setup.zsh
[23.632s] -- Installing: /home/uav/ros2_ws/install/fish_dvl_plugin/share/fish_dvl_plugin/local_setup.dsv
[23.632s] -- Installing: /home/uav/ros2_ws/install/fish_dvl_plugin/share/fish_dvl_plugin/package.dsv
[23.632s] -- Installing: /home/uav/ros2_ws/install/fish_dvl_plugin/share/ament_index/resource_index/packages/fish_dvl_plugin
[23.632s] -- Installing: /home/uav/ros2_ws/install/fish_dvl_plugin/share/fish_dvl_plugin/cmake/fish_dvl_pluginConfig.cmake
[23.632s] -- Installing: /home/uav/ros2_ws/install/fish_dvl_plugin/share/fish_dvl_plugin/cmake/fish_dvl_pluginConfig-version.cmake
[23.632s] -- Installing: /home/uav/ros2_ws/install/fish_dvl_plugin/share/fish_dvl_plugin/package.xml
[23.633s] Invoked command in '/home/uav/ros2_ws/build/fish_dvl_plugin' returned '0': CMAKE_PREFIX_PATH=${CMAKE_PREFIX_PATH}:/opt/ros/humble /usr/bin/cmake --install /home/uav/ros2_ws/build/fish_dvl_plugin
