[0.067s] Invoking command in '/home/uav/ros2_ws/build/uuv_gazebo_ros_plugins': CMAKE_PREFIX_PATH=/home/uav/ros2_ws/install/uuv_gazebo_ros_plugins_msgs:/home/uav/ros2_ws/install/uuv_gazebo_plugins:/home/uav/ros2_ws/install/plankton:/home/uav/ros2_ws/install/uuv_simulator:/home/uav/ros2_ws/install/uuv_world_ros_plugins:/home/uav/ros2_ws/install/uuv_tutorials:/home/uav/ros2_ws/install/uuv_tutorial_dp_controller:/home/uav/ros2_ws/install/uuv_tutorial_disturbances:/home/uav/ros2_ws/install/uuv_control_utils:/home/uav/ros2_ws/install/uuv_world_ros_plugins_msgs:/home/uav/ros2_ws/install/uuv_world_plugins:/home/uav/ros2_ws/install/uuv_tutorial_seabed_world:/home/uav/ros2_ws/install/uuv_trajectory_control:/home/uav/ros2_ws/install/uuv_teleop:/home/uav/ros2_ws/install/uuv_thruster_manager:/home/uav/ros2_ws/install/uuv_sensor_ros_plugins_msgs:/home/uav/ros2_ws/install/uuv_gazebo_worlds:/home/uav/ros2_ws/install/uuv_descriptions:/home/uav/ros2_ws/install/uuv_gazebo_ros_plugins:/home/uav/ros2_ws/install/uuv_gazebo:/home/uav/ros2_ws/install/uuv_control_msgs:/home/uav/ros2_ws/install/uuv_control_cascaded_pid:/home/uav/ros2_ws/install/uuv_auv_control_allocator:/home/uav/ros2_ws/install/uuv_assistants:/home/uav/ros2_ws/install/plankton_utils:/home/uav/ros2_ws/install/fish_hpurv_description:/home/uav/ros2_ws/install/fish_hpurv:/home/uav/ros2_ws/install/gazebo_ros2_control:/home/uav/ros2_ws/install/fish_dvl_plugin:/home/uav/ros2_ws/install/butler:/home/uav/hero/install/four_wheel_mobile_robot_navigation:/opt/ros/humble LD_LIBRARY_PATH=/home/uav/ros2_ws/install/uuv_gazebo_ros_plugins_msgs/lib:/home/uav/ros2_ws/install/uuv_gazebo_plugins/lib:/home/uav/ros2_ws/install/uuv_world_ros_plugins/lib:/home/uav/ros2_ws/install/uuv_world_ros_plugins_msgs/lib:/home/uav/ros2_ws/install/uuv_world_plugins/lib:/home/uav/ros2_ws/install/uuv_thruster_manager/lib:/home/uav/ros2_ws/install/uuv_sensor_ros_plugins_msgs/lib:/home/uav/ros2_ws/install/uuv_gazebo_ros_plugins/lib:/home/uav/ros2_ws/install/uuv_control_msgs/lib:/home/uav/ros2_ws/install/uuv_auv_control_allocator/lib:/home/uav/ros2_ws/install/gazebo_ros2_control/lib:/home/uav/ros2_ws/install/fish_dvl_plugin/lib:/usr/lib/x86_64-linux-gnu/gazebo-11/plugins:/opt/ros/humble/opt/rviz_ogre_vendor/lib:/opt/ros/humble/lib/x86_64-linux-gnu:/opt/ros/humble/lib:/usr/lib/x86_64-linux-gnu/gazebo-11/plugins /usr/bin/cmake --build /home/uav/ros2_ws/build/uuv_gazebo_ros_plugins -- -j20 -l20
[0.106s] [35m[1mConsolidate compiler generated dependencies of target uuv_fin_ros_plugin[0m
[0.106s] [35m[1mConsolidate compiler generated dependencies of target uuv_accelerations_test_plugin[0m
[0.106s] [35m[1mConsolidate compiler generated dependencies of target linear_battery_ros_plugin[0m
[0.106s] [35m[1mConsolidate compiler generated dependencies of target uuv_thruster_ros_plugin[0m
[0.107s] [35m[1mConsolidate compiler generated dependencies of target uuv_joint_state_publisher[0m
[0.108s] [35m[1mConsolidate compiler generated dependencies of target uuv_underwater_object_ros_plugin[0m
[0.108s] [35m[1mConsolidate compiler generated dependencies of target custom_battery_consumer_ros_plugin[0m
[0.222s] [ 57%] Built target uuv_thruster_ros_plugin
[0.222s] [ 57%] Built target uuv_joint_state_publisher
[0.222s] [ 57%] Built target custom_battery_consumer_ros_plugin
[0.222s] [ 57%] Built target uuv_fin_ros_plugin
[0.223s] [ 71%] Built target linear_battery_ros_plugin
[0.225s] [ 85%] Built target uuv_underwater_object_ros_plugin
[0.225s] [ 92%] [32m[1mLinking CXX shared library libuuv_accelerations_test_plugin.so[0m
[0.588s] [100%] Built target uuv_accelerations_test_plugin
[0.593s] Invoked command in '/home/uav/ros2_ws/build/uuv_gazebo_ros_plugins' returned '0': CMAKE_PREFIX_PATH=/home/uav/ros2_ws/install/uuv_gazebo_ros_plugins_msgs:/home/uav/ros2_ws/install/uuv_gazebo_plugins:/home/uav/ros2_ws/install/plankton:/home/uav/ros2_ws/install/uuv_simulator:/home/uav/ros2_ws/install/uuv_world_ros_plugins:/home/uav/ros2_ws/install/uuv_tutorials:/home/uav/ros2_ws/install/uuv_tutorial_dp_controller:/home/uav/ros2_ws/install/uuv_tutorial_disturbances:/home/uav/ros2_ws/install/uuv_control_utils:/home/uav/ros2_ws/install/uuv_world_ros_plugins_msgs:/home/uav/ros2_ws/install/uuv_world_plugins:/home/uav/ros2_ws/install/uuv_tutorial_seabed_world:/home/uav/ros2_ws/install/uuv_trajectory_control:/home/uav/ros2_ws/install/uuv_teleop:/home/uav/ros2_ws/install/uuv_thruster_manager:/home/uav/ros2_ws/install/uuv_sensor_ros_plugins_msgs:/home/uav/ros2_ws/install/uuv_gazebo_worlds:/home/uav/ros2_ws/install/uuv_descriptions:/home/uav/ros2_ws/install/uuv_gazebo_ros_plugins:/home/uav/ros2_ws/install/uuv_gazebo:/home/uav/ros2_ws/install/uuv_control_msgs:/home/uav/ros2_ws/install/uuv_control_cascaded_pid:/home/uav/ros2_ws/install/uuv_auv_control_allocator:/home/uav/ros2_ws/install/uuv_assistants:/home/uav/ros2_ws/install/plankton_utils:/home/uav/ros2_ws/install/fish_hpurv_description:/home/uav/ros2_ws/install/fish_hpurv:/home/uav/ros2_ws/install/gazebo_ros2_control:/home/uav/ros2_ws/install/fish_dvl_plugin:/home/uav/ros2_ws/install/butler:/home/uav/hero/install/four_wheel_mobile_robot_navigation:/opt/ros/humble LD_LIBRARY_PATH=/home/uav/ros2_ws/install/uuv_gazebo_ros_plugins_msgs/lib:/home/uav/ros2_ws/install/uuv_gazebo_plugins/lib:/home/uav/ros2_ws/install/uuv_world_ros_plugins/lib:/home/uav/ros2_ws/install/uuv_world_ros_plugins_msgs/lib:/home/uav/ros2_ws/install/uuv_world_plugins/lib:/home/uav/ros2_ws/install/uuv_thruster_manager/lib:/home/uav/ros2_ws/install/uuv_sensor_ros_plugins_msgs/lib:/home/uav/ros2_ws/install/uuv_gazebo_ros_plugins/lib:/home/uav/ros2_ws/install/uuv_control_msgs/lib:/home/uav/ros2_ws/install/uuv_auv_control_allocator/lib:/home/uav/ros2_ws/install/gazebo_ros2_control/lib:/home/uav/ros2_ws/install/fish_dvl_plugin/lib:/usr/lib/x86_64-linux-gnu/gazebo-11/plugins:/opt/ros/humble/opt/rviz_ogre_vendor/lib:/opt/ros/humble/lib/x86_64-linux-gnu:/opt/ros/humble/lib:/usr/lib/x86_64-linux-gnu/gazebo-11/plugins /usr/bin/cmake --build /home/uav/ros2_ws/build/uuv_gazebo_ros_plugins -- -j20 -l20
[0.599s] Invoking command in '/home/uav/ros2_ws/build/uuv_gazebo_ros_plugins': CMAKE_PREFIX_PATH=/home/uav/ros2_ws/install/uuv_gazebo_ros_plugins_msgs:/home/uav/ros2_ws/install/uuv_gazebo_plugins:/home/uav/ros2_ws/install/plankton:/home/uav/ros2_ws/install/uuv_simulator:/home/uav/ros2_ws/install/uuv_world_ros_plugins:/home/uav/ros2_ws/install/uuv_tutorials:/home/uav/ros2_ws/install/uuv_tutorial_dp_controller:/home/uav/ros2_ws/install/uuv_tutorial_disturbances:/home/uav/ros2_ws/install/uuv_control_utils:/home/uav/ros2_ws/install/uuv_world_ros_plugins_msgs:/home/uav/ros2_ws/install/uuv_world_plugins:/home/uav/ros2_ws/install/uuv_tutorial_seabed_world:/home/uav/ros2_ws/install/uuv_trajectory_control:/home/uav/ros2_ws/install/uuv_teleop:/home/uav/ros2_ws/install/uuv_thruster_manager:/home/uav/ros2_ws/install/uuv_sensor_ros_plugins_msgs:/home/uav/ros2_ws/install/uuv_gazebo_worlds:/home/uav/ros2_ws/install/uuv_descriptions:/home/uav/ros2_ws/install/uuv_gazebo_ros_plugins:/home/uav/ros2_ws/install/uuv_gazebo:/home/uav/ros2_ws/install/uuv_control_msgs:/home/uav/ros2_ws/install/uuv_control_cascaded_pid:/home/uav/ros2_ws/install/uuv_auv_control_allocator:/home/uav/ros2_ws/install/uuv_assistants:/home/uav/ros2_ws/install/plankton_utils:/home/uav/ros2_ws/install/fish_hpurv_description:/home/uav/ros2_ws/install/fish_hpurv:/home/uav/ros2_ws/install/gazebo_ros2_control:/home/uav/ros2_ws/install/fish_dvl_plugin:/home/uav/ros2_ws/install/butler:/home/uav/hero/install/four_wheel_mobile_robot_navigation:/opt/ros/humble LD_LIBRARY_PATH=/home/uav/ros2_ws/install/uuv_gazebo_ros_plugins_msgs/lib:/home/uav/ros2_ws/install/uuv_gazebo_plugins/lib:/home/uav/ros2_ws/install/uuv_world_ros_plugins/lib:/home/uav/ros2_ws/install/uuv_world_ros_plugins_msgs/lib:/home/uav/ros2_ws/install/uuv_world_plugins/lib:/home/uav/ros2_ws/install/uuv_thruster_manager/lib:/home/uav/ros2_ws/install/uuv_sensor_ros_plugins_msgs/lib:/home/uav/ros2_ws/install/uuv_gazebo_ros_plugins/lib:/home/uav/ros2_ws/install/uuv_control_msgs/lib:/home/uav/ros2_ws/install/uuv_auv_control_allocator/lib:/home/uav/ros2_ws/install/gazebo_ros2_control/lib:/home/uav/ros2_ws/install/fish_dvl_plugin/lib:/usr/lib/x86_64-linux-gnu/gazebo-11/plugins:/opt/ros/humble/opt/rviz_ogre_vendor/lib:/opt/ros/humble/lib/x86_64-linux-gnu:/opt/ros/humble/lib:/usr/lib/x86_64-linux-gnu/gazebo-11/plugins /usr/bin/cmake --install /home/uav/ros2_ws/build/uuv_gazebo_ros_plugins
[0.603s] -- Install configuration: "Release"
[0.603s] -- Up-to-date: /home/uav/ros2_ws/install/uuv_gazebo_ros_plugins/share/uuv_gazebo_ros_plugins/environment/library_path.sh
[0.603s] -- Up-to-date: /home/uav/ros2_ws/install/uuv_gazebo_ros_plugins/share/uuv_gazebo_ros_plugins/environment/library_path.dsv
[0.604s] -- Up-to-date: /home/uav/ros2_ws/install/uuv_gazebo_ros_plugins/lib/libuuv_fin_ros_plugin.so
[0.604s] -- Up-to-date: /home/uav/ros2_ws/install/uuv_gazebo_ros_plugins/lib/libuuv_thruster_ros_plugin.so
[0.605s] -- Up-to-date: /home/uav/ros2_ws/install/uuv_gazebo_ros_plugins/lib/libuuv_underwater_object_ros_plugin.so
[0.605s] -- Up-to-date: /home/uav/ros2_ws/install/uuv_gazebo_ros_plugins/lib/libuuv_joint_state_publisher.so
[0.606s] -- Installing: /home/uav/ros2_ws/install/uuv_gazebo_ros_plugins/lib/libuuv_accelerations_test_plugin.so
[0.606s] -- Set runtime path of "/home/uav/ros2_ws/install/uuv_gazebo_ros_plugins/lib/libuuv_accelerations_test_plugin.so" to ""
[0.607s] -- Up-to-date: /home/uav/ros2_ws/install/uuv_gazebo_ros_plugins/lib/liblinear_battery_ros_plugin.so
[0.607s] -- Up-to-date: /home/uav/ros2_ws/install/uuv_gazebo_ros_plugins/lib/libcustom_battery_consumer_ros_plugin.so
[0.607s] -- Up-to-date: /home/uav/ros2_ws/install/uuv_gazebo_ros_plugins/include/uuv_gazebo_ros_plugins
[0.608s] -- Up-to-date: /home/uav/ros2_ws/install/uuv_gazebo_ros_plugins/include/uuv_gazebo_ros_plugins/AccelerationsTestPlugin.h
[0.608s] -- Up-to-date: /home/uav/ros2_ws/install/uuv_gazebo_ros_plugins/include/uuv_gazebo_ros_plugins/LinearBatteryROSPlugin.h
[0.608s] -- Up-to-date: /home/uav/ros2_ws/install/uuv_gazebo_ros_plugins/include/uuv_gazebo_ros_plugins/ThrusterROSPlugin.h
[0.608s] -- Up-to-date: /home/uav/ros2_ws/install/uuv_gazebo_ros_plugins/include/uuv_gazebo_ros_plugins/JointStatePublisher.h
[0.608s] -- Up-to-date: /home/uav/ros2_ws/install/uuv_gazebo_ros_plugins/include/uuv_gazebo_ros_plugins/FinROSPlugin.h
[0.608s] -- Up-to-date: /home/uav/ros2_ws/install/uuv_gazebo_ros_plugins/include/uuv_gazebo_ros_plugins/UnderwaterObjectROSPlugin.h
[0.608s] -- Up-to-date: /home/uav/ros2_ws/install/uuv_gazebo_ros_plugins/include/uuv_gazebo_ros_plugins/CustomBatteryConsumerROSPlugin.h
[0.608s] -- Up-to-date: /home/uav/ros2_ws/install/uuv_gazebo_ros_plugins/share/uuv_gazebo_ros_plugins/urdf
[0.608s] -- Installing: /home/uav/ros2_ws/install/uuv_gazebo_ros_plugins/share/uuv_gazebo_ros_plugins/urdf/fin_snippets.xacro
[0.609s] -- Up-to-date: /home/uav/ros2_ws/install/uuv_gazebo_ros_plugins/share/uuv_gazebo_ros_plugins/urdf/battery_snippets.xacro
[0.609s] -- Up-to-date: /home/uav/ros2_ws/install/uuv_gazebo_ros_plugins/share/uuv_gazebo_ros_plugins/urdf/snippets.xacro
[0.609s] -- Up-to-date: /home/uav/ros2_ws/install/uuv_gazebo_ros_plugins/share/uuv_gazebo_ros_plugins/urdf/misc.xacro
[0.609s] -- Up-to-date: /home/uav/ros2_ws/install/uuv_gazebo_ros_plugins/share/uuv_gazebo_ros_plugins/urdf/thruster_snippets.xacro
[0.609s] -- Up-to-date: /home/uav/ros2_ws/install/uuv_gazebo_ros_plugins/share/ament_index/resource_index/package_run_dependencies/uuv_gazebo_ros_plugins
[0.609s] -- Up-to-date: /home/uav/ros2_ws/install/uuv_gazebo_ros_plugins/share/ament_index/resource_index/parent_prefix_path/uuv_gazebo_ros_plugins
[0.610s] -- Up-to-date: /home/uav/ros2_ws/install/uuv_gazebo_ros_plugins/share/uuv_gazebo_ros_plugins/environment/ament_prefix_path.sh
[0.610s] -- Up-to-date: /home/uav/ros2_ws/install/uuv_gazebo_ros_plugins/share/uuv_gazebo_ros_plugins/environment/ament_prefix_path.dsv
[0.610s] -- Up-to-date: /home/uav/ros2_ws/install/uuv_gazebo_ros_plugins/share/uuv_gazebo_ros_plugins/environment/path.sh
[0.610s] -- Up-to-date: /home/uav/ros2_ws/install/uuv_gazebo_ros_plugins/share/uuv_gazebo_ros_plugins/environment/path.dsv
[0.610s] -- Up-to-date: /home/uav/ros2_ws/install/uuv_gazebo_ros_plugins/share/uuv_gazebo_ros_plugins/local_setup.bash
[0.610s] -- Up-to-date: /home/uav/ros2_ws/install/uuv_gazebo_ros_plugins/share/uuv_gazebo_ros_plugins/local_setup.sh
[0.610s] -- Up-to-date: /home/uav/ros2_ws/install/uuv_gazebo_ros_plugins/share/uuv_gazebo_ros_plugins/local_setup.zsh
[0.610s] -- Up-to-date: /home/uav/ros2_ws/install/uuv_gazebo_ros_plugins/share/uuv_gazebo_ros_plugins/local_setup.dsv
[0.610s] -- Installing: /home/uav/ros2_ws/install/uuv_gazebo_ros_plugins/share/uuv_gazebo_ros_plugins/package.dsv
[0.610s] -- Up-to-date: /home/uav/ros2_ws/install/uuv_gazebo_ros_plugins/share/ament_index/resource_index/packages/uuv_gazebo_ros_plugins
[0.611s] -- Up-to-date: /home/uav/ros2_ws/install/uuv_gazebo_ros_plugins/share/uuv_gazebo_ros_plugins/cmake/export_uuv_fin_ros_pluginExport.cmake
[0.611s] -- Up-to-date: /home/uav/ros2_ws/install/uuv_gazebo_ros_plugins/share/uuv_gazebo_ros_plugins/cmake/export_uuv_fin_ros_pluginExport-release.cmake
[0.611s] -- Up-to-date: /home/uav/ros2_ws/install/uuv_gazebo_ros_plugins/share/uuv_gazebo_ros_plugins/cmake/export_uuv_thruster_ros_pluginExport.cmake
[0.611s] -- Up-to-date: /home/uav/ros2_ws/install/uuv_gazebo_ros_plugins/share/uuv_gazebo_ros_plugins/cmake/export_uuv_thruster_ros_pluginExport-release.cmake
[0.612s] -- Up-to-date: /home/uav/ros2_ws/install/uuv_gazebo_ros_plugins/share/uuv_gazebo_ros_plugins/cmake/export_uuv_underwater_object_ros_pluginExport.cmake
[0.612s] -- Up-to-date: /home/uav/ros2_ws/install/uuv_gazebo_ros_plugins/share/uuv_gazebo_ros_plugins/cmake/export_uuv_underwater_object_ros_pluginExport-release.cmake
[0.612s] -- Up-to-date: /home/uav/ros2_ws/install/uuv_gazebo_ros_plugins/share/uuv_gazebo_ros_plugins/cmake/export_uuv_joint_state_publisherExport.cmake
[0.612s] -- Up-to-date: /home/uav/ros2_ws/install/uuv_gazebo_ros_plugins/share/uuv_gazebo_ros_plugins/cmake/export_uuv_joint_state_publisherExport-release.cmake
[0.612s] -- Up-to-date: /home/uav/ros2_ws/install/uuv_gazebo_ros_plugins/share/uuv_gazebo_ros_plugins/cmake/export_uuv_accelerations_test_pluginExport.cmake
[0.612s] -- Up-to-date: /home/uav/ros2_ws/install/uuv_gazebo_ros_plugins/share/uuv_gazebo_ros_plugins/cmake/export_uuv_accelerations_test_pluginExport-release.cmake
[0.613s] -- Up-to-date: /home/uav/ros2_ws/install/uuv_gazebo_ros_plugins/share/uuv_gazebo_ros_plugins/cmake/export_linear_battery_ros_pluginExport.cmake
[0.613s] -- Up-to-date: /home/uav/ros2_ws/install/uuv_gazebo_ros_plugins/share/uuv_gazebo_ros_plugins/cmake/export_linear_battery_ros_pluginExport-release.cmake
[0.613s] -- Up-to-date: /home/uav/ros2_ws/install/uuv_gazebo_ros_plugins/share/uuv_gazebo_ros_plugins/cmake/export_custom_battery_consumer_ros_pluginExport.cmake
[0.613s] -- Up-to-date: /home/uav/ros2_ws/install/uuv_gazebo_ros_plugins/share/uuv_gazebo_ros_plugins/cmake/export_custom_battery_consumer_ros_pluginExport-release.cmake
[0.613s] -- Up-to-date: /home/uav/ros2_ws/install/uuv_gazebo_ros_plugins/share/uuv_gazebo_ros_plugins/cmake/ament_cmake_export_targets-extras.cmake
[0.613s] -- Up-to-date: /home/uav/ros2_ws/install/uuv_gazebo_ros_plugins/share/uuv_gazebo_ros_plugins/cmake/ament_cmake_export_dependencies-extras.cmake
[0.613s] -- Up-to-date: /home/uav/ros2_ws/install/uuv_gazebo_ros_plugins/share/uuv_gazebo_ros_plugins/cmake/ament_cmake_export_include_directories-extras.cmake
[0.613s] -- Up-to-date: /home/uav/ros2_ws/install/uuv_gazebo_ros_plugins/share/uuv_gazebo_ros_plugins/cmake/ament_cmake_export_libraries-extras.cmake
[0.614s] -- Up-to-date: /home/uav/ros2_ws/install/uuv_gazebo_ros_plugins/share/uuv_gazebo_ros_plugins/cmake/uuv_gazebo_ros_pluginsConfig.cmake
[0.614s] -- Up-to-date: /home/uav/ros2_ws/install/uuv_gazebo_ros_plugins/share/uuv_gazebo_ros_plugins/cmake/uuv_gazebo_ros_pluginsConfig-version.cmake
[0.614s] -- Up-to-date: /home/uav/ros2_ws/install/uuv_gazebo_ros_plugins/share/uuv_gazebo_ros_plugins/package.xml
[0.615s] Invoked command in '/home/uav/ros2_ws/build/uuv_gazebo_ros_plugins' returned '0': CMAKE_PREFIX_PATH=/home/uav/ros2_ws/install/uuv_gazebo_ros_plugins_msgs:/home/uav/ros2_ws/install/uuv_gazebo_plugins:/home/uav/ros2_ws/install/plankton:/home/uav/ros2_ws/install/uuv_simulator:/home/uav/ros2_ws/install/uuv_world_ros_plugins:/home/uav/ros2_ws/install/uuv_tutorials:/home/uav/ros2_ws/install/uuv_tutorial_dp_controller:/home/uav/ros2_ws/install/uuv_tutorial_disturbances:/home/uav/ros2_ws/install/uuv_control_utils:/home/uav/ros2_ws/install/uuv_world_ros_plugins_msgs:/home/uav/ros2_ws/install/uuv_world_plugins:/home/uav/ros2_ws/install/uuv_tutorial_seabed_world:/home/uav/ros2_ws/install/uuv_trajectory_control:/home/uav/ros2_ws/install/uuv_teleop:/home/uav/ros2_ws/install/uuv_thruster_manager:/home/uav/ros2_ws/install/uuv_sensor_ros_plugins_msgs:/home/uav/ros2_ws/install/uuv_gazebo_worlds:/home/uav/ros2_ws/install/uuv_descriptions:/home/uav/ros2_ws/install/uuv_gazebo_ros_plugins:/home/uav/ros2_ws/install/uuv_gazebo:/home/uav/ros2_ws/install/uuv_control_msgs:/home/uav/ros2_ws/install/uuv_control_cascaded_pid:/home/uav/ros2_ws/install/uuv_auv_control_allocator:/home/uav/ros2_ws/install/uuv_assistants:/home/uav/ros2_ws/install/plankton_utils:/home/uav/ros2_ws/install/fish_hpurv_description:/home/uav/ros2_ws/install/fish_hpurv:/home/uav/ros2_ws/install/gazebo_ros2_control:/home/uav/ros2_ws/install/fish_dvl_plugin:/home/uav/ros2_ws/install/butler:/home/uav/hero/install/four_wheel_mobile_robot_navigation:/opt/ros/humble LD_LIBRARY_PATH=/home/uav/ros2_ws/install/uuv_gazebo_ros_plugins_msgs/lib:/home/uav/ros2_ws/install/uuv_gazebo_plugins/lib:/home/uav/ros2_ws/install/uuv_world_ros_plugins/lib:/home/uav/ros2_ws/install/uuv_world_ros_plugins_msgs/lib:/home/uav/ros2_ws/install/uuv_world_plugins/lib:/home/uav/ros2_ws/install/uuv_thruster_manager/lib:/home/uav/ros2_ws/install/uuv_sensor_ros_plugins_msgs/lib:/home/uav/ros2_ws/install/uuv_gazebo_ros_plugins/lib:/home/uav/ros2_ws/install/uuv_control_msgs/lib:/home/uav/ros2_ws/install/uuv_auv_control_allocator/lib:/home/uav/ros2_ws/install/gazebo_ros2_control/lib:/home/uav/ros2_ws/install/fish_dvl_plugin/lib:/usr/lib/x86_64-linux-gnu/gazebo-11/plugins:/opt/ros/humble/opt/rviz_ogre_vendor/lib:/opt/ros/humble/lib/x86_64-linux-gnu:/opt/ros/humble/lib:/usr/lib/x86_64-linux-gnu/gazebo-11/plugins /usr/bin/cmake --install /home/uav/ros2_ws/build/uuv_gazebo_ros_plugins
