[35m[1mConsolidate compiler generated dependencies of target fish_dvl_plugin[0m
[ 50%] [32mBuilding CXX object CMakeFiles/fish_dvl_plugin.dir/src/dvl_plugin.cpp.o[0m
[100%] [32m[1mLinking CXX shared library libfish_dvl_plugin.so[0m
[100%] Built target fish_dvl_plugin
-- Install configuration: ""
-- Installing: /home/uav/ros2_ws/install/fish_dvl_plugin/lib/libfish_dvl_plugin.so
-- Set runtime path of "/home/uav/ros2_ws/install/fish_dvl_plugin/lib/libfish_dvl_plugin.so" to ""
-- Up-to-date: /home/uav/ros2_ws/install/fish_dvl_plugin/share/ament_index/resource_index/package_run_dependencies/fish_dvl_plugin
-- Up-to-date: /home/uav/ros2_ws/install/fish_dvl_plugin/share/ament_index/resource_index/parent_prefix_path/fish_dvl_plugin
-- Up-to-date: /home/uav/ros2_ws/install/fish_dvl_plugin/share/fish_dvl_plugin/environment/ament_prefix_path.sh
-- Up-to-date: /home/uav/ros2_ws/install/fish_dvl_plugin/share/fish_dvl_plugin/environment/ament_prefix_path.dsv
-- Up-to-date: /home/uav/ros2_ws/install/fish_dvl_plugin/share/fish_dvl_plugin/environment/path.sh
-- Up-to-date: /home/uav/ros2_ws/install/fish_dvl_plugin/share/fish_dvl_plugin/environment/path.dsv
-- Up-to-date: /home/uav/ros2_ws/install/fish_dvl_plugin/share/fish_dvl_plugin/local_setup.bash
-- Up-to-date: /home/uav/ros2_ws/install/fish_dvl_plugin/share/fish_dvl_plugin/local_setup.sh
-- Up-to-date: /home/uav/ros2_ws/install/fish_dvl_plugin/share/fish_dvl_plugin/local_setup.zsh
-- Up-to-date: /home/uav/ros2_ws/install/fish_dvl_plugin/share/fish_dvl_plugin/local_setup.dsv
-- Installing: /home/uav/ros2_ws/install/fish_dvl_plugin/share/fish_dvl_plugin/package.dsv
-- Up-to-date: /home/uav/ros2_ws/install/fish_dvl_plugin/share/ament_index/resource_index/packages/fish_dvl_plugin
-- Up-to-date: /home/uav/ros2_ws/install/fish_dvl_plugin/share/fish_dvl_plugin/cmake/fish_dvl_pluginConfig.cmake
-- Up-to-date: /home/uav/ros2_ws/install/fish_dvl_plugin/share/fish_dvl_plugin/cmake/fish_dvl_pluginConfig-version.cmake
-- Up-to-date: /home/uav/ros2_ws/install/fish_dvl_plugin/share/fish_dvl_plugin/package.xml
