[0.011s] Invoking command in '/home/uav/ros2_ws/build/fish_dvl_plugin': CMAKE_PREFIX_PATH=${CMAKE_PREFIX_PATH}:/opt/ros/humble /usr/bin/cmake --build /home/uav/ros2_ws/build/fish_dvl_plugin -- -j20 -l20
[0.074s] [35m[1mConsolidate compiler generated dependencies of target fish_dvl_plugin[0m
[0.148s] [ 50%] [32mBuilding CXX object CMakeFiles/fish_dvl_plugin.dir/src/dvl_plugin.cpp.o[0m
[10.360s] [100%] [32m[1mLinking CXX shared library libfish_dvl_plugin.so[0m
[10.747s] [100%] Built target fish_dvl_plugin
[10.753s] Invoked command in '/home/uav/ros2_ws/build/fish_dvl_plugin' returned '0': CMAKE_PREFIX_PATH=${CMAKE_PREFIX_PATH}:/opt/ros/humble /usr/bin/cmake --build /home/uav/ros2_ws/build/fish_dvl_plugin -- -j20 -l20
[10.759s] Invoking command in '/home/uav/ros2_ws/build/fish_dvl_plugin': CMAKE_PREFIX_PATH=${CMAKE_PREFIX_PATH}:/opt/ros/humble /usr/bin/cmake --install /home/uav/ros2_ws/build/fish_dvl_plugin
[10.763s] -- Install configuration: ""
[10.764s] -- Installing: /home/uav/ros2_ws/install/fish_dvl_plugin/lib/libfish_dvl_plugin.so
[10.766s] -- Set runtime path of "/home/uav/ros2_ws/install/fish_dvl_plugin/lib/libfish_dvl_plugin.so" to ""
[10.766s] -- Up-to-date: /home/uav/ros2_ws/install/fish_dvl_plugin/share/ament_index/resource_index/package_run_dependencies/fish_dvl_plugin
[10.766s] -- Up-to-date: /home/uav/ros2_ws/install/fish_dvl_plugin/share/ament_index/resource_index/parent_prefix_path/fish_dvl_plugin
[10.766s] -- Up-to-date: /home/uav/ros2_ws/install/fish_dvl_plugin/share/fish_dvl_plugin/environment/ament_prefix_path.sh
[10.767s] -- Up-to-date: /home/uav/ros2_ws/install/fish_dvl_plugin/share/fish_dvl_plugin/environment/ament_prefix_path.dsv
[10.767s] -- Up-to-date: /home/uav/ros2_ws/install/fish_dvl_plugin/share/fish_dvl_plugin/environment/path.sh
[10.767s] -- Up-to-date: /home/uav/ros2_ws/install/fish_dvl_plugin/share/fish_dvl_plugin/environment/path.dsv
[10.767s] -- Up-to-date: /home/uav/ros2_ws/install/fish_dvl_plugin/share/fish_dvl_plugin/local_setup.bash
[10.767s] -- Up-to-date: /home/uav/ros2_ws/install/fish_dvl_plugin/share/fish_dvl_plugin/local_setup.sh
[10.767s] -- Up-to-date: /home/uav/ros2_ws/install/fish_dvl_plugin/share/fish_dvl_plugin/local_setup.zsh
[10.767s] -- Up-to-date: /home/uav/ros2_ws/install/fish_dvl_plugin/share/fish_dvl_plugin/local_setup.dsv
[10.767s] -- Installing: /home/uav/ros2_ws/install/fish_dvl_plugin/share/fish_dvl_plugin/package.dsv
[10.767s] -- Up-to-date: /home/uav/ros2_ws/install/fish_dvl_plugin/share/ament_index/resource_index/packages/fish_dvl_plugin
[10.767s] -- Up-to-date: /home/uav/ros2_ws/install/fish_dvl_plugin/share/fish_dvl_plugin/cmake/fish_dvl_pluginConfig.cmake
[10.767s] -- Up-to-date: /home/uav/ros2_ws/install/fish_dvl_plugin/share/fish_dvl_plugin/cmake/fish_dvl_pluginConfig-version.cmake
[10.767s] -- Up-to-date: /home/uav/ros2_ws/install/fish_dvl_plugin/share/fish_dvl_plugin/package.xml
[10.768s] Invoked command in '/home/uav/ros2_ws/build/fish_dvl_plugin' returned '0': CMAKE_PREFIX_PATH=${CMAKE_PREFIX_PATH}:/opt/ros/humble /usr/bin/cmake --install /home/uav/ros2_ws/build/fish_dvl_plugin
