[0.040s] Invoking command in '/home/uav/ros2_ws/build/fish_hpurv': CMAKE_PREFIX_PATH=${CMAKE_PREFIX_PATH}:/opt/ros/humble LD_LIBRARY_PATH=/home/uav/ros2_ws/install/gazebo_ros2_control/lib:/home/uav/ros2_ws/install/uuv_world_ros_plugins/lib:/home/uav/ros2_ws/install/uuv_world_ros_plugins_msgs/lib:/home/uav/ros2_ws/install/uuv_world_plugins/lib:/home/uav/ros2_ws/install/uuv_thruster_manager/lib:/home/uav/ros2_ws/install/uuv_sensor_ros_plugins_msgs/lib:/home/uav/ros2_ws/install/uuv_gazebo_ros_plugins/lib:/home/uav/ros2_ws/install/uuv_gazebo_ros_plugins_msgs/lib:/home/uav/ros2_ws/install/uuv_gazebo_plugins/lib:/home/uav/ros2_ws/install/uuv_control_msgs/lib:/home/uav/ros2_ws/install/uuv_auv_control_allocator/lib:/home/uav/ros2_ws/install/fish_dvl_plugin/lib:/home/uav/hero/install/dvl_a50/lib:/home/uav/hero/install/dvl_msgs/lib:/usr/lib/x86_64-linux-gnu/gazebo-11/plugins:/opt/ros/humble/opt/rviz_ogre_vendor/lib:/opt/ros/humble/lib/x86_64-linux-gnu:/opt/ros/humble/lib:/usr/lib/x86_64-linux-gnu/gazebo-11/plugins:/usr/lib/x86_64-linux-gnu/gazebo-11/plugins:/usr/lib/x86_64-linux-gnu/gazebo-11/plugins:/usr/lib/x86_64-linux-gnu/gazebo-11/plugins:/usr/lib/x86_64-linux-gnu/gazebo-11/plugins:/usr/lib/x86_64-linux-gnu/gazebo-11/plugins /usr/bin/cmake --build /home/uav/ros2_ws/build/fish_hpurv -- -j20 -l20
[0.073s] -- Found ament_cmake: 1.3.11 (/opt/ros/humble/share/ament_cmake/cmake)
[0.159s] -- Found gazebo_ros: 3.9.0 (/opt/ros/humble/share/gazebo_ros/cmake)
[0.245s] -- Found rosidl_generator_c: 3.1.6 (/opt/ros/humble/share/rosidl_generator_c/cmake)
[0.247s] -- Found rosidl_adapter: 3.1.6 (/opt/ros/humble/share/rosidl_adapter/cmake)
[0.253s] -- Found rosidl_generator_cpp: 3.1.6 (/opt/ros/humble/share/rosidl_generator_cpp/cmake)
[0.262s] -- Using all available rosidl_typesupport_c: rosidl_typesupport_fastrtps_c;rosidl_typesupport_introspection_c
[0.272s] -- Using all available rosidl_typesupport_cpp: rosidl_typesupport_fastrtps_cpp;rosidl_typesupport_introspection_cpp
[0.298s] -- Found rmw_implementation_cmake: 6.1.2 (/opt/ros/humble/share/rmw_implementation_cmake/cmake)
[0.300s] -- Found rmw_fastrtps_cpp: 6.2.7 (/opt/ros/humble/share/rmw_fastrtps_cpp/cmake)
[2.196s] -- Using RMW implementation 'rmw_fastrtps_cpp' as default
[2.256s] -- Found DART: /usr/include (Required is at least version "6.6") found components: dart 
[2.281s] -- Found Protobuf: /usr/lib/x86_64-linux-gnu/libprotobuf.so (found version "3.12.4") 
[2.283s] -- Looking for ignition-math6 -- found version 6.15.1
[2.288s] -- Searching for dependencies of ignition-math6
[2.289s] -- Looking for OGRE...
[2.293s] -- Found Ogre Ghadamon (1.9.0)
[2.294s] -- Found OGRE: optimized;/usr/lib/x86_64-linux-gnu/libOgreMain.so;debug;/usr/lib/x86_64-linux-gnu/libOgreMain.so
[2.299s] -- Looking for OGRE_Paging...
[2.299s] -- Found OGRE_Paging: optimized;/usr/lib/x86_64-linux-gnu/libOgrePaging.so;debug;/usr/lib/x86_64-linux-gnu/libOgrePaging.so
[2.299s] -- Looking for OGRE_Terrain...
[2.299s] -- Found OGRE_Terrain: optimized;/usr/lib/x86_64-linux-gnu/libOgreTerrain.so;debug;/usr/lib/x86_64-linux-gnu/libOgreTerrain.so
[2.300s] -- Looking for OGRE_Property...
[2.300s] -- Found OGRE_Property: optimized;/usr/lib/x86_64-linux-gnu/libOgreProperty.so;debug;/usr/lib/x86_64-linux-gnu/libOgreProperty.so
[2.300s] -- Looking for OGRE_RTShaderSystem...
[2.300s] -- Found OGRE_RTShaderSystem: optimized;/usr/lib/x86_64-linux-gnu/libOgreRTShaderSystem.so;debug;/usr/lib/x86_64-linux-gnu/libOgreRTShaderSystem.so
[2.300s] -- Looking for OGRE_Volume...
[2.300s] -- Found OGRE_Volume: optimized;/usr/lib/x86_64-linux-gnu/libOgreVolume.so;debug;/usr/lib/x86_64-linux-gnu/libOgreVolume.so
[2.300s] -- Looking for OGRE_Overlay...
[2.300s] -- Found OGRE_Overlay: optimized;/usr/lib/x86_64-linux-gnu/libOgreOverlay.so;debug;/usr/lib/x86_64-linux-gnu/libOgreOverlay.so
[9.248s] -- Looking for ignition-math6 -- found version 6.15.1
[9.249s] -- Looking for ignition-transport8 -- found version 8.2.1
[9.249s] -- Searching for dependencies of ignition-transport8
[9.692s] -- Found Protobuf: /usr/lib/x86_64-linux-gnu/libprotobuf.so (found suitable version "3.12.4", minimum required is "3") 
[10.134s] -- Config-file not installed for ZeroMQ -- checking for pkg-config
[10.137s] -- Checking for module 'libzmq >= 4'
[10.145s] --   Found libzmq , version 4.3.4
[10.163s] -- Checking for module 'uuid'
[10.169s] --   Found uuid, version 2.37.2
[10.185s] -- Looking for ignition-msgs5 -- found version 5.8.1
[10.186s] -- Searching for dependencies of ignition-msgs5
[10.631s] -- Looking for ignition-math6 -- found version 6.15.1
[10.634s] -- Checking for module 'tinyxml2'
[10.640s] --   Found tinyxml2, version 9.0.0
[10.655s] -- Looking for ignition-msgs5 -- found version 5.8.1
[10.656s] -- Looking for ignition-common3 -- found version 3.14.0
[10.656s] -- Searching for dependencies of ignition-common3
[10.656s] -- Looking for dlfcn.h - found
[10.656s] -- Looking for libdl - found
[10.691s] -- Searching for <ignition-common3> component [graphics]
[10.691s] -- Looking for ignition-common3-graphics -- found version 3.14.0
[10.692s] -- Searching for dependencies of ignition-common3-graphics
[10.692s] -- Looking for ignition-math6 -- found version 6.15.1
[10.693s] -- Looking for ignition-fuel_tools4 -- found version 4.4.0
[10.693s] -- Searching for dependencies of ignition-fuel_tools4
[11.238s] -- Checking for module 'jsoncpp'
[11.244s] --   Found jsoncpp, version 1.9.5
[11.261s] -- Checking for module 'libzip'
[11.268s] --   Found libzip, version 1.7.3
[11.282s] -- Looking for ignition-common3 -- found version 3.14.0
[11.282s] -- Looking for ignition-math6 -- found version 6.15.1
[11.282s] -- Looking for ignition-msgs5 -- found version 5.8.1
[11.284s] -- Gazebo version: 11.10
[11.285s] -- Found xacro: 2.0.8 (/opt/ros/humble/share/xacro/cmake)
[11.286s] -- Found trajectory_msgs: 4.2.4 (/opt/ros/humble/share/trajectory_msgs/cmake)
[11.308s] -- Found ament_lint_auto: 0.12.11 (/opt/ros/humble/share/ament_lint_auto/cmake)
[11.355s] -- Added test 'copyright' to check source files copyright and LICENSE
[11.360s] -- Added test 'cppcheck' to perform static code analysis on C / C++ code
[11.360s] -- Configured cppcheck include dirs: 
[11.360s] -- Configured cppcheck exclude dirs and/or files: 
[11.362s] -- Added test 'cpplint' to check C / C++ code against the Google style
[11.362s] -- Configured cpplint exclude dirs and/or files: 
[11.362s] -- Added test 'flake8' to check Python code syntax and style conventions
[11.363s] -- Added test 'lint_cmake' to check CMake code style
[11.363s] -- Added test 'pep257' to check Python code against some of the docstring style conventions in PEP 257
[11.365s] -- Added test 'uncrustify' to check C / C++ code style
[11.365s] -- Configured uncrustify additional arguments: 
[11.365s] -- Added test 'xmllint' to check XML markup files
[11.367s] -- Configuring done
[11.376s] -- Generating done
[11.379s] -- Build files have been written to: /home/uav/ros2_ws/build/fish_hpurv
[11.397s] [35m[1mConsolidate compiler generated dependencies of target joint_publisher[0m
[11.405s] [100%] Built target joint_publisher
[11.410s] Invoked command in '/home/uav/ros2_ws/build/fish_hpurv' returned '0': CMAKE_PREFIX_PATH=${CMAKE_PREFIX_PATH}:/opt/ros/humble LD_LIBRARY_PATH=/home/uav/ros2_ws/install/gazebo_ros2_control/lib:/home/uav/ros2_ws/install/uuv_world_ros_plugins/lib:/home/uav/ros2_ws/install/uuv_world_ros_plugins_msgs/lib:/home/uav/ros2_ws/install/uuv_world_plugins/lib:/home/uav/ros2_ws/install/uuv_thruster_manager/lib:/home/uav/ros2_ws/install/uuv_sensor_ros_plugins_msgs/lib:/home/uav/ros2_ws/install/uuv_gazebo_ros_plugins/lib:/home/uav/ros2_ws/install/uuv_gazebo_ros_plugins_msgs/lib:/home/uav/ros2_ws/install/uuv_gazebo_plugins/lib:/home/uav/ros2_ws/install/uuv_control_msgs/lib:/home/uav/ros2_ws/install/uuv_auv_control_allocator/lib:/home/uav/ros2_ws/install/fish_dvl_plugin/lib:/home/uav/hero/install/dvl_a50/lib:/home/uav/hero/install/dvl_msgs/lib:/usr/lib/x86_64-linux-gnu/gazebo-11/plugins:/opt/ros/humble/opt/rviz_ogre_vendor/lib:/opt/ros/humble/lib/x86_64-linux-gnu:/opt/ros/humble/lib:/usr/lib/x86_64-linux-gnu/gazebo-11/plugins:/usr/lib/x86_64-linux-gnu/gazebo-11/plugins:/usr/lib/x86_64-linux-gnu/gazebo-11/plugins:/usr/lib/x86_64-linux-gnu/gazebo-11/plugins:/usr/lib/x86_64-linux-gnu/gazebo-11/plugins:/usr/lib/x86_64-linux-gnu/gazebo-11/plugins /usr/bin/cmake --build /home/uav/ros2_ws/build/fish_hpurv -- -j20 -l20
[11.415s] Invoking command in '/home/uav/ros2_ws/build/fish_hpurv': CMAKE_PREFIX_PATH=${CMAKE_PREFIX_PATH}:/opt/ros/humble LD_LIBRARY_PATH=/home/uav/ros2_ws/install/gazebo_ros2_control/lib:/home/uav/ros2_ws/install/uuv_world_ros_plugins/lib:/home/uav/ros2_ws/install/uuv_world_ros_plugins_msgs/lib:/home/uav/ros2_ws/install/uuv_world_plugins/lib:/home/uav/ros2_ws/install/uuv_thruster_manager/lib:/home/uav/ros2_ws/install/uuv_sensor_ros_plugins_msgs/lib:/home/uav/ros2_ws/install/uuv_gazebo_ros_plugins/lib:/home/uav/ros2_ws/install/uuv_gazebo_ros_plugins_msgs/lib:/home/uav/ros2_ws/install/uuv_gazebo_plugins/lib:/home/uav/ros2_ws/install/uuv_control_msgs/lib:/home/uav/ros2_ws/install/uuv_auv_control_allocator/lib:/home/uav/ros2_ws/install/fish_dvl_plugin/lib:/home/uav/hero/install/dvl_a50/lib:/home/uav/hero/install/dvl_msgs/lib:/usr/lib/x86_64-linux-gnu/gazebo-11/plugins:/opt/ros/humble/opt/rviz_ogre_vendor/lib:/opt/ros/humble/lib/x86_64-linux-gnu:/opt/ros/humble/lib:/usr/lib/x86_64-linux-gnu/gazebo-11/plugins:/usr/lib/x86_64-linux-gnu/gazebo-11/plugins:/usr/lib/x86_64-linux-gnu/gazebo-11/plugins:/usr/lib/x86_64-linux-gnu/gazebo-11/plugins:/usr/lib/x86_64-linux-gnu/gazebo-11/plugins:/usr/lib/x86_64-linux-gnu/gazebo-11/plugins /usr/bin/cmake --install /home/uav/ros2_ws/build/fish_hpurv
[11.419s] -- Install configuration: ""
[11.419s] -- Up-to-date: /home/uav/ros2_ws/install/fish_hpurv/share/fish_hpurv/launch
[11.419s] -- Up-to-date: /home/uav/ros2_ws/install/fish_hpurv/share/fish_hpurv/launch/display.launch.py
[11.419s] -- Up-to-date: /home/uav/ros2_ws/install/fish_hpurv/share/fish_hpurv/launch/display1.launch.py
[11.419s] -- Up-to-date: /home/uav/ros2_ws/install/fish_hpurv/share/fish_hpurv/urdf
[11.419s] -- Up-to-date: /home/uav/ros2_ws/install/fish_hpurv/share/fish_hpurv/urdf/fish.urdf
[11.419s] -- Installing: /home/uav/ros2_ws/install/fish_hpurv/share/fish_hpurv/urdf/fish_hpurv_macro.urdf.xacro
[11.419s] -- Up-to-date: /home/uav/ros2_ws/install/fish_hpurv/share/fish_hpurv/config
[11.420s] -- Up-to-date: /home/uav/ros2_ws/install/fish_hpurv/share/fish_hpurv/config/my_controllers.yaml
[11.420s] -- Up-to-date: /home/uav/ros2_ws/install/fish_hpurv/share/fish_hpurv/config/display.rviz
[11.420s] -- Up-to-date: /home/uav/ros2_ws/install/fish_hpurv/share/fish_hpurv/meshes
[11.420s] -- Up-to-date: /home/uav/ros2_ws/install/fish_hpurv/share/fish_hpurv/meshes/link_pectoral_left.part
[11.420s] -- Up-to-date: /home/uav/ros2_ws/install/fish_hpurv/share/fish_hpurv/meshes/link_pectoral_right.stl
[11.420s] -- Up-to-date: /home/uav/ros2_ws/install/fish_hpurv/share/fish_hpurv/meshes/link_base.stl
[11.420s] -- Up-to-date: /home/uav/ros2_ws/install/fish_hpurv/share/fish_hpurv/meshes/link_base.part
[11.420s] -- Up-to-date: /home/uav/ros2_ws/install/fish_hpurv/share/fish_hpurv/meshes/link_pectoral_left.stl
[11.420s] -- Up-to-date: /home/uav/ros2_ws/install/fish_hpurv/share/fish_hpurv/meshes/link_caudal.part
[11.420s] -- Up-to-date: /home/uav/ros2_ws/install/fish_hpurv/share/fish_hpurv/meshes/link_pectoral_right.part
[11.420s] -- Up-to-date: /home/uav/ros2_ws/install/fish_hpurv/share/fish_hpurv/meshes/link_caudal.stl
[11.420s] -- Up-to-date: /home/uav/ros2_ws/install/fish_hpurv/share/fish_hpurv/worlds
[11.420s] -- Up-to-date: /home/uav/ros2_ws/install/fish_hpurv/share/fish_hpurv/worlds/room.sdf
[11.420s] -- Up-to-date: /home/uav/ros2_ws/install/fish_hpurv/share/fish_hpurv/worlds/ocean.world
[11.420s] -- Up-to-date: /home/uav/ros2_ws/install/fish_hpurv/share/fish_hpurv/worlds/fish_world.world
[11.420s] -- Up-to-date: /home/uav/ros2_ws/install/fish_hpurv/share/fish_hpurv/models
[11.420s] -- Up-to-date: /home/uav/ros2_ws/install/fish_hpurv/share/fish_hpurv/models/fish_hpurv
[11.420s] -- Up-to-date: /home/uav/ros2_ws/install/fish_hpurv/share/fish_hpurv/models/fish_hpurv/fish.sdf
[11.420s] -- Up-to-date: /home/uav/ros2_ws/install/fish_hpurv/share/fish_hpurv/models/fish_hpurv/meshes
[11.420s] -- Up-to-date: /home/uav/ros2_ws/install/fish_hpurv/share/fish_hpurv/models/fish_hpurv/meshes/link_pectoral_left.part
[11.420s] -- Up-to-date: /home/uav/ros2_ws/install/fish_hpurv/share/fish_hpurv/models/fish_hpurv/meshes/link_pectoral_right.stl
[11.420s] -- Up-to-date: /home/uav/ros2_ws/install/fish_hpurv/share/fish_hpurv/models/fish_hpurv/meshes/link_base.stl
[11.420s] -- Up-to-date: /home/uav/ros2_ws/install/fish_hpurv/share/fish_hpurv/models/fish_hpurv/meshes/link_base.part
[11.420s] -- Up-to-date: /home/uav/ros2_ws/install/fish_hpurv/share/fish_hpurv/models/fish_hpurv/meshes/link_pectoral_left.stl
[11.420s] -- Up-to-date: /home/uav/ros2_ws/install/fish_hpurv/share/fish_hpurv/models/fish_hpurv/meshes/link_caudal.part
[11.420s] -- Up-to-date: /home/uav/ros2_ws/install/fish_hpurv/share/fish_hpurv/models/fish_hpurv/meshes/link_pectoral_right.part
[11.420s] -- Up-to-date: /home/uav/ros2_ws/install/fish_hpurv/share/fish_hpurv/models/fish_hpurv/meshes/link_caudal.stl
[11.420s] -- Up-to-date: /home/uav/ros2_ws/install/fish_hpurv/share/fish_hpurv/models/fish_hpurv/model.config
[11.420s] -- Up-to-date: /home/uav/ros2_ws/install/fish_hpurv/share/fish_hpurv/urdf
[11.420s] -- Up-to-date: /home/uav/ros2_ws/install/fish_hpurv/share/fish_hpurv/urdf/fish_hpurv_macro.urdf.xacro
[11.420s] -- Up-to-date: /home/uav/ros2_ws/install/fish_hpurv/lib/fish_hpurv/joint_publisher
[11.421s] -- Up-to-date: /home/uav/ros2_ws/install/fish_hpurv/share/ament_index/resource_index/package_run_dependencies/fish_hpurv
[11.421s] -- Up-to-date: /home/uav/ros2_ws/install/fish_hpurv/share/ament_index/resource_index/parent_prefix_path/fish_hpurv
[11.421s] -- Up-to-date: /home/uav/ros2_ws/install/fish_hpurv/share/fish_hpurv/environment/ament_prefix_path.sh
[11.421s] -- Installing: /home/uav/ros2_ws/install/fish_hpurv/share/fish_hpurv/environment/ament_prefix_path.dsv
[11.421s] -- Up-to-date: /home/uav/ros2_ws/install/fish_hpurv/share/fish_hpurv/environment/path.sh
[11.421s] -- Installing: /home/uav/ros2_ws/install/fish_hpurv/share/fish_hpurv/environment/path.dsv
[11.421s] -- Up-to-date: /home/uav/ros2_ws/install/fish_hpurv/share/fish_hpurv/local_setup.bash
[11.421s] -- Up-to-date: /home/uav/ros2_ws/install/fish_hpurv/share/fish_hpurv/local_setup.sh
[11.421s] -- Up-to-date: /home/uav/ros2_ws/install/fish_hpurv/share/fish_hpurv/local_setup.zsh
[11.421s] -- Installing: /home/uav/ros2_ws/install/fish_hpurv/share/fish_hpurv/local_setup.dsv
[11.421s] -- Installing: /home/uav/ros2_ws/install/fish_hpurv/share/fish_hpurv/package.dsv
[11.421s] -- Up-to-date: /home/uav/ros2_ws/install/fish_hpurv/share/ament_index/resource_index/packages/fish_hpurv
[11.421s] -- Up-to-date: /home/uav/ros2_ws/install/fish_hpurv/share/fish_hpurv/cmake/ament_cmake_export_dependencies-extras.cmake
[11.421s] -- Up-to-date: /home/uav/ros2_ws/install/fish_hpurv/share/fish_hpurv/cmake/fish_hpurvConfig.cmake
[11.421s] -- Up-to-date: /home/uav/ros2_ws/install/fish_hpurv/share/fish_hpurv/cmake/fish_hpurvConfig-version.cmake
[11.421s] -- Installing: /home/uav/ros2_ws/install/fish_hpurv/share/fish_hpurv/package.xml
[11.422s] Invoked command in '/home/uav/ros2_ws/build/fish_hpurv' returned '0': CMAKE_PREFIX_PATH=${CMAKE_PREFIX_PATH}:/opt/ros/humble LD_LIBRARY_PATH=/home/uav/ros2_ws/install/gazebo_ros2_control/lib:/home/uav/ros2_ws/install/uuv_world_ros_plugins/lib:/home/uav/ros2_ws/install/uuv_world_ros_plugins_msgs/lib:/home/uav/ros2_ws/install/uuv_world_plugins/lib:/home/uav/ros2_ws/install/uuv_thruster_manager/lib:/home/uav/ros2_ws/install/uuv_sensor_ros_plugins_msgs/lib:/home/uav/ros2_ws/install/uuv_gazebo_ros_plugins/lib:/home/uav/ros2_ws/install/uuv_gazebo_ros_plugins_msgs/lib:/home/uav/ros2_ws/install/uuv_gazebo_plugins/lib:/home/uav/ros2_ws/install/uuv_control_msgs/lib:/home/uav/ros2_ws/install/uuv_auv_control_allocator/lib:/home/uav/ros2_ws/install/fish_dvl_plugin/lib:/home/uav/hero/install/dvl_a50/lib:/home/uav/hero/install/dvl_msgs/lib:/usr/lib/x86_64-linux-gnu/gazebo-11/plugins:/opt/ros/humble/opt/rviz_ogre_vendor/lib:/opt/ros/humble/lib/x86_64-linux-gnu:/opt/ros/humble/lib:/usr/lib/x86_64-linux-gnu/gazebo-11/plugins:/usr/lib/x86_64-linux-gnu/gazebo-11/plugins:/usr/lib/x86_64-linux-gnu/gazebo-11/plugins:/usr/lib/x86_64-linux-gnu/gazebo-11/plugins:/usr/lib/x86_64-linux-gnu/gazebo-11/plugins:/usr/lib/x86_64-linux-gnu/gazebo-11/plugins /usr/bin/cmake --install /home/uav/ros2_ws/build/fish_hpurv
