[0.078s] Invoking command in '/home/uav/ros2_ws/build/uuv_gazebo_ros_plugins': CMAKE_PREFIX_PATH=/home/uav/ros2_ws/install/uuv_gazebo_ros_plugins_msgs:/home/uav/ros2_ws/install/uuv_gazebo_plugins:/home/uav/ros2_ws/install/plankton:/home/uav/ros2_ws/install/uuv_simulator:/home/uav/ros2_ws/install/uuv_world_ros_plugins:/home/uav/ros2_ws/install/uuv_tutorials:/home/uav/ros2_ws/install/uuv_tutorial_dp_controller:/home/uav/ros2_ws/install/uuv_tutorial_disturbances:/home/uav/ros2_ws/install/uuv_control_utils:/home/uav/ros2_ws/install/uuv_world_ros_plugins_msgs:/home/uav/ros2_ws/install/uuv_world_plugins:/home/uav/ros2_ws/install/uuv_tutorial_seabed_world:/home/uav/ros2_ws/install/uuv_trajectory_control:/home/uav/ros2_ws/install/uuv_teleop:/home/uav/ros2_ws/install/uuv_thruster_manager:/home/uav/ros2_ws/install/uuv_sensor_ros_plugins_msgs:/home/uav/ros2_ws/install/uuv_gazebo_worlds:/home/uav/ros2_ws/install/uuv_descriptions:/home/uav/ros2_ws/install/uuv_gazebo_ros_plugins:/home/uav/ros2_ws/install/uuv_gazebo:/home/uav/ros2_ws/install/uuv_control_msgs:/home/uav/ros2_ws/install/uuv_control_cascaded_pid:/home/uav/ros2_ws/install/uuv_auv_control_allocator:/home/uav/ros2_ws/install/uuv_assistants:/home/uav/ros2_ws/install/plankton_utils:/home/uav/ros2_ws/install/fish_hpurv_description:/home/uav/ros2_ws/install/fish_hpurv:/home/uav/ros2_ws/install/gazebo_ros2_control:/home/uav/ros2_ws/install/fish_dvl_plugin:/home/uav/ros2_ws/install/butler:/home/uav/hero/install/four_wheel_mobile_robot_navigation:/opt/ros/humble LD_LIBRARY_PATH=/home/uav/ros2_ws/install/uuv_gazebo_ros_plugins_msgs/lib:/home/uav/ros2_ws/install/uuv_gazebo_plugins/lib:/home/uav/ros2_ws/install/uuv_world_ros_plugins/lib:/home/uav/ros2_ws/install/uuv_world_ros_plugins_msgs/lib:/home/uav/ros2_ws/install/uuv_world_plugins/lib:/home/uav/ros2_ws/install/uuv_thruster_manager/lib:/home/uav/ros2_ws/install/uuv_sensor_ros_plugins_msgs/lib:/home/uav/ros2_ws/install/uuv_gazebo_ros_plugins/lib:/home/uav/ros2_ws/install/uuv_control_msgs/lib:/home/uav/ros2_ws/install/uuv_auv_control_allocator/lib:/home/uav/ros2_ws/install/gazebo_ros2_control/lib:/home/uav/ros2_ws/install/fish_dvl_plugin/lib:/usr/lib/x86_64-linux-gnu/gazebo-11/plugins:/opt/ros/humble/opt/rviz_ogre_vendor/lib:/opt/ros/humble/lib/x86_64-linux-gnu:/opt/ros/humble/lib:/usr/lib/x86_64-linux-gnu/gazebo-11/plugins /usr/bin/cmake --build /home/uav/ros2_ws/build/uuv_gazebo_ros_plugins -- -j20 -l20
[0.271s] [ 21%] [32mBuilding CXX object CMakeFiles/uuv_fin_ros_plugin.dir/src/FinROSPlugin.cpp.o[0m
[0.271s] [ 21%] [32mBuilding CXX object CMakeFiles/uuv_thruster_ros_plugin.dir/src/ThrusterROSPlugin.cpp.o[0m
[0.271s] [ 28%] [32mBuilding CXX object CMakeFiles/linear_battery_ros_plugin.dir/src/LinearBatteryROSPlugin.cpp.o[0m
[0.271s] [ 21%] [32mBuilding CXX object CMakeFiles/custom_battery_consumer_ros_plugin.dir/src/CustomBatteryConsumerROSPlugin.cpp.o[0m
[0.271s] [ 35%] [32mBuilding CXX object CMakeFiles/uuv_joint_state_publisher.dir/src/JointStatePublisher.cpp.o[0m
[0.276s] [ 42%] [32mBuilding CXX object CMakeFiles/uuv_underwater_object_ros_plugin.dir/src/UnderwaterObjectROSPlugin.cpp.o[0m
[0.276s] [ 50%] [32mBuilding CXX object CMakeFiles/uuv_accelerations_test_plugin.dir/src/AccelerationsTestPlugin.cpp.o[0m
[16.516s] [ 57%] [32m[1mLinking CXX shared library libuuv_joint_state_publisher.so[0m
[16.939s] [ 57%] Built target uuv_joint_state_publisher
[17.246s] [ 64%] [32m[1mLinking CXX shared library liblinear_battery_ros_plugin.so[0m
[17.522s] [ 64%] Built target linear_battery_ros_plugin
[17.775s] [ 71%] [32m[1mLinking CXX shared library libuuv_accelerations_test_plugin.so[0m
[18.033s] [ 71%] Built target uuv_accelerations_test_plugin
[18.996s] [ 78%] [32m[1mLinking CXX shared library libcustom_battery_consumer_ros_plugin.so[0m
[19.276s] [ 78%] Built target custom_battery_consumer_ros_plugin
[22.616s] [ 85%] [32m[1mLinking CXX shared library libuuv_fin_ros_plugin.so[0m
[22.910s] [ 85%] Built target uuv_fin_ros_plugin
[25.360s] [ 92%] [32m[1mLinking CXX shared library libuuv_thruster_ros_plugin.so[0m
[25.635s] [ 92%] Built target uuv_thruster_ros_plugin
[26.176s] [100%] [32m[1mLinking CXX shared library libuuv_underwater_object_ros_plugin.so[0m
[26.487s] [100%] Built target uuv_underwater_object_ros_plugin
[26.494s] Invoked command in '/home/uav/ros2_ws/build/uuv_gazebo_ros_plugins' returned '0': CMAKE_PREFIX_PATH=/home/uav/ros2_ws/install/uuv_gazebo_ros_plugins_msgs:/home/uav/ros2_ws/install/uuv_gazebo_plugins:/home/uav/ros2_ws/install/plankton:/home/uav/ros2_ws/install/uuv_simulator:/home/uav/ros2_ws/install/uuv_world_ros_plugins:/home/uav/ros2_ws/install/uuv_tutorials:/home/uav/ros2_ws/install/uuv_tutorial_dp_controller:/home/uav/ros2_ws/install/uuv_tutorial_disturbances:/home/uav/ros2_ws/install/uuv_control_utils:/home/uav/ros2_ws/install/uuv_world_ros_plugins_msgs:/home/uav/ros2_ws/install/uuv_world_plugins:/home/uav/ros2_ws/install/uuv_tutorial_seabed_world:/home/uav/ros2_ws/install/uuv_trajectory_control:/home/uav/ros2_ws/install/uuv_teleop:/home/uav/ros2_ws/install/uuv_thruster_manager:/home/uav/ros2_ws/install/uuv_sensor_ros_plugins_msgs:/home/uav/ros2_ws/install/uuv_gazebo_worlds:/home/uav/ros2_ws/install/uuv_descriptions:/home/uav/ros2_ws/install/uuv_gazebo_ros_plugins:/home/uav/ros2_ws/install/uuv_gazebo:/home/uav/ros2_ws/install/uuv_control_msgs:/home/uav/ros2_ws/install/uuv_control_cascaded_pid:/home/uav/ros2_ws/install/uuv_auv_control_allocator:/home/uav/ros2_ws/install/uuv_assistants:/home/uav/ros2_ws/install/plankton_utils:/home/uav/ros2_ws/install/fish_hpurv_description:/home/uav/ros2_ws/install/fish_hpurv:/home/uav/ros2_ws/install/gazebo_ros2_control:/home/uav/ros2_ws/install/fish_dvl_plugin:/home/uav/ros2_ws/install/butler:/home/uav/hero/install/four_wheel_mobile_robot_navigation:/opt/ros/humble LD_LIBRARY_PATH=/home/uav/ros2_ws/install/uuv_gazebo_ros_plugins_msgs/lib:/home/uav/ros2_ws/install/uuv_gazebo_plugins/lib:/home/uav/ros2_ws/install/uuv_world_ros_plugins/lib:/home/uav/ros2_ws/install/uuv_world_ros_plugins_msgs/lib:/home/uav/ros2_ws/install/uuv_world_plugins/lib:/home/uav/ros2_ws/install/uuv_thruster_manager/lib:/home/uav/ros2_ws/install/uuv_sensor_ros_plugins_msgs/lib:/home/uav/ros2_ws/install/uuv_gazebo_ros_plugins/lib:/home/uav/ros2_ws/install/uuv_control_msgs/lib:/home/uav/ros2_ws/install/uuv_auv_control_allocator/lib:/home/uav/ros2_ws/install/gazebo_ros2_control/lib:/home/uav/ros2_ws/install/fish_dvl_plugin/lib:/usr/lib/x86_64-linux-gnu/gazebo-11/plugins:/opt/ros/humble/opt/rviz_ogre_vendor/lib:/opt/ros/humble/lib/x86_64-linux-gnu:/opt/ros/humble/lib:/usr/lib/x86_64-linux-gnu/gazebo-11/plugins /usr/bin/cmake --build /home/uav/ros2_ws/build/uuv_gazebo_ros_plugins -- -j20 -l20
[26.499s] Invoking command in '/home/uav/ros2_ws/build/uuv_gazebo_ros_plugins': CMAKE_PREFIX_PATH=/home/uav/ros2_ws/install/uuv_gazebo_ros_plugins_msgs:/home/uav/ros2_ws/install/uuv_gazebo_plugins:/home/uav/ros2_ws/install/plankton:/home/uav/ros2_ws/install/uuv_simulator:/home/uav/ros2_ws/install/uuv_world_ros_plugins:/home/uav/ros2_ws/install/uuv_tutorials:/home/uav/ros2_ws/install/uuv_tutorial_dp_controller:/home/uav/ros2_ws/install/uuv_tutorial_disturbances:/home/uav/ros2_ws/install/uuv_control_utils:/home/uav/ros2_ws/install/uuv_world_ros_plugins_msgs:/home/uav/ros2_ws/install/uuv_world_plugins:/home/uav/ros2_ws/install/uuv_tutorial_seabed_world:/home/uav/ros2_ws/install/uuv_trajectory_control:/home/uav/ros2_ws/install/uuv_teleop:/home/uav/ros2_ws/install/uuv_thruster_manager:/home/uav/ros2_ws/install/uuv_sensor_ros_plugins_msgs:/home/uav/ros2_ws/install/uuv_gazebo_worlds:/home/uav/ros2_ws/install/uuv_descriptions:/home/uav/ros2_ws/install/uuv_gazebo_ros_plugins:/home/uav/ros2_ws/install/uuv_gazebo:/home/uav/ros2_ws/install/uuv_control_msgs:/home/uav/ros2_ws/install/uuv_control_cascaded_pid:/home/uav/ros2_ws/install/uuv_auv_control_allocator:/home/uav/ros2_ws/install/uuv_assistants:/home/uav/ros2_ws/install/plankton_utils:/home/uav/ros2_ws/install/fish_hpurv_description:/home/uav/ros2_ws/install/fish_hpurv:/home/uav/ros2_ws/install/gazebo_ros2_control:/home/uav/ros2_ws/install/fish_dvl_plugin:/home/uav/ros2_ws/install/butler:/home/uav/hero/install/four_wheel_mobile_robot_navigation:/opt/ros/humble LD_LIBRARY_PATH=/home/uav/ros2_ws/install/uuv_gazebo_ros_plugins_msgs/lib:/home/uav/ros2_ws/install/uuv_gazebo_plugins/lib:/home/uav/ros2_ws/install/uuv_world_ros_plugins/lib:/home/uav/ros2_ws/install/uuv_world_ros_plugins_msgs/lib:/home/uav/ros2_ws/install/uuv_world_plugins/lib:/home/uav/ros2_ws/install/uuv_thruster_manager/lib:/home/uav/ros2_ws/install/uuv_sensor_ros_plugins_msgs/lib:/home/uav/ros2_ws/install/uuv_gazebo_ros_plugins/lib:/home/uav/ros2_ws/install/uuv_control_msgs/lib:/home/uav/ros2_ws/install/uuv_auv_control_allocator/lib:/home/uav/ros2_ws/install/gazebo_ros2_control/lib:/home/uav/ros2_ws/install/fish_dvl_plugin/lib:/usr/lib/x86_64-linux-gnu/gazebo-11/plugins:/opt/ros/humble/opt/rviz_ogre_vendor/lib:/opt/ros/humble/lib/x86_64-linux-gnu:/opt/ros/humble/lib:/usr/lib/x86_64-linux-gnu/gazebo-11/plugins /usr/bin/cmake --install /home/uav/ros2_ws/build/uuv_gazebo_ros_plugins
[26.504s] -- Install configuration: "Release"
[26.504s] -- Up-to-date: /home/uav/ros2_ws/install/uuv_gazebo_ros_plugins/share/uuv_gazebo_ros_plugins/environment/library_path.sh
[26.504s] -- Up-to-date: /home/uav/ros2_ws/install/uuv_gazebo_ros_plugins/share/uuv_gazebo_ros_plugins/environment/library_path.dsv
[26.505s] -- Installing: /home/uav/ros2_ws/install/uuv_gazebo_ros_plugins/lib/libuuv_fin_ros_plugin.so
[26.506s] -- Set runtime path of "/home/uav/ros2_ws/install/uuv_gazebo_ros_plugins/lib/libuuv_fin_ros_plugin.so" to ""
[26.507s] -- Installing: /home/uav/ros2_ws/install/uuv_gazebo_ros_plugins/lib/libuuv_thruster_ros_plugin.so
[26.508s] -- Set runtime path of "/home/uav/ros2_ws/install/uuv_gazebo_ros_plugins/lib/libuuv_thruster_ros_plugin.so" to ""
[26.509s] -- Installing: /home/uav/ros2_ws/install/uuv_gazebo_ros_plugins/lib/libuuv_underwater_object_ros_plugin.so
[26.510s] -- Set runtime path of "/home/uav/ros2_ws/install/uuv_gazebo_ros_plugins/lib/libuuv_underwater_object_ros_plugin.so" to ""
[26.510s] -- Installing: /home/uav/ros2_ws/install/uuv_gazebo_ros_plugins/lib/libuuv_joint_state_publisher.so
[26.511s] -- Set runtime path of "/home/uav/ros2_ws/install/uuv_gazebo_ros_plugins/lib/libuuv_joint_state_publisher.so" to ""
[26.511s] -- Installing: /home/uav/ros2_ws/install/uuv_gazebo_ros_plugins/lib/libuuv_accelerations_test_plugin.so
[26.512s] -- Set runtime path of "/home/uav/ros2_ws/install/uuv_gazebo_ros_plugins/lib/libuuv_accelerations_test_plugin.so" to ""
[26.513s] -- Installing: /home/uav/ros2_ws/install/uuv_gazebo_ros_plugins/lib/liblinear_battery_ros_plugin.so
[26.513s] -- Set runtime path of "/home/uav/ros2_ws/install/uuv_gazebo_ros_plugins/lib/liblinear_battery_ros_plugin.so" to ""
[26.514s] -- Installing: /home/uav/ros2_ws/install/uuv_gazebo_ros_plugins/lib/libcustom_battery_consumer_ros_plugin.so
[26.515s] -- Set runtime path of "/home/uav/ros2_ws/install/uuv_gazebo_ros_plugins/lib/libcustom_battery_consumer_ros_plugin.so" to ""
[26.515s] -- Up-to-date: /home/uav/ros2_ws/install/uuv_gazebo_ros_plugins/include/uuv_gazebo_ros_plugins
[26.516s] -- Up-to-date: /home/uav/ros2_ws/install/uuv_gazebo_ros_plugins/include/uuv_gazebo_ros_plugins/AccelerationsTestPlugin.h
[26.516s] -- Up-to-date: /home/uav/ros2_ws/install/uuv_gazebo_ros_plugins/include/uuv_gazebo_ros_plugins/LinearBatteryROSPlugin.h
[26.516s] -- Up-to-date: /home/uav/ros2_ws/install/uuv_gazebo_ros_plugins/include/uuv_gazebo_ros_plugins/ThrusterROSPlugin.h
[26.516s] -- Up-to-date: /home/uav/ros2_ws/install/uuv_gazebo_ros_plugins/include/uuv_gazebo_ros_plugins/JointStatePublisher.h
[26.516s] -- Up-to-date: /home/uav/ros2_ws/install/uuv_gazebo_ros_plugins/include/uuv_gazebo_ros_plugins/FinROSPlugin.h
[26.516s] -- Up-to-date: /home/uav/ros2_ws/install/uuv_gazebo_ros_plugins/include/uuv_gazebo_ros_plugins/UnderwaterObjectROSPlugin.h
[26.516s] -- Up-to-date: /home/uav/ros2_ws/install/uuv_gazebo_ros_plugins/include/uuv_gazebo_ros_plugins/CustomBatteryConsumerROSPlugin.h
[26.516s] -- Up-to-date: /home/uav/ros2_ws/install/uuv_gazebo_ros_plugins/share/uuv_gazebo_ros_plugins/urdf
[26.516s] -- Installing: /home/uav/ros2_ws/install/uuv_gazebo_ros_plugins/share/uuv_gazebo_ros_plugins/urdf/fin_snippets.xacro
[26.516s] -- Up-to-date: /home/uav/ros2_ws/install/uuv_gazebo_ros_plugins/share/uuv_gazebo_ros_plugins/urdf/battery_snippets.xacro
[26.516s] -- Up-to-date: /home/uav/ros2_ws/install/uuv_gazebo_ros_plugins/share/uuv_gazebo_ros_plugins/urdf/snippets.xacro
[26.517s] -- Up-to-date: /home/uav/ros2_ws/install/uuv_gazebo_ros_plugins/share/uuv_gazebo_ros_plugins/urdf/misc.xacro
[26.517s] -- Up-to-date: /home/uav/ros2_ws/install/uuv_gazebo_ros_plugins/share/uuv_gazebo_ros_plugins/urdf/thruster_snippets.xacro
[26.517s] -- Up-to-date: /home/uav/ros2_ws/install/uuv_gazebo_ros_plugins/share/ament_index/resource_index/package_run_dependencies/uuv_gazebo_ros_plugins
[26.517s] -- Up-to-date: /home/uav/ros2_ws/install/uuv_gazebo_ros_plugins/share/ament_index/resource_index/parent_prefix_path/uuv_gazebo_ros_plugins
[26.517s] -- Up-to-date: /home/uav/ros2_ws/install/uuv_gazebo_ros_plugins/share/uuv_gazebo_ros_plugins/environment/ament_prefix_path.sh
[26.517s] -- Up-to-date: /home/uav/ros2_ws/install/uuv_gazebo_ros_plugins/share/uuv_gazebo_ros_plugins/environment/ament_prefix_path.dsv
[26.517s] -- Up-to-date: /home/uav/ros2_ws/install/uuv_gazebo_ros_plugins/share/uuv_gazebo_ros_plugins/environment/path.sh
[26.517s] -- Up-to-date: /home/uav/ros2_ws/install/uuv_gazebo_ros_plugins/share/uuv_gazebo_ros_plugins/environment/path.dsv
[26.517s] -- Up-to-date: /home/uav/ros2_ws/install/uuv_gazebo_ros_plugins/share/uuv_gazebo_ros_plugins/local_setup.bash
[26.517s] -- Up-to-date: /home/uav/ros2_ws/install/uuv_gazebo_ros_plugins/share/uuv_gazebo_ros_plugins/local_setup.sh
[26.518s] -- Up-to-date: /home/uav/ros2_ws/install/uuv_gazebo_ros_plugins/share/uuv_gazebo_ros_plugins/local_setup.zsh
[26.518s] -- Up-to-date: /home/uav/ros2_ws/install/uuv_gazebo_ros_plugins/share/uuv_gazebo_ros_plugins/local_setup.dsv
[26.518s] -- Up-to-date: /home/uav/ros2_ws/install/uuv_gazebo_ros_plugins/share/uuv_gazebo_ros_plugins/package.dsv
[26.518s] -- Up-to-date: /home/uav/ros2_ws/install/uuv_gazebo_ros_plugins/share/ament_index/resource_index/packages/uuv_gazebo_ros_plugins
[26.519s] -- Up-to-date: /home/uav/ros2_ws/install/uuv_gazebo_ros_plugins/share/uuv_gazebo_ros_plugins/cmake/export_uuv_fin_ros_pluginExport.cmake
[26.519s] -- Up-to-date: /home/uav/ros2_ws/install/uuv_gazebo_ros_plugins/share/uuv_gazebo_ros_plugins/cmake/export_uuv_fin_ros_pluginExport-release.cmake
[26.519s] -- Up-to-date: /home/uav/ros2_ws/install/uuv_gazebo_ros_plugins/share/uuv_gazebo_ros_plugins/cmake/export_uuv_thruster_ros_pluginExport.cmake
[26.519s] -- Up-to-date: /home/uav/ros2_ws/install/uuv_gazebo_ros_plugins/share/uuv_gazebo_ros_plugins/cmake/export_uuv_thruster_ros_pluginExport-release.cmake
[26.520s] -- Up-to-date: /home/uav/ros2_ws/install/uuv_gazebo_ros_plugins/share/uuv_gazebo_ros_plugins/cmake/export_uuv_underwater_object_ros_pluginExport.cmake
[26.520s] -- Up-to-date: /home/uav/ros2_ws/install/uuv_gazebo_ros_plugins/share/uuv_gazebo_ros_plugins/cmake/export_uuv_underwater_object_ros_pluginExport-release.cmake
[26.520s] -- Up-to-date: /home/uav/ros2_ws/install/uuv_gazebo_ros_plugins/share/uuv_gazebo_ros_plugins/cmake/export_uuv_joint_state_publisherExport.cmake
[26.520s] -- Up-to-date: /home/uav/ros2_ws/install/uuv_gazebo_ros_plugins/share/uuv_gazebo_ros_plugins/cmake/export_uuv_joint_state_publisherExport-release.cmake
[26.520s] -- Up-to-date: /home/uav/ros2_ws/install/uuv_gazebo_ros_plugins/share/uuv_gazebo_ros_plugins/cmake/export_uuv_accelerations_test_pluginExport.cmake
[26.520s] -- Up-to-date: /home/uav/ros2_ws/install/uuv_gazebo_ros_plugins/share/uuv_gazebo_ros_plugins/cmake/export_uuv_accelerations_test_pluginExport-release.cmake
[26.521s] -- Up-to-date: /home/uav/ros2_ws/install/uuv_gazebo_ros_plugins/share/uuv_gazebo_ros_plugins/cmake/export_linear_battery_ros_pluginExport.cmake
[26.521s] -- Up-to-date: /home/uav/ros2_ws/install/uuv_gazebo_ros_plugins/share/uuv_gazebo_ros_plugins/cmake/export_linear_battery_ros_pluginExport-release.cmake
[26.521s] -- Up-to-date: /home/uav/ros2_ws/install/uuv_gazebo_ros_plugins/share/uuv_gazebo_ros_plugins/cmake/export_custom_battery_consumer_ros_pluginExport.cmake
[26.521s] -- Up-to-date: /home/uav/ros2_ws/install/uuv_gazebo_ros_plugins/share/uuv_gazebo_ros_plugins/cmake/export_custom_battery_consumer_ros_pluginExport-release.cmake
[26.521s] -- Up-to-date: /home/uav/ros2_ws/install/uuv_gazebo_ros_plugins/share/uuv_gazebo_ros_plugins/cmake/ament_cmake_export_targets-extras.cmake
[26.522s] -- Up-to-date: /home/uav/ros2_ws/install/uuv_gazebo_ros_plugins/share/uuv_gazebo_ros_plugins/cmake/ament_cmake_export_dependencies-extras.cmake
[26.522s] -- Up-to-date: /home/uav/ros2_ws/install/uuv_gazebo_ros_plugins/share/uuv_gazebo_ros_plugins/cmake/ament_cmake_export_include_directories-extras.cmake
[26.522s] -- Up-to-date: /home/uav/ros2_ws/install/uuv_gazebo_ros_plugins/share/uuv_gazebo_ros_plugins/cmake/ament_cmake_export_libraries-extras.cmake
[26.522s] -- Up-to-date: /home/uav/ros2_ws/install/uuv_gazebo_ros_plugins/share/uuv_gazebo_ros_plugins/cmake/uuv_gazebo_ros_pluginsConfig.cmake
[26.522s] -- Up-to-date: /home/uav/ros2_ws/install/uuv_gazebo_ros_plugins/share/uuv_gazebo_ros_plugins/cmake/uuv_gazebo_ros_pluginsConfig-version.cmake
[26.522s] -- Up-to-date: /home/uav/ros2_ws/install/uuv_gazebo_ros_plugins/share/uuv_gazebo_ros_plugins/package.xml
[26.523s] Invoked command in '/home/uav/ros2_ws/build/uuv_gazebo_ros_plugins' returned '0': CMAKE_PREFIX_PATH=/home/uav/ros2_ws/install/uuv_gazebo_ros_plugins_msgs:/home/uav/ros2_ws/install/uuv_gazebo_plugins:/home/uav/ros2_ws/install/plankton:/home/uav/ros2_ws/install/uuv_simulator:/home/uav/ros2_ws/install/uuv_world_ros_plugins:/home/uav/ros2_ws/install/uuv_tutorials:/home/uav/ros2_ws/install/uuv_tutorial_dp_controller:/home/uav/ros2_ws/install/uuv_tutorial_disturbances:/home/uav/ros2_ws/install/uuv_control_utils:/home/uav/ros2_ws/install/uuv_world_ros_plugins_msgs:/home/uav/ros2_ws/install/uuv_world_plugins:/home/uav/ros2_ws/install/uuv_tutorial_seabed_world:/home/uav/ros2_ws/install/uuv_trajectory_control:/home/uav/ros2_ws/install/uuv_teleop:/home/uav/ros2_ws/install/uuv_thruster_manager:/home/uav/ros2_ws/install/uuv_sensor_ros_plugins_msgs:/home/uav/ros2_ws/install/uuv_gazebo_worlds:/home/uav/ros2_ws/install/uuv_descriptions:/home/uav/ros2_ws/install/uuv_gazebo_ros_plugins:/home/uav/ros2_ws/install/uuv_gazebo:/home/uav/ros2_ws/install/uuv_control_msgs:/home/uav/ros2_ws/install/uuv_control_cascaded_pid:/home/uav/ros2_ws/install/uuv_auv_control_allocator:/home/uav/ros2_ws/install/uuv_assistants:/home/uav/ros2_ws/install/plankton_utils:/home/uav/ros2_ws/install/fish_hpurv_description:/home/uav/ros2_ws/install/fish_hpurv:/home/uav/ros2_ws/install/gazebo_ros2_control:/home/uav/ros2_ws/install/fish_dvl_plugin:/home/uav/ros2_ws/install/butler:/home/uav/hero/install/four_wheel_mobile_robot_navigation:/opt/ros/humble LD_LIBRARY_PATH=/home/uav/ros2_ws/install/uuv_gazebo_ros_plugins_msgs/lib:/home/uav/ros2_ws/install/uuv_gazebo_plugins/lib:/home/uav/ros2_ws/install/uuv_world_ros_plugins/lib:/home/uav/ros2_ws/install/uuv_world_ros_plugins_msgs/lib:/home/uav/ros2_ws/install/uuv_world_plugins/lib:/home/uav/ros2_ws/install/uuv_thruster_manager/lib:/home/uav/ros2_ws/install/uuv_sensor_ros_plugins_msgs/lib:/home/uav/ros2_ws/install/uuv_gazebo_ros_plugins/lib:/home/uav/ros2_ws/install/uuv_control_msgs/lib:/home/uav/ros2_ws/install/uuv_auv_control_allocator/lib:/home/uav/ros2_ws/install/gazebo_ros2_control/lib:/home/uav/ros2_ws/install/fish_dvl_plugin/lib:/usr/lib/x86_64-linux-gnu/gazebo-11/plugins:/opt/ros/humble/opt/rviz_ogre_vendor/lib:/opt/ros/humble/lib/x86_64-linux-gnu:/opt/ros/humble/lib:/usr/lib/x86_64-linux-gnu/gazebo-11/plugins /usr/bin/cmake --install /home/uav/ros2_ws/build/uuv_gazebo_ros_plugins
