[0.090s] DEBUG:colcon:Command line arguments: ['/usr/bin/colcon', 'build', '--packages-select', 'fish_hpurv']
[0.090s] DEBUG:colcon:Parsed command line arguments: Namespace(log_base=None, log_level=None, verb_name='build', build_base='build', install_base='install', merge_install=False, symlink_install=False, test_result_base=None, continue_on_error=False, executor='parallel', parallel_workers=20, event_handlers=None, ignore_user_meta=False, metas=['./colcon.meta'], base_paths=['.'], packages_ignore=None, packages_ignore_regex=None, paths=None, packages_up_to=None, packages_up_to_regex=None, packages_above=None, packages_above_and_dependencies=None, packages_above_depth=None, packages_select_by_dep=None, packages_skip_by_dep=None, packages_skip_up_to=None, packages_select_build_failed=False, packages_skip_build_finished=False, packages_select_test_failures=False, packages_skip_test_passed=False, packages_select=['fish_hpurv'], packages_skip=None, packages_select_regex=None, packages_skip_regex=None, packages_start=None, packages_end=None, allow_overriding=[], cmake_args=None, cmake_target=None, cmake_target_skip_unavailable=False, cmake_clean_cache=False, cmake_clean_first=False, cmake_force_configure=False, ament_cmake_args=None, catkin_cmake_args=None, catkin_skip_building_tests=False, verb_parser=<colcon_defaults.argument_parser.defaults.DefaultArgumentsDecorator object at 0x7fdc4e1bca90>, verb_extension=<colcon_core.verb.build.BuildVerb object at 0x7fdc4e187cd0>, main=<bound method BuildVerb.main of <colcon_core.verb.build.BuildVerb object at 0x7fdc4e187cd0>>)
[0.168s] Level 1:colcon.colcon_core.package_discovery:discover_packages(colcon_meta) check parameters
[0.168s] Level 1:colcon.colcon_core.package_discovery:discover_packages(recursive) check parameters
[0.168s] Level 1:colcon.colcon_core.package_discovery:discover_packages(ignore) check parameters
[0.168s] Level 1:colcon.colcon_core.package_discovery:discover_packages(path) check parameters
[0.168s] Level 1:colcon.colcon_core.package_discovery:discover_packages(colcon_meta) discover
[0.168s] Level 1:colcon.colcon_core.package_discovery:discover_packages(recursive) discover
[0.168s] INFO:colcon.colcon_core.package_discovery:Crawling recursively for packages in '/home/uav/ros2_ws'
[0.168s] Level 1:colcon.colcon_core.package_identification:_identify(.) by extensions ['ignore', 'ignore_ament_install']
[0.168s] Level 1:colcon.colcon_core.package_identification:_identify(.) by extension 'ignore'
[0.168s] Level 1:colcon.colcon_core.package_identification:_identify(.) by extension 'ignore_ament_install'
[0.168s] Level 1:colcon.colcon_core.package_identification:_identify(.) by extensions ['colcon_pkg']
[0.169s] Level 1:colcon.colcon_core.package_identification:_identify(.) by extension 'colcon_pkg'
[0.169s] Level 1:colcon.colcon_core.package_identification:_identify(.) by extensions ['colcon_meta']
[0.169s] Level 1:colcon.colcon_core.package_identification:_identify(.) by extension 'colcon_meta'
[0.169s] Level 1:colcon.colcon_core.package_identification:_identify(.) by extensions ['ros']
[0.169s] Level 1:colcon.colcon_core.package_identification:_identify(.) by extension 'ros'
[0.175s] Level 1:colcon.colcon_core.package_identification:_identify(.) by extensions ['cmake', 'python']
[0.175s] Level 1:colcon.colcon_core.package_identification:_identify(.) by extension 'cmake'
[0.175s] Level 1:colcon.colcon_core.package_identification:_identify(.) by extension 'python'
[0.175s] Level 1:colcon.colcon_core.package_identification:_identify(.) by extensions ['python_setup_py']
[0.175s] Level 1:colcon.colcon_core.package_identification:_identify(.) by extension 'python_setup_py'
[0.175s] Level 1:colcon.colcon_core.package_identification:_identify(build) by extensions ['ignore', 'ignore_ament_install']
[0.175s] Level 1:colcon.colcon_core.package_identification:_identify(build) by extension 'ignore'
[0.175s] Level 1:colcon.colcon_core.package_identification:_identify(build) ignored
[0.175s] Level 1:colcon.colcon_core.package_identification:_identify(install) by extensions ['ignore', 'ignore_ament_install']
[0.175s] Level 1:colcon.colcon_core.package_identification:_identify(install) by extension 'ignore'
[0.175s] Level 1:colcon.colcon_core.package_identification:_identify(install) ignored
[0.175s] Level 1:colcon.colcon_core.package_identification:_identify(log) by extensions ['ignore', 'ignore_ament_install']
[0.175s] Level 1:colcon.colcon_core.package_identification:_identify(log) by extension 'ignore'
[0.175s] Level 1:colcon.colcon_core.package_identification:_identify(log) ignored
[0.175s] Level 1:colcon.colcon_core.package_identification:_identify(src) by extensions ['ignore', 'ignore_ament_install']
[0.175s] Level 1:colcon.colcon_core.package_identification:_identify(src) by extension 'ignore'
[0.175s] Level 1:colcon.colcon_core.package_identification:_identify(src) by extension 'ignore_ament_install'
[0.175s] Level 1:colcon.colcon_core.package_identification:_identify(src) by extensions ['colcon_pkg']
[0.175s] Level 1:colcon.colcon_core.package_identification:_identify(src) by extension 'colcon_pkg'
[0.175s] Level 1:colcon.colcon_core.package_identification:_identify(src) by extensions ['colcon_meta']
[0.175s] Level 1:colcon.colcon_core.package_identification:_identify(src) by extension 'colcon_meta'
[0.175s] Level 1:colcon.colcon_core.package_identification:_identify(src) by extensions ['ros']
[0.175s] Level 1:colcon.colcon_core.package_identification:_identify(src) by extension 'ros'
[0.175s] Level 1:colcon.colcon_core.package_identification:_identify(src) by extensions ['cmake', 'python']
[0.175s] Level 1:colcon.colcon_core.package_identification:_identify(src) by extension 'cmake'
[0.175s] Level 1:colcon.colcon_core.package_identification:_identify(src) by extension 'python'
[0.175s] Level 1:colcon.colcon_core.package_identification:_identify(src) by extensions ['python_setup_py']
[0.176s] Level 1:colcon.colcon_core.package_identification:_identify(src) by extension 'python_setup_py'
[0.176s] Level 1:colcon.colcon_core.package_identification:_identify(src/Plankton) by extensions ['ignore', 'ignore_ament_install']
[0.176s] Level 1:colcon.colcon_core.package_identification:_identify(src/Plankton) by extension 'ignore'
[0.176s] Level 1:colcon.colcon_core.package_identification:_identify(src/Plankton) by extension 'ignore_ament_install'
[0.176s] Level 1:colcon.colcon_core.package_identification:_identify(src/Plankton) by extensions ['colcon_pkg']
[0.176s] Level 1:colcon.colcon_core.package_identification:_identify(src/Plankton) by extension 'colcon_pkg'
[0.176s] Level 1:colcon.colcon_core.package_identification:_identify(src/Plankton) by extensions ['colcon_meta']
[0.176s] Level 1:colcon.colcon_core.package_identification:_identify(src/Plankton) by extension 'colcon_meta'
[0.176s] Level 1:colcon.colcon_core.package_identification:_identify(src/Plankton) by extensions ['ros']
[0.176s] Level 1:colcon.colcon_core.package_identification:_identify(src/Plankton) by extension 'ros'
[0.176s] Level 1:colcon.colcon_core.package_identification:_identify(src/Plankton) by extensions ['cmake', 'python']
[0.176s] Level 1:colcon.colcon_core.package_identification:_identify(src/Plankton) by extension 'cmake'
[0.176s] Level 1:colcon.colcon_core.package_identification:_identify(src/Plankton) by extension 'python'
[0.176s] Level 1:colcon.colcon_core.package_identification:_identify(src/Plankton) by extensions ['python_setup_py']
[0.176s] Level 1:colcon.colcon_core.package_identification:_identify(src/Plankton) by extension 'python_setup_py'
[0.176s] Level 1:colcon.colcon_core.package_identification:_identify(src/Plankton/plankton) by extensions ['ignore', 'ignore_ament_install']
[0.176s] Level 1:colcon.colcon_core.package_identification:_identify(src/Plankton/plankton) by extension 'ignore'
[0.176s] Level 1:colcon.colcon_core.package_identification:_identify(src/Plankton/plankton) by extension 'ignore_ament_install'
[0.176s] Level 1:colcon.colcon_core.package_identification:_identify(src/Plankton/plankton) by extensions ['colcon_pkg']
[0.176s] Level 1:colcon.colcon_core.package_identification:_identify(src/Plankton/plankton) by extension 'colcon_pkg'
[0.176s] Level 1:colcon.colcon_core.package_identification:_identify(src/Plankton/plankton) by extensions ['colcon_meta']
[0.176s] Level 1:colcon.colcon_core.package_identification:_identify(src/Plankton/plankton) by extension 'colcon_meta'
[0.176s] Level 1:colcon.colcon_core.package_identification:_identify(src/Plankton/plankton) by extensions ['ros']
[0.176s] Level 1:colcon.colcon_core.package_identification:_identify(src/Plankton/plankton) by extension 'ros'
[0.177s] DEBUG:colcon.colcon_core.package_identification:Package 'src/Plankton/plankton' with type 'ros.ament_cmake' and name 'plankton'
[0.177s] Level 1:colcon.colcon_core.package_identification:_identify(src/Plankton/plankton_utils) by extensions ['ignore', 'ignore_ament_install']
[0.177s] Level 1:colcon.colcon_core.package_identification:_identify(src/Plankton/plankton_utils) by extension 'ignore'
[0.177s] Level 1:colcon.colcon_core.package_identification:_identify(src/Plankton/plankton_utils) by extension 'ignore_ament_install'
[0.177s] Level 1:colcon.colcon_core.package_identification:_identify(src/Plankton/plankton_utils) by extensions ['colcon_pkg']
[0.177s] Level 1:colcon.colcon_core.package_identification:_identify(src/Plankton/plankton_utils) by extension 'colcon_pkg'
[0.178s] Level 1:colcon.colcon_core.package_identification:_identify(src/Plankton/plankton_utils) by extensions ['colcon_meta']
[0.178s] Level 1:colcon.colcon_core.package_identification:_identify(src/Plankton/plankton_utils) by extension 'colcon_meta'
[0.178s] Level 1:colcon.colcon_core.package_identification:_identify(src/Plankton/plankton_utils) by extensions ['ros']
[0.178s] Level 1:colcon.colcon_core.package_identification:_identify(src/Plankton/plankton_utils) by extension 'ros'
[0.178s] DEBUG:colcon.colcon_core.package_identification:Package 'src/Plankton/plankton_utils' with type 'ros.ament_cmake' and name 'plankton_utils'
[0.178s] Level 1:colcon.colcon_core.package_identification:_identify(src/Plankton/tools) by extensions ['ignore', 'ignore_ament_install']
[0.178s] Level 1:colcon.colcon_core.package_identification:_identify(src/Plankton/tools) by extension 'ignore'
[0.178s] Level 1:colcon.colcon_core.package_identification:_identify(src/Plankton/tools) by extension 'ignore_ament_install'
[0.178s] Level 1:colcon.colcon_core.package_identification:_identify(src/Plankton/tools) by extensions ['colcon_pkg']
[0.178s] Level 1:colcon.colcon_core.package_identification:_identify(src/Plankton/tools) by extension 'colcon_pkg'
[0.178s] Level 1:colcon.colcon_core.package_identification:_identify(src/Plankton/tools) by extensions ['colcon_meta']
[0.178s] Level 1:colcon.colcon_core.package_identification:_identify(src/Plankton/tools) by extension 'colcon_meta'
[0.178s] Level 1:colcon.colcon_core.package_identification:_identify(src/Plankton/tools) by extensions ['ros']
[0.178s] Level 1:colcon.colcon_core.package_identification:_identify(src/Plankton/tools) by extension 'ros'
[0.178s] Level 1:colcon.colcon_core.package_identification:_identify(src/Plankton/tools) by extensions ['cmake', 'python']
[0.178s] Level 1:colcon.colcon_core.package_identification:_identify(src/Plankton/tools) by extension 'cmake'
[0.178s] Level 1:colcon.colcon_core.package_identification:_identify(src/Plankton/tools) by extension 'python'
[0.178s] Level 1:colcon.colcon_core.package_identification:_identify(src/Plankton/tools) by extensions ['python_setup_py']
[0.178s] Level 1:colcon.colcon_core.package_identification:_identify(src/Plankton/tools) by extension 'python_setup_py'
[0.178s] Level 1:colcon.colcon_core.package_identification:_identify(src/Plankton/user_needs) by extensions ['ignore', 'ignore_ament_install']
[0.178s] Level 1:colcon.colcon_core.package_identification:_identify(src/Plankton/user_needs) by extension 'ignore'
[0.178s] Level 1:colcon.colcon_core.package_identification:_identify(src/Plankton/user_needs) by extension 'ignore_ament_install'
[0.178s] Level 1:colcon.colcon_core.package_identification:_identify(src/Plankton/user_needs) by extensions ['colcon_pkg']
[0.178s] Level 1:colcon.colcon_core.package_identification:_identify(src/Plankton/user_needs) by extension 'colcon_pkg'
[0.178s] Level 1:colcon.colcon_core.package_identification:_identify(src/Plankton/user_needs) by extensions ['colcon_meta']
[0.178s] Level 1:colcon.colcon_core.package_identification:_identify(src/Plankton/user_needs) by extension 'colcon_meta'
[0.178s] Level 1:colcon.colcon_core.package_identification:_identify(src/Plankton/user_needs) by extensions ['ros']
[0.178s] Level 1:colcon.colcon_core.package_identification:_identify(src/Plankton/user_needs) by extension 'ros'
[0.178s] Level 1:colcon.colcon_core.package_identification:_identify(src/Plankton/user_needs) by extensions ['cmake', 'python']
[0.178s] Level 1:colcon.colcon_core.package_identification:_identify(src/Plankton/user_needs) by extension 'cmake'
[0.178s] Level 1:colcon.colcon_core.package_identification:_identify(src/Plankton/user_needs) by extension 'python'
[0.178s] Level 1:colcon.colcon_core.package_identification:_identify(src/Plankton/user_needs) by extensions ['python_setup_py']
[0.178s] Level 1:colcon.colcon_core.package_identification:_identify(src/Plankton/user_needs) by extension 'python_setup_py'
[0.179s] Level 1:colcon.colcon_core.package_identification:_identify(src/Plankton/uuv_assistants) by extensions ['ignore', 'ignore_ament_install']
[0.179s] Level 1:colcon.colcon_core.package_identification:_identify(src/Plankton/uuv_assistants) by extension 'ignore'
[0.179s] Level 1:colcon.colcon_core.package_identification:_identify(src/Plankton/uuv_assistants) by extension 'ignore_ament_install'
[0.179s] Level 1:colcon.colcon_core.package_identification:_identify(src/Plankton/uuv_assistants) by extensions ['colcon_pkg']
[0.179s] Level 1:colcon.colcon_core.package_identification:_identify(src/Plankton/uuv_assistants) by extension 'colcon_pkg'
[0.179s] Level 1:colcon.colcon_core.package_identification:_identify(src/Plankton/uuv_assistants) by extensions ['colcon_meta']
[0.179s] Level 1:colcon.colcon_core.package_identification:_identify(src/Plankton/uuv_assistants) by extension 'colcon_meta'
[0.179s] Level 1:colcon.colcon_core.package_identification:_identify(src/Plankton/uuv_assistants) by extensions ['ros']
[0.179s] Level 1:colcon.colcon_core.package_identification:_identify(src/Plankton/uuv_assistants) by extension 'ros'
[0.179s] DEBUG:colcon.colcon_core.package_identification:Package 'src/Plankton/uuv_assistants' with type 'ros.ament_cmake' and name 'uuv_assistants'
[0.179s] Level 1:colcon.colcon_core.package_identification:_identify(src/Plankton/uuv_control) by extensions ['ignore', 'ignore_ament_install']
[0.179s] Level 1:colcon.colcon_core.package_identification:_identify(src/Plankton/uuv_control) by extension 'ignore'
[0.179s] Level 1:colcon.colcon_core.package_identification:_identify(src/Plankton/uuv_control) by extension 'ignore_ament_install'
[0.179s] Level 1:colcon.colcon_core.package_identification:_identify(src/Plankton/uuv_control) by extensions ['colcon_pkg']
[0.179s] Level 1:colcon.colcon_core.package_identification:_identify(src/Plankton/uuv_control) by extension 'colcon_pkg'
[0.179s] Level 1:colcon.colcon_core.package_identification:_identify(src/Plankton/uuv_control) by extensions ['colcon_meta']
[0.179s] Level 1:colcon.colcon_core.package_identification:_identify(src/Plankton/uuv_control) by extension 'colcon_meta'
[0.179s] Level 1:colcon.colcon_core.package_identification:_identify(src/Plankton/uuv_control) by extensions ['ros']
[0.179s] Level 1:colcon.colcon_core.package_identification:_identify(src/Plankton/uuv_control) by extension 'ros'
[0.179s] Level 1:colcon.colcon_core.package_identification:_identify(src/Plankton/uuv_control) by extensions ['cmake', 'python']
[0.180s] Level 1:colcon.colcon_core.package_identification:_identify(src/Plankton/uuv_control) by extension 'cmake'
[0.180s] Level 1:colcon.colcon_core.package_identification:_identify(src/Plankton/uuv_control) by extension 'python'
[0.180s] Level 1:colcon.colcon_core.package_identification:_identify(src/Plankton/uuv_control) by extensions ['python_setup_py']
[0.180s] Level 1:colcon.colcon_core.package_identification:_identify(src/Plankton/uuv_control) by extension 'python_setup_py'
[0.180s] Level 1:colcon.colcon_core.package_identification:_identify(src/Plankton/uuv_control/uuv_auv_control_allocator) by extensions ['ignore', 'ignore_ament_install']
[0.180s] Level 1:colcon.colcon_core.package_identification:_identify(src/Plankton/uuv_control/uuv_auv_control_allocator) by extension 'ignore'
[0.180s] Level 1:colcon.colcon_core.package_identification:_identify(src/Plankton/uuv_control/uuv_auv_control_allocator) by extension 'ignore_ament_install'
[0.180s] Level 1:colcon.colcon_core.package_identification:_identify(src/Plankton/uuv_control/uuv_auv_control_allocator) by extensions ['colcon_pkg']
[0.180s] Level 1:colcon.colcon_core.package_identification:_identify(src/Plankton/uuv_control/uuv_auv_control_allocator) by extension 'colcon_pkg'
[0.180s] Level 1:colcon.colcon_core.package_identification:_identify(src/Plankton/uuv_control/uuv_auv_control_allocator) by extensions ['colcon_meta']
[0.180s] Level 1:colcon.colcon_core.package_identification:_identify(src/Plankton/uuv_control/uuv_auv_control_allocator) by extension 'colcon_meta'
[0.180s] Level 1:colcon.colcon_core.package_identification:_identify(src/Plankton/uuv_control/uuv_auv_control_allocator) by extensions ['ros']
[0.180s] Level 1:colcon.colcon_core.package_identification:_identify(src/Plankton/uuv_control/uuv_auv_control_allocator) by extension 'ros'
[0.180s] DEBUG:colcon.colcon_core.package_identification:Package 'src/Plankton/uuv_control/uuv_auv_control_allocator' with type 'ros.ament_cmake' and name 'uuv_auv_control_allocator'
[0.180s] Level 1:colcon.colcon_core.package_identification:_identify(src/Plankton/uuv_control/uuv_control_cascaded_pids) by extensions ['ignore', 'ignore_ament_install']
[0.180s] Level 1:colcon.colcon_core.package_identification:_identify(src/Plankton/uuv_control/uuv_control_cascaded_pids) by extension 'ignore'
[0.180s] Level 1:colcon.colcon_core.package_identification:_identify(src/Plankton/uuv_control/uuv_control_cascaded_pids) by extension 'ignore_ament_install'
[0.180s] Level 1:colcon.colcon_core.package_identification:_identify(src/Plankton/uuv_control/uuv_control_cascaded_pids) by extensions ['colcon_pkg']
[0.180s] Level 1:colcon.colcon_core.package_identification:_identify(src/Plankton/uuv_control/uuv_control_cascaded_pids) by extension 'colcon_pkg'
[0.180s] Level 1:colcon.colcon_core.package_identification:_identify(src/Plankton/uuv_control/uuv_control_cascaded_pids) by extensions ['colcon_meta']
[0.180s] Level 1:colcon.colcon_core.package_identification:_identify(src/Plankton/uuv_control/uuv_control_cascaded_pids) by extension 'colcon_meta'
[0.180s] Level 1:colcon.colcon_core.package_identification:_identify(src/Plankton/uuv_control/uuv_control_cascaded_pids) by extensions ['ros']
[0.180s] Level 1:colcon.colcon_core.package_identification:_identify(src/Plankton/uuv_control/uuv_control_cascaded_pids) by extension 'ros'
[0.181s] DEBUG:colcon.colcon_core.package_identification:Package 'src/Plankton/uuv_control/uuv_control_cascaded_pids' with type 'ros.ament_cmake' and name 'uuv_control_cascaded_pid'
[0.181s] Level 1:colcon.colcon_core.package_identification:_identify(src/Plankton/uuv_control/uuv_control_msgs) by extensions ['ignore', 'ignore_ament_install']
[0.181s] Level 1:colcon.colcon_core.package_identification:_identify(src/Plankton/uuv_control/uuv_control_msgs) by extension 'ignore'
[0.181s] Level 1:colcon.colcon_core.package_identification:_identify(src/Plankton/uuv_control/uuv_control_msgs) by extension 'ignore_ament_install'
[0.181s] Level 1:colcon.colcon_core.package_identification:_identify(src/Plankton/uuv_control/uuv_control_msgs) by extensions ['colcon_pkg']
[0.181s] Level 1:colcon.colcon_core.package_identification:_identify(src/Plankton/uuv_control/uuv_control_msgs) by extension 'colcon_pkg'
[0.181s] Level 1:colcon.colcon_core.package_identification:_identify(src/Plankton/uuv_control/uuv_control_msgs) by extensions ['colcon_meta']
[0.181s] Level 1:colcon.colcon_core.package_identification:_identify(src/Plankton/uuv_control/uuv_control_msgs) by extension 'colcon_meta'
[0.181s] Level 1:colcon.colcon_core.package_identification:_identify(src/Plankton/uuv_control/uuv_control_msgs) by extensions ['ros']
[0.181s] Level 1:colcon.colcon_core.package_identification:_identify(src/Plankton/uuv_control/uuv_control_msgs) by extension 'ros'
[0.181s] DEBUG:colcon.colcon_core.package_identification:Package 'src/Plankton/uuv_control/uuv_control_msgs' with type 'ros.ament_cmake' and name 'uuv_control_msgs'
[0.181s] Level 1:colcon.colcon_core.package_identification:_identify(src/Plankton/uuv_control/uuv_control_utils) by extensions ['ignore', 'ignore_ament_install']
[0.181s] Level 1:colcon.colcon_core.package_identification:_identify(src/Plankton/uuv_control/uuv_control_utils) by extension 'ignore'
[0.181s] Level 1:colcon.colcon_core.package_identification:_identify(src/Plankton/uuv_control/uuv_control_utils) by extension 'ignore_ament_install'
[0.181s] Level 1:colcon.colcon_core.package_identification:_identify(src/Plankton/uuv_control/uuv_control_utils) by extensions ['colcon_pkg']
[0.181s] Level 1:colcon.colcon_core.package_identification:_identify(src/Plankton/uuv_control/uuv_control_utils) by extension 'colcon_pkg'
[0.182s] Level 1:colcon.colcon_core.package_identification:_identify(src/Plankton/uuv_control/uuv_control_utils) by extensions ['colcon_meta']
[0.182s] Level 1:colcon.colcon_core.package_identification:_identify(src/Plankton/uuv_control/uuv_control_utils) by extension 'colcon_meta'
[0.182s] Level 1:colcon.colcon_core.package_identification:_identify(src/Plankton/uuv_control/uuv_control_utils) by extensions ['ros']
[0.182s] Level 1:colcon.colcon_core.package_identification:_identify(src/Plankton/uuv_control/uuv_control_utils) by extension 'ros'
[0.182s] DEBUG:colcon.colcon_core.package_identification:Package 'src/Plankton/uuv_control/uuv_control_utils' with type 'ros.ament_cmake' and name 'uuv_control_utils'
[0.182s] Level 1:colcon.colcon_core.package_identification:_identify(src/Plankton/uuv_control/uuv_thruster_manager) by extensions ['ignore', 'ignore_ament_install']
[0.182s] Level 1:colcon.colcon_core.package_identification:_identify(src/Plankton/uuv_control/uuv_thruster_manager) by extension 'ignore'
[0.182s] Level 1:colcon.colcon_core.package_identification:_identify(src/Plankton/uuv_control/uuv_thruster_manager) by extension 'ignore_ament_install'
[0.182s] Level 1:colcon.colcon_core.package_identification:_identify(src/Plankton/uuv_control/uuv_thruster_manager) by extensions ['colcon_pkg']
[0.182s] Level 1:colcon.colcon_core.package_identification:_identify(src/Plankton/uuv_control/uuv_thruster_manager) by extension 'colcon_pkg'
[0.182s] Level 1:colcon.colcon_core.package_identification:_identify(src/Plankton/uuv_control/uuv_thruster_manager) by extensions ['colcon_meta']
[0.182s] Level 1:colcon.colcon_core.package_identification:_identify(src/Plankton/uuv_control/uuv_thruster_manager) by extension 'colcon_meta'
[0.182s] Level 1:colcon.colcon_core.package_identification:_identify(src/Plankton/uuv_control/uuv_thruster_manager) by extensions ['ros']
[0.182s] Level 1:colcon.colcon_core.package_identification:_identify(src/Plankton/uuv_control/uuv_thruster_manager) by extension 'ros'
[0.183s] DEBUG:colcon.colcon_core.package_identification:Package 'src/Plankton/uuv_control/uuv_thruster_manager' with type 'ros.ament_cmake' and name 'uuv_thruster_manager'
[0.183s] Level 1:colcon.colcon_core.package_identification:_identify(src/Plankton/uuv_control/uuv_trajectory_control) by extensions ['ignore', 'ignore_ament_install']
[0.183s] Level 1:colcon.colcon_core.package_identification:_identify(src/Plankton/uuv_control/uuv_trajectory_control) by extension 'ignore'
[0.183s] Level 1:colcon.colcon_core.package_identification:_identify(src/Plankton/uuv_control/uuv_trajectory_control) by extension 'ignore_ament_install'
[0.183s] Level 1:colcon.colcon_core.package_identification:_identify(src/Plankton/uuv_control/uuv_trajectory_control) by extensions ['colcon_pkg']
[0.183s] Level 1:colcon.colcon_core.package_identification:_identify(src/Plankton/uuv_control/uuv_trajectory_control) by extension 'colcon_pkg'
[0.183s] Level 1:colcon.colcon_core.package_identification:_identify(src/Plankton/uuv_control/uuv_trajectory_control) by extensions ['colcon_meta']
[0.183s] Level 1:colcon.colcon_core.package_identification:_identify(src/Plankton/uuv_control/uuv_trajectory_control) by extension 'colcon_meta'
[0.183s] Level 1:colcon.colcon_core.package_identification:_identify(src/Plankton/uuv_control/uuv_trajectory_control) by extensions ['ros']
[0.183s] Level 1:colcon.colcon_core.package_identification:_identify(src/Plankton/uuv_control/uuv_trajectory_control) by extension 'ros'
[0.183s] DEBUG:colcon.colcon_core.package_identification:Package 'src/Plankton/uuv_control/uuv_trajectory_control' with type 'ros.ament_cmake' and name 'uuv_trajectory_control'
[0.183s] Level 1:colcon.colcon_core.package_identification:_identify(src/Plankton/uuv_descriptions) by extensions ['ignore', 'ignore_ament_install']
[0.183s] Level 1:colcon.colcon_core.package_identification:_identify(src/Plankton/uuv_descriptions) by extension 'ignore'
[0.183s] Level 1:colcon.colcon_core.package_identification:_identify(src/Plankton/uuv_descriptions) by extension 'ignore_ament_install'
[0.183s] Level 1:colcon.colcon_core.package_identification:_identify(src/Plankton/uuv_descriptions) by extensions ['colcon_pkg']
[0.183s] Level 1:colcon.colcon_core.package_identification:_identify(src/Plankton/uuv_descriptions) by extension 'colcon_pkg'
[0.183s] Level 1:colcon.colcon_core.package_identification:_identify(src/Plankton/uuv_descriptions) by extensions ['colcon_meta']
[0.183s] Level 1:colcon.colcon_core.package_identification:_identify(src/Plankton/uuv_descriptions) by extension 'colcon_meta'
[0.183s] Level 1:colcon.colcon_core.package_identification:_identify(src/Plankton/uuv_descriptions) by extensions ['ros']
[0.183s] Level 1:colcon.colcon_core.package_identification:_identify(src/Plankton/uuv_descriptions) by extension 'ros'
[0.184s] DEBUG:colcon.colcon_core.package_identification:Package 'src/Plankton/uuv_descriptions' with type 'ros.ament_cmake' and name 'uuv_descriptions'
[0.184s] Level 1:colcon.colcon_core.package_identification:_identify(src/Plankton/uuv_gazebo) by extensions ['ignore', 'ignore_ament_install']
[0.184s] Level 1:colcon.colcon_core.package_identification:_identify(src/Plankton/uuv_gazebo) by extension 'ignore'
[0.184s] Level 1:colcon.colcon_core.package_identification:_identify(src/Plankton/uuv_gazebo) by extension 'ignore_ament_install'
[0.184s] Level 1:colcon.colcon_core.package_identification:_identify(src/Plankton/uuv_gazebo) by extensions ['colcon_pkg']
[0.184s] Level 1:colcon.colcon_core.package_identification:_identify(src/Plankton/uuv_gazebo) by extension 'colcon_pkg'
[0.184s] Level 1:colcon.colcon_core.package_identification:_identify(src/Plankton/uuv_gazebo) by extensions ['colcon_meta']
[0.184s] Level 1:colcon.colcon_core.package_identification:_identify(src/Plankton/uuv_gazebo) by extension 'colcon_meta'
[0.184s] Level 1:colcon.colcon_core.package_identification:_identify(src/Plankton/uuv_gazebo) by extensions ['ros']
[0.184s] Level 1:colcon.colcon_core.package_identification:_identify(src/Plankton/uuv_gazebo) by extension 'ros'
[0.184s] DEBUG:colcon.colcon_core.package_identification:Package 'src/Plankton/uuv_gazebo' with type 'ros.ament_cmake' and name 'uuv_gazebo'
[0.184s] Level 1:colcon.colcon_core.package_identification:_identify(src/Plankton/uuv_gazebo_plugins) by extensions ['ignore', 'ignore_ament_install']
[0.184s] Level 1:colcon.colcon_core.package_identification:_identify(src/Plankton/uuv_gazebo_plugins) by extension 'ignore'
[0.184s] Level 1:colcon.colcon_core.package_identification:_identify(src/Plankton/uuv_gazebo_plugins) by extension 'ignore_ament_install'
[0.184s] Level 1:colcon.colcon_core.package_identification:_identify(src/Plankton/uuv_gazebo_plugins) by extensions ['colcon_pkg']
[0.184s] Level 1:colcon.colcon_core.package_identification:_identify(src/Plankton/uuv_gazebo_plugins) by extension 'colcon_pkg'
[0.184s] Level 1:colcon.colcon_core.package_identification:_identify(src/Plankton/uuv_gazebo_plugins) by extensions ['colcon_meta']
[0.184s] Level 1:colcon.colcon_core.package_identification:_identify(src/Plankton/uuv_gazebo_plugins) by extension 'colcon_meta'
[0.184s] Level 1:colcon.colcon_core.package_identification:_identify(src/Plankton/uuv_gazebo_plugins) by extensions ['ros']
[0.184s] Level 1:colcon.colcon_core.package_identification:_identify(src/Plankton/uuv_gazebo_plugins) by extension 'ros'
[0.184s] Level 1:colcon.colcon_core.package_identification:_identify(src/Plankton/uuv_gazebo_plugins) by extensions ['cmake', 'python']
[0.184s] Level 1:colcon.colcon_core.package_identification:_identify(src/Plankton/uuv_gazebo_plugins) by extension 'cmake'
[0.184s] Level 1:colcon.colcon_core.package_identification:_identify(src/Plankton/uuv_gazebo_plugins) by extension 'python'
[0.184s] Level 1:colcon.colcon_core.package_identification:_identify(src/Plankton/uuv_gazebo_plugins) by extensions ['python_setup_py']
[0.184s] Level 1:colcon.colcon_core.package_identification:_identify(src/Plankton/uuv_gazebo_plugins) by extension 'python_setup_py'
[0.185s] Level 1:colcon.colcon_core.package_identification:_identify(src/Plankton/uuv_gazebo_plugins/uuv_gazebo_plugins) by extensions ['ignore', 'ignore_ament_install']
[0.185s] Level 1:colcon.colcon_core.package_identification:_identify(src/Plankton/uuv_gazebo_plugins/uuv_gazebo_plugins) by extension 'ignore'
[0.185s] Level 1:colcon.colcon_core.package_identification:_identify(src/Plankton/uuv_gazebo_plugins/uuv_gazebo_plugins) by extension 'ignore_ament_install'
[0.185s] Level 1:colcon.colcon_core.package_identification:_identify(src/Plankton/uuv_gazebo_plugins/uuv_gazebo_plugins) by extensions ['colcon_pkg']
[0.185s] Level 1:colcon.colcon_core.package_identification:_identify(src/Plankton/uuv_gazebo_plugins/uuv_gazebo_plugins) by extension 'colcon_pkg'
[0.185s] Level 1:colcon.colcon_core.package_identification:_identify(src/Plankton/uuv_gazebo_plugins/uuv_gazebo_plugins) by extensions ['colcon_meta']
[0.185s] Level 1:colcon.colcon_core.package_identification:_identify(src/Plankton/uuv_gazebo_plugins/uuv_gazebo_plugins) by extension 'colcon_meta'
[0.185s] Level 1:colcon.colcon_core.package_identification:_identify(src/Plankton/uuv_gazebo_plugins/uuv_gazebo_plugins) by extensions ['ros']
[0.185s] Level 1:colcon.colcon_core.package_identification:_identify(src/Plankton/uuv_gazebo_plugins/uuv_gazebo_plugins) by extension 'ros'
[0.185s] DEBUG:colcon.colcon_core.package_identification:Package 'src/Plankton/uuv_gazebo_plugins/uuv_gazebo_plugins' with type 'ros.ament_cmake' and name 'uuv_gazebo_plugins'
[0.185s] Level 1:colcon.colcon_core.package_identification:_identify(src/Plankton/uuv_gazebo_plugins/uuv_gazebo_ros_plugins) by extensions ['ignore', 'ignore_ament_install']
[0.185s] Level 1:colcon.colcon_core.package_identification:_identify(src/Plankton/uuv_gazebo_plugins/uuv_gazebo_ros_plugins) by extension 'ignore'
[0.185s] Level 1:colcon.colcon_core.package_identification:_identify(src/Plankton/uuv_gazebo_plugins/uuv_gazebo_ros_plugins) by extension 'ignore_ament_install'
[0.185s] Level 1:colcon.colcon_core.package_identification:_identify(src/Plankton/uuv_gazebo_plugins/uuv_gazebo_ros_plugins) by extensions ['colcon_pkg']
[0.185s] Level 1:colcon.colcon_core.package_identification:_identify(src/Plankton/uuv_gazebo_plugins/uuv_gazebo_ros_plugins) by extension 'colcon_pkg'
[0.185s] Level 1:colcon.colcon_core.package_identification:_identify(src/Plankton/uuv_gazebo_plugins/uuv_gazebo_ros_plugins) by extensions ['colcon_meta']
[0.185s] Level 1:colcon.colcon_core.package_identification:_identify(src/Plankton/uuv_gazebo_plugins/uuv_gazebo_ros_plugins) by extension 'colcon_meta'
[0.185s] Level 1:colcon.colcon_core.package_identification:_identify(src/Plankton/uuv_gazebo_plugins/uuv_gazebo_ros_plugins) by extensions ['ros']
[0.185s] Level 1:colcon.colcon_core.package_identification:_identify(src/Plankton/uuv_gazebo_plugins/uuv_gazebo_ros_plugins) by extension 'ros'
[0.186s] DEBUG:colcon.colcon_core.package_identification:Package 'src/Plankton/uuv_gazebo_plugins/uuv_gazebo_ros_plugins' with type 'ros.ament_cmake' and name 'uuv_gazebo_ros_plugins'
[0.186s] Level 1:colcon.colcon_core.package_identification:_identify(src/Plankton/uuv_gazebo_plugins/uuv_gazebo_ros_plugins_msgs) by extensions ['ignore', 'ignore_ament_install']
[0.186s] Level 1:colcon.colcon_core.package_identification:_identify(src/Plankton/uuv_gazebo_plugins/uuv_gazebo_ros_plugins_msgs) by extension 'ignore'
[0.186s] Level 1:colcon.colcon_core.package_identification:_identify(src/Plankton/uuv_gazebo_plugins/uuv_gazebo_ros_plugins_msgs) by extension 'ignore_ament_install'
[0.186s] Level 1:colcon.colcon_core.package_identification:_identify(src/Plankton/uuv_gazebo_plugins/uuv_gazebo_ros_plugins_msgs) by extensions ['colcon_pkg']
[0.186s] Level 1:colcon.colcon_core.package_identification:_identify(src/Plankton/uuv_gazebo_plugins/uuv_gazebo_ros_plugins_msgs) by extension 'colcon_pkg'
[0.186s] Level 1:colcon.colcon_core.package_identification:_identify(src/Plankton/uuv_gazebo_plugins/uuv_gazebo_ros_plugins_msgs) by extensions ['colcon_meta']
[0.186s] Level 1:colcon.colcon_core.package_identification:_identify(src/Plankton/uuv_gazebo_plugins/uuv_gazebo_ros_plugins_msgs) by extension 'colcon_meta'
[0.186s] Level 1:colcon.colcon_core.package_identification:_identify(src/Plankton/uuv_gazebo_plugins/uuv_gazebo_ros_plugins_msgs) by extensions ['ros']
[0.186s] Level 1:colcon.colcon_core.package_identification:_identify(src/Plankton/uuv_gazebo_plugins/uuv_gazebo_ros_plugins_msgs) by extension 'ros'
[0.187s] DEBUG:colcon.colcon_core.package_identification:Package 'src/Plankton/uuv_gazebo_plugins/uuv_gazebo_ros_plugins_msgs' with type 'ros.ament_cmake' and name 'uuv_gazebo_ros_plugins_msgs'
[0.187s] Level 1:colcon.colcon_core.package_identification:_identify(src/Plankton/uuv_gazebo_worlds) by extensions ['ignore', 'ignore_ament_install']
[0.187s] Level 1:colcon.colcon_core.package_identification:_identify(src/Plankton/uuv_gazebo_worlds) by extension 'ignore'
[0.187s] Level 1:colcon.colcon_core.package_identification:_identify(src/Plankton/uuv_gazebo_worlds) by extension 'ignore_ament_install'
[0.187s] Level 1:colcon.colcon_core.package_identification:_identify(src/Plankton/uuv_gazebo_worlds) by extensions ['colcon_pkg']
[0.187s] Level 1:colcon.colcon_core.package_identification:_identify(src/Plankton/uuv_gazebo_worlds) by extension 'colcon_pkg'
[0.187s] Level 1:colcon.colcon_core.package_identification:_identify(src/Plankton/uuv_gazebo_worlds) by extensions ['colcon_meta']
[0.187s] Level 1:colcon.colcon_core.package_identification:_identify(src/Plankton/uuv_gazebo_worlds) by extension 'colcon_meta'
[0.187s] Level 1:colcon.colcon_core.package_identification:_identify(src/Plankton/uuv_gazebo_worlds) by extensions ['ros']
[0.187s] Level 1:colcon.colcon_core.package_identification:_identify(src/Plankton/uuv_gazebo_worlds) by extension 'ros'
[0.187s] DEBUG:colcon.colcon_core.package_identification:Package 'src/Plankton/uuv_gazebo_worlds' with type 'ros.ament_cmake' and name 'uuv_gazebo_worlds'
[0.187s] Level 1:colcon.colcon_core.package_identification:_identify(src/Plankton/uuv_sensor_plugins) by extensions ['ignore', 'ignore_ament_install']
[0.187s] Level 1:colcon.colcon_core.package_identification:_identify(src/Plankton/uuv_sensor_plugins) by extension 'ignore'
[0.187s] Level 1:colcon.colcon_core.package_identification:_identify(src/Plankton/uuv_sensor_plugins) by extension 'ignore_ament_install'
[0.187s] Level 1:colcon.colcon_core.package_identification:_identify(src/Plankton/uuv_sensor_plugins) by extensions ['colcon_pkg']
[0.187s] Level 1:colcon.colcon_core.package_identification:_identify(src/Plankton/uuv_sensor_plugins) by extension 'colcon_pkg'
[0.187s] Level 1:colcon.colcon_core.package_identification:_identify(src/Plankton/uuv_sensor_plugins) by extensions ['colcon_meta']
[0.187s] Level 1:colcon.colcon_core.package_identification:_identify(src/Plankton/uuv_sensor_plugins) by extension 'colcon_meta'
[0.187s] Level 1:colcon.colcon_core.package_identification:_identify(src/Plankton/uuv_sensor_plugins) by extensions ['ros']
[0.187s] Level 1:colcon.colcon_core.package_identification:_identify(src/Plankton/uuv_sensor_plugins) by extension 'ros'
[0.187s] Level 1:colcon.colcon_core.package_identification:_identify(src/Plankton/uuv_sensor_plugins) by extensions ['cmake', 'python']
[0.187s] Level 1:colcon.colcon_core.package_identification:_identify(src/Plankton/uuv_sensor_plugins) by extension 'cmake'
[0.187s] Level 1:colcon.colcon_core.package_identification:_identify(src/Plankton/uuv_sensor_plugins) by extension 'python'
[0.187s] Level 1:colcon.colcon_core.package_identification:_identify(src/Plankton/uuv_sensor_plugins) by extensions ['python_setup_py']
[0.187s] Level 1:colcon.colcon_core.package_identification:_identify(src/Plankton/uuv_sensor_plugins) by extension 'python_setup_py'
[0.187s] Level 1:colcon.colcon_core.package_identification:_identify(src/Plankton/uuv_sensor_plugins/uuv_sensor_ros_plugins) by extensions ['ignore', 'ignore_ament_install']
[0.187s] Level 1:colcon.colcon_core.package_identification:_identify(src/Plankton/uuv_sensor_plugins/uuv_sensor_ros_plugins) by extension 'ignore'
[0.188s] Level 1:colcon.colcon_core.package_identification:_identify(src/Plankton/uuv_sensor_plugins/uuv_sensor_ros_plugins) by extension 'ignore_ament_install'
[0.188s] Level 1:colcon.colcon_core.package_identification:_identify(src/Plankton/uuv_sensor_plugins/uuv_sensor_ros_plugins) by extensions ['colcon_pkg']
[0.188s] Level 1:colcon.colcon_core.package_identification:_identify(src/Plankton/uuv_sensor_plugins/uuv_sensor_ros_plugins) by extension 'colcon_pkg'
[0.188s] Level 1:colcon.colcon_core.package_identification:_identify(src/Plankton/uuv_sensor_plugins/uuv_sensor_ros_plugins) by extensions ['colcon_meta']
[0.188s] Level 1:colcon.colcon_core.package_identification:_identify(src/Plankton/uuv_sensor_plugins/uuv_sensor_ros_plugins) by extension 'colcon_meta'
[0.188s] Level 1:colcon.colcon_core.package_identification:_identify(src/Plankton/uuv_sensor_plugins/uuv_sensor_ros_plugins) by extensions ['ros']
[0.188s] Level 1:colcon.colcon_core.package_identification:_identify(src/Plankton/uuv_sensor_plugins/uuv_sensor_ros_plugins) by extension 'ros'
[0.188s] DEBUG:colcon.colcon_core.package_identification:Package 'src/Plankton/uuv_sensor_plugins/uuv_sensor_ros_plugins' with type 'ros.ament_cmake' and name 'uuv_sensor_ros_plugins'
[0.188s] Level 1:colcon.colcon_core.package_identification:_identify(src/Plankton/uuv_sensor_plugins/uuv_sensor_ros_plugins_msgs) by extensions ['ignore', 'ignore_ament_install']
[0.188s] Level 1:colcon.colcon_core.package_identification:_identify(src/Plankton/uuv_sensor_plugins/uuv_sensor_ros_plugins_msgs) by extension 'ignore'
[0.188s] Level 1:colcon.colcon_core.package_identification:_identify(src/Plankton/uuv_sensor_plugins/uuv_sensor_ros_plugins_msgs) by extension 'ignore_ament_install'
[0.188s] Level 1:colcon.colcon_core.package_identification:_identify(src/Plankton/uuv_sensor_plugins/uuv_sensor_ros_plugins_msgs) by extensions ['colcon_pkg']
[0.189s] Level 1:colcon.colcon_core.package_identification:_identify(src/Plankton/uuv_sensor_plugins/uuv_sensor_ros_plugins_msgs) by extension 'colcon_pkg'
[0.189s] Level 1:colcon.colcon_core.package_identification:_identify(src/Plankton/uuv_sensor_plugins/uuv_sensor_ros_plugins_msgs) by extensions ['colcon_meta']
[0.189s] Level 1:colcon.colcon_core.package_identification:_identify(src/Plankton/uuv_sensor_plugins/uuv_sensor_ros_plugins_msgs) by extension 'colcon_meta'
[0.189s] Level 1:colcon.colcon_core.package_identification:_identify(src/Plankton/uuv_sensor_plugins/uuv_sensor_ros_plugins_msgs) by extensions ['ros']
[0.189s] Level 1:colcon.colcon_core.package_identification:_identify(src/Plankton/uuv_sensor_plugins/uuv_sensor_ros_plugins_msgs) by extension 'ros'
[0.189s] DEBUG:colcon.colcon_core.package_identification:Package 'src/Plankton/uuv_sensor_plugins/uuv_sensor_ros_plugins_msgs' with type 'ros.ament_cmake' and name 'uuv_sensor_ros_plugins_msgs'
[0.189s] Level 1:colcon.colcon_core.package_identification:_identify(src/Plankton/uuv_simulator) by extensions ['ignore', 'ignore_ament_install']
[0.189s] Level 1:colcon.colcon_core.package_identification:_identify(src/Plankton/uuv_simulator) by extension 'ignore'
[0.189s] Level 1:colcon.colcon_core.package_identification:_identify(src/Plankton/uuv_simulator) by extension 'ignore_ament_install'
[0.189s] Level 1:colcon.colcon_core.package_identification:_identify(src/Plankton/uuv_simulator) by extensions ['colcon_pkg']
[0.189s] Level 1:colcon.colcon_core.package_identification:_identify(src/Plankton/uuv_simulator) by extension 'colcon_pkg'
[0.189s] Level 1:colcon.colcon_core.package_identification:_identify(src/Plankton/uuv_simulator) by extensions ['colcon_meta']
[0.189s] Level 1:colcon.colcon_core.package_identification:_identify(src/Plankton/uuv_simulator) by extension 'colcon_meta'
[0.189s] Level 1:colcon.colcon_core.package_identification:_identify(src/Plankton/uuv_simulator) by extensions ['ros']
[0.189s] Level 1:colcon.colcon_core.package_identification:_identify(src/Plankton/uuv_simulator) by extension 'ros'
[0.189s] DEBUG:colcon.colcon_core.package_identification:Package 'src/Plankton/uuv_simulator' with type 'ros.ament_cmake' and name 'uuv_simulator'
[0.190s] Level 1:colcon.colcon_core.package_identification:_identify(src/Plankton/uuv_teleop) by extensions ['ignore', 'ignore_ament_install']
[0.190s] Level 1:colcon.colcon_core.package_identification:_identify(src/Plankton/uuv_teleop) by extension 'ignore'
[0.190s] Level 1:colcon.colcon_core.package_identification:_identify(src/Plankton/uuv_teleop) by extension 'ignore_ament_install'
[0.190s] Level 1:colcon.colcon_core.package_identification:_identify(src/Plankton/uuv_teleop) by extensions ['colcon_pkg']
[0.190s] Level 1:colcon.colcon_core.package_identification:_identify(src/Plankton/uuv_teleop) by extension 'colcon_pkg'
[0.190s] Level 1:colcon.colcon_core.package_identification:_identify(src/Plankton/uuv_teleop) by extensions ['colcon_meta']
[0.190s] Level 1:colcon.colcon_core.package_identification:_identify(src/Plankton/uuv_teleop) by extension 'colcon_meta'
[0.190s] Level 1:colcon.colcon_core.package_identification:_identify(src/Plankton/uuv_teleop) by extensions ['ros']
[0.190s] Level 1:colcon.colcon_core.package_identification:_identify(src/Plankton/uuv_teleop) by extension 'ros'
[0.190s] DEBUG:colcon.colcon_core.package_identification:Package 'src/Plankton/uuv_teleop' with type 'ros.ament_cmake' and name 'uuv_teleop'
[0.190s] Level 1:colcon.colcon_core.package_identification:_identify(src/Plankton/uuv_tutorials) by extensions ['ignore', 'ignore_ament_install']
[0.190s] Level 1:colcon.colcon_core.package_identification:_identify(src/Plankton/uuv_tutorials) by extension 'ignore'
[0.190s] Level 1:colcon.colcon_core.package_identification:_identify(src/Plankton/uuv_tutorials) by extension 'ignore_ament_install'
[0.190s] Level 1:colcon.colcon_core.package_identification:_identify(src/Plankton/uuv_tutorials) by extensions ['colcon_pkg']
[0.190s] Level 1:colcon.colcon_core.package_identification:_identify(src/Plankton/uuv_tutorials) by extension 'colcon_pkg'
[0.190s] Level 1:colcon.colcon_core.package_identification:_identify(src/Plankton/uuv_tutorials) by extensions ['colcon_meta']
[0.190s] Level 1:colcon.colcon_core.package_identification:_identify(src/Plankton/uuv_tutorials) by extension 'colcon_meta'
[0.190s] Level 1:colcon.colcon_core.package_identification:_identify(src/Plankton/uuv_tutorials) by extensions ['ros']
[0.190s] Level 1:colcon.colcon_core.package_identification:_identify(src/Plankton/uuv_tutorials) by extension 'ros'
[0.190s] Level 1:colcon.colcon_core.package_identification:_identify(src/Plankton/uuv_tutorials) by extensions ['cmake', 'python']
[0.190s] Level 1:colcon.colcon_core.package_identification:_identify(src/Plankton/uuv_tutorials) by extension 'cmake'
[0.190s] Level 1:colcon.colcon_core.package_identification:_identify(src/Plankton/uuv_tutorials) by extension 'python'
[0.190s] Level 1:colcon.colcon_core.package_identification:_identify(src/Plankton/uuv_tutorials) by extensions ['python_setup_py']
[0.190s] Level 1:colcon.colcon_core.package_identification:_identify(src/Plankton/uuv_tutorials) by extension 'python_setup_py'
[0.190s] Level 1:colcon.colcon_core.package_identification:_identify(src/Plankton/uuv_tutorials/uuv_tutorial_disturbances) by extensions ['ignore', 'ignore_ament_install']
[0.190s] Level 1:colcon.colcon_core.package_identification:_identify(src/Plankton/uuv_tutorials/uuv_tutorial_disturbances) by extension 'ignore'
[0.190s] Level 1:colcon.colcon_core.package_identification:_identify(src/Plankton/uuv_tutorials/uuv_tutorial_disturbances) by extension 'ignore_ament_install'
[0.190s] Level 1:colcon.colcon_core.package_identification:_identify(src/Plankton/uuv_tutorials/uuv_tutorial_disturbances) by extensions ['colcon_pkg']
[0.190s] Level 1:colcon.colcon_core.package_identification:_identify(src/Plankton/uuv_tutorials/uuv_tutorial_disturbances) by extension 'colcon_pkg'
[0.190s] Level 1:colcon.colcon_core.package_identification:_identify(src/Plankton/uuv_tutorials/uuv_tutorial_disturbances) by extensions ['colcon_meta']
[0.190s] Level 1:colcon.colcon_core.package_identification:_identify(src/Plankton/uuv_tutorials/uuv_tutorial_disturbances) by extension 'colcon_meta'
[0.190s] Level 1:colcon.colcon_core.package_identification:_identify(src/Plankton/uuv_tutorials/uuv_tutorial_disturbances) by extensions ['ros']
[0.190s] Level 1:colcon.colcon_core.package_identification:_identify(src/Plankton/uuv_tutorials/uuv_tutorial_disturbances) by extension 'ros'
[0.191s] DEBUG:colcon.colcon_core.package_identification:Package 'src/Plankton/uuv_tutorials/uuv_tutorial_disturbances' with type 'ros.ament_cmake' and name 'uuv_tutorial_disturbances'
[0.191s] Level 1:colcon.colcon_core.package_identification:_identify(src/Plankton/uuv_tutorials/uuv_tutorial_dp_controller) by extensions ['ignore', 'ignore_ament_install']
[0.191s] Level 1:colcon.colcon_core.package_identification:_identify(src/Plankton/uuv_tutorials/uuv_tutorial_dp_controller) by extension 'ignore'
[0.191s] Level 1:colcon.colcon_core.package_identification:_identify(src/Plankton/uuv_tutorials/uuv_tutorial_dp_controller) by extension 'ignore_ament_install'
[0.191s] Level 1:colcon.colcon_core.package_identification:_identify(src/Plankton/uuv_tutorials/uuv_tutorial_dp_controller) by extensions ['colcon_pkg']
[0.191s] Level 1:colcon.colcon_core.package_identification:_identify(src/Plankton/uuv_tutorials/uuv_tutorial_dp_controller) by extension 'colcon_pkg'
[0.191s] Level 1:colcon.colcon_core.package_identification:_identify(src/Plankton/uuv_tutorials/uuv_tutorial_dp_controller) by extensions ['colcon_meta']
[0.191s] Level 1:colcon.colcon_core.package_identification:_identify(src/Plankton/uuv_tutorials/uuv_tutorial_dp_controller) by extension 'colcon_meta'
[0.191s] Level 1:colcon.colcon_core.package_identification:_identify(src/Plankton/uuv_tutorials/uuv_tutorial_dp_controller) by extensions ['ros']
[0.191s] Level 1:colcon.colcon_core.package_identification:_identify(src/Plankton/uuv_tutorials/uuv_tutorial_dp_controller) by extension 'ros'
[0.191s] DEBUG:colcon.colcon_core.package_identification:Package 'src/Plankton/uuv_tutorials/uuv_tutorial_dp_controller' with type 'ros.ament_cmake' and name 'uuv_tutorial_dp_controller'
[0.191s] Level 1:colcon.colcon_core.package_identification:_identify(src/Plankton/uuv_tutorials/uuv_tutorial_rov_model) by extensions ['ignore', 'ignore_ament_install']
[0.191s] Level 1:colcon.colcon_core.package_identification:_identify(src/Plankton/uuv_tutorials/uuv_tutorial_rov_model) by extension 'ignore'
[0.191s] Level 1:colcon.colcon_core.package_identification:_identify(src/Plankton/uuv_tutorials/uuv_tutorial_rov_model) ignored
[0.191s] Level 1:colcon.colcon_core.package_identification:_identify(src/Plankton/uuv_tutorials/uuv_tutorial_seabed_world) by extensions ['ignore', 'ignore_ament_install']
[0.191s] Level 1:colcon.colcon_core.package_identification:_identify(src/Plankton/uuv_tutorials/uuv_tutorial_seabed_world) by extension 'ignore'
[0.192s] Level 1:colcon.colcon_core.package_identification:_identify(src/Plankton/uuv_tutorials/uuv_tutorial_seabed_world) by extension 'ignore_ament_install'
[0.192s] Level 1:colcon.colcon_core.package_identification:_identify(src/Plankton/uuv_tutorials/uuv_tutorial_seabed_world) by extensions ['colcon_pkg']
[0.192s] Level 1:colcon.colcon_core.package_identification:_identify(src/Plankton/uuv_tutorials/uuv_tutorial_seabed_world) by extension 'colcon_pkg'
[0.192s] Level 1:colcon.colcon_core.package_identification:_identify(src/Plankton/uuv_tutorials/uuv_tutorial_seabed_world) by extensions ['colcon_meta']
[0.192s] Level 1:colcon.colcon_core.package_identification:_identify(src/Plankton/uuv_tutorials/uuv_tutorial_seabed_world) by extension 'colcon_meta'
[0.192s] Level 1:colcon.colcon_core.package_identification:_identify(src/Plankton/uuv_tutorials/uuv_tutorial_seabed_world) by extensions ['ros']
[0.192s] Level 1:colcon.colcon_core.package_identification:_identify(src/Plankton/uuv_tutorials/uuv_tutorial_seabed_world) by extension 'ros'
[0.192s] DEBUG:colcon.colcon_core.package_identification:Package 'src/Plankton/uuv_tutorials/uuv_tutorial_seabed_world' with type 'ros.ament_cmake' and name 'uuv_tutorial_seabed_world'
[0.192s] Level 1:colcon.colcon_core.package_identification:_identify(src/Plankton/uuv_tutorials/uuv_tutorials) by extensions ['ignore', 'ignore_ament_install']
[0.192s] Level 1:colcon.colcon_core.package_identification:_identify(src/Plankton/uuv_tutorials/uuv_tutorials) by extension 'ignore'
[0.192s] Level 1:colcon.colcon_core.package_identification:_identify(src/Plankton/uuv_tutorials/uuv_tutorials) by extension 'ignore_ament_install'
[0.192s] Level 1:colcon.colcon_core.package_identification:_identify(src/Plankton/uuv_tutorials/uuv_tutorials) by extensions ['colcon_pkg']
[0.192s] Level 1:colcon.colcon_core.package_identification:_identify(src/Plankton/uuv_tutorials/uuv_tutorials) by extension 'colcon_pkg'
[0.192s] Level 1:colcon.colcon_core.package_identification:_identify(src/Plankton/uuv_tutorials/uuv_tutorials) by extensions ['colcon_meta']
[0.192s] Level 1:colcon.colcon_core.package_identification:_identify(src/Plankton/uuv_tutorials/uuv_tutorials) by extension 'colcon_meta'
[0.192s] Level 1:colcon.colcon_core.package_identification:_identify(src/Plankton/uuv_tutorials/uuv_tutorials) by extensions ['ros']
[0.192s] Level 1:colcon.colcon_core.package_identification:_identify(src/Plankton/uuv_tutorials/uuv_tutorials) by extension 'ros'
[0.192s] DEBUG:colcon.colcon_core.package_identification:Package 'src/Plankton/uuv_tutorials/uuv_tutorials' with type 'ros.ament_cmake' and name 'uuv_tutorials'
[0.192s] Level 1:colcon.colcon_core.package_identification:_identify(src/Plankton/uuv_world_plugins) by extensions ['ignore', 'ignore_ament_install']
[0.193s] Level 1:colcon.colcon_core.package_identification:_identify(src/Plankton/uuv_world_plugins) by extension 'ignore'
[0.193s] Level 1:colcon.colcon_core.package_identification:_identify(src/Plankton/uuv_world_plugins) by extension 'ignore_ament_install'
[0.193s] Level 1:colcon.colcon_core.package_identification:_identify(src/Plankton/uuv_world_plugins) by extensions ['colcon_pkg']
[0.193s] Level 1:colcon.colcon_core.package_identification:_identify(src/Plankton/uuv_world_plugins) by extension 'colcon_pkg'
[0.193s] Level 1:colcon.colcon_core.package_identification:_identify(src/Plankton/uuv_world_plugins) by extensions ['colcon_meta']
[0.193s] Level 1:colcon.colcon_core.package_identification:_identify(src/Plankton/uuv_world_plugins) by extension 'colcon_meta'
[0.193s] Level 1:colcon.colcon_core.package_identification:_identify(src/Plankton/uuv_world_plugins) by extensions ['ros']
[0.193s] Level 1:colcon.colcon_core.package_identification:_identify(src/Plankton/uuv_world_plugins) by extension 'ros'
[0.193s] Level 1:colcon.colcon_core.package_identification:_identify(src/Plankton/uuv_world_plugins) by extensions ['cmake', 'python']
[0.193s] Level 1:colcon.colcon_core.package_identification:_identify(src/Plankton/uuv_world_plugins) by extension 'cmake'
[0.193s] Level 1:colcon.colcon_core.package_identification:_identify(src/Plankton/uuv_world_plugins) by extension 'python'
[0.193s] Level 1:colcon.colcon_core.package_identification:_identify(src/Plankton/uuv_world_plugins) by extensions ['python_setup_py']
[0.193s] Level 1:colcon.colcon_core.package_identification:_identify(src/Plankton/uuv_world_plugins) by extension 'python_setup_py'
[0.193s] Level 1:colcon.colcon_core.package_identification:_identify(src/Plankton/uuv_world_plugins/uuv_world_plugins) by extensions ['ignore', 'ignore_ament_install']
[0.193s] Level 1:colcon.colcon_core.package_identification:_identify(src/Plankton/uuv_world_plugins/uuv_world_plugins) by extension 'ignore'
[0.193s] Level 1:colcon.colcon_core.package_identification:_identify(src/Plankton/uuv_world_plugins/uuv_world_plugins) by extension 'ignore_ament_install'
[0.193s] Level 1:colcon.colcon_core.package_identification:_identify(src/Plankton/uuv_world_plugins/uuv_world_plugins) by extensions ['colcon_pkg']
[0.193s] Level 1:colcon.colcon_core.package_identification:_identify(src/Plankton/uuv_world_plugins/uuv_world_plugins) by extension 'colcon_pkg'
[0.193s] Level 1:colcon.colcon_core.package_identification:_identify(src/Plankton/uuv_world_plugins/uuv_world_plugins) by extensions ['colcon_meta']
[0.193s] Level 1:colcon.colcon_core.package_identification:_identify(src/Plankton/uuv_world_plugins/uuv_world_plugins) by extension 'colcon_meta'
[0.193s] Level 1:colcon.colcon_core.package_identification:_identify(src/Plankton/uuv_world_plugins/uuv_world_plugins) by extensions ['ros']
[0.193s] Level 1:colcon.colcon_core.package_identification:_identify(src/Plankton/uuv_world_plugins/uuv_world_plugins) by extension 'ros'
[0.193s] DEBUG:colcon.colcon_core.package_identification:Package 'src/Plankton/uuv_world_plugins/uuv_world_plugins' with type 'ros.ament_cmake' and name 'uuv_world_plugins'
[0.194s] Level 1:colcon.colcon_core.package_identification:_identify(src/Plankton/uuv_world_plugins/uuv_world_ros_plugins) by extensions ['ignore', 'ignore_ament_install']
[0.194s] Level 1:colcon.colcon_core.package_identification:_identify(src/Plankton/uuv_world_plugins/uuv_world_ros_plugins) by extension 'ignore'
[0.194s] Level 1:colcon.colcon_core.package_identification:_identify(src/Plankton/uuv_world_plugins/uuv_world_ros_plugins) by extension 'ignore_ament_install'
[0.194s] Level 1:colcon.colcon_core.package_identification:_identify(src/Plankton/uuv_world_plugins/uuv_world_ros_plugins) by extensions ['colcon_pkg']
[0.194s] Level 1:colcon.colcon_core.package_identification:_identify(src/Plankton/uuv_world_plugins/uuv_world_ros_plugins) by extension 'colcon_pkg'
[0.194s] Level 1:colcon.colcon_core.package_identification:_identify(src/Plankton/uuv_world_plugins/uuv_world_ros_plugins) by extensions ['colcon_meta']
[0.194s] Level 1:colcon.colcon_core.package_identification:_identify(src/Plankton/uuv_world_plugins/uuv_world_ros_plugins) by extension 'colcon_meta'
[0.194s] Level 1:colcon.colcon_core.package_identification:_identify(src/Plankton/uuv_world_plugins/uuv_world_ros_plugins) by extensions ['ros']
[0.194s] Level 1:colcon.colcon_core.package_identification:_identify(src/Plankton/uuv_world_plugins/uuv_world_ros_plugins) by extension 'ros'
[0.194s] DEBUG:colcon.colcon_core.package_identification:Package 'src/Plankton/uuv_world_plugins/uuv_world_ros_plugins' with type 'ros.ament_cmake' and name 'uuv_world_ros_plugins'
[0.194s] Level 1:colcon.colcon_core.package_identification:_identify(src/Plankton/uuv_world_plugins/uuv_world_ros_plugins_msgs) by extensions ['ignore', 'ignore_ament_install']
[0.194s] Level 1:colcon.colcon_core.package_identification:_identify(src/Plankton/uuv_world_plugins/uuv_world_ros_plugins_msgs) by extension 'ignore'
[0.194s] Level 1:colcon.colcon_core.package_identification:_identify(src/Plankton/uuv_world_plugins/uuv_world_ros_plugins_msgs) by extension 'ignore_ament_install'
[0.194s] Level 1:colcon.colcon_core.package_identification:_identify(src/Plankton/uuv_world_plugins/uuv_world_ros_plugins_msgs) by extensions ['colcon_pkg']
[0.194s] Level 1:colcon.colcon_core.package_identification:_identify(src/Plankton/uuv_world_plugins/uuv_world_ros_plugins_msgs) by extension 'colcon_pkg'
[0.194s] Level 1:colcon.colcon_core.package_identification:_identify(src/Plankton/uuv_world_plugins/uuv_world_ros_plugins_msgs) by extensions ['colcon_meta']
[0.194s] Level 1:colcon.colcon_core.package_identification:_identify(src/Plankton/uuv_world_plugins/uuv_world_ros_plugins_msgs) by extension 'colcon_meta'
[0.194s] Level 1:colcon.colcon_core.package_identification:_identify(src/Plankton/uuv_world_plugins/uuv_world_ros_plugins_msgs) by extensions ['ros']
[0.194s] Level 1:colcon.colcon_core.package_identification:_identify(src/Plankton/uuv_world_plugins/uuv_world_ros_plugins_msgs) by extension 'ros'
[0.195s] DEBUG:colcon.colcon_core.package_identification:Package 'src/Plankton/uuv_world_plugins/uuv_world_ros_plugins_msgs' with type 'ros.ament_cmake' and name 'uuv_world_ros_plugins_msgs'
[0.195s] Level 1:colcon.colcon_core.package_identification:_identify(src/butler) by extensions ['ignore', 'ignore_ament_install']
[0.195s] Level 1:colcon.colcon_core.package_identification:_identify(src/butler) by extension 'ignore'
[0.195s] Level 1:colcon.colcon_core.package_identification:_identify(src/butler) by extension 'ignore_ament_install'
[0.195s] Level 1:colcon.colcon_core.package_identification:_identify(src/butler) by extensions ['colcon_pkg']
[0.195s] Level 1:colcon.colcon_core.package_identification:_identify(src/butler) by extension 'colcon_pkg'
[0.195s] Level 1:colcon.colcon_core.package_identification:_identify(src/butler) by extensions ['colcon_meta']
[0.195s] Level 1:colcon.colcon_core.package_identification:_identify(src/butler) by extension 'colcon_meta'
[0.195s] Level 1:colcon.colcon_core.package_identification:_identify(src/butler) by extensions ['ros']
[0.195s] Level 1:colcon.colcon_core.package_identification:_identify(src/butler) by extension 'ros'
[0.195s] DEBUG:colcon.colcon_core.package_identification:Package 'src/butler' with type 'ros.ament_cmake' and name 'butler'
[0.195s] Level 1:colcon.colcon_core.package_identification:_identify(src/fish_dvl_plugin) by extensions ['ignore', 'ignore_ament_install']
[0.195s] Level 1:colcon.colcon_core.package_identification:_identify(src/fish_dvl_plugin) by extension 'ignore'
[0.195s] Level 1:colcon.colcon_core.package_identification:_identify(src/fish_dvl_plugin) by extension 'ignore_ament_install'
[0.195s] Level 1:colcon.colcon_core.package_identification:_identify(src/fish_dvl_plugin) by extensions ['colcon_pkg']
[0.195s] Level 1:colcon.colcon_core.package_identification:_identify(src/fish_dvl_plugin) by extension 'colcon_pkg'
[0.195s] Level 1:colcon.colcon_core.package_identification:_identify(src/fish_dvl_plugin) by extensions ['colcon_meta']
[0.195s] Level 1:colcon.colcon_core.package_identification:_identify(src/fish_dvl_plugin) by extension 'colcon_meta'
[0.195s] Level 1:colcon.colcon_core.package_identification:_identify(src/fish_dvl_plugin) by extensions ['ros']
[0.195s] Level 1:colcon.colcon_core.package_identification:_identify(src/fish_dvl_plugin) by extension 'ros'
[0.196s] DEBUG:colcon.colcon_core.package_identification:Package 'src/fish_dvl_plugin' with type 'ros.ament_cmake' and name 'fish_dvl_plugin'
[0.196s] Level 1:colcon.colcon_core.package_identification:_identify(src/fish_hpurv) by extensions ['ignore', 'ignore_ament_install']
[0.196s] Level 1:colcon.colcon_core.package_identification:_identify(src/fish_hpurv) by extension 'ignore'
[0.196s] Level 1:colcon.colcon_core.package_identification:_identify(src/fish_hpurv) by extension 'ignore_ament_install'
[0.196s] Level 1:colcon.colcon_core.package_identification:_identify(src/fish_hpurv) by extensions ['colcon_pkg']
[0.196s] Level 1:colcon.colcon_core.package_identification:_identify(src/fish_hpurv) by extension 'colcon_pkg'
[0.196s] Level 1:colcon.colcon_core.package_identification:_identify(src/fish_hpurv) by extensions ['colcon_meta']
[0.196s] Level 1:colcon.colcon_core.package_identification:_identify(src/fish_hpurv) by extension 'colcon_meta'
[0.196s] Level 1:colcon.colcon_core.package_identification:_identify(src/fish_hpurv) by extensions ['ros']
[0.196s] Level 1:colcon.colcon_core.package_identification:_identify(src/fish_hpurv) by extension 'ros'
[0.197s] DEBUG:colcon.colcon_core.package_identification:Package 'src/fish_hpurv' with type 'ros.ament_cmake' and name 'fish_hpurv'
[0.197s] Level 1:colcon.colcon_core.package_identification:_identify(src/gazebo_ros2_control) by extensions ['ignore', 'ignore_ament_install']
[0.197s] Level 1:colcon.colcon_core.package_identification:_identify(src/gazebo_ros2_control) by extension 'ignore'
[0.197s] Level 1:colcon.colcon_core.package_identification:_identify(src/gazebo_ros2_control) by extension 'ignore_ament_install'
[0.197s] Level 1:colcon.colcon_core.package_identification:_identify(src/gazebo_ros2_control) by extensions ['colcon_pkg']
[0.197s] Level 1:colcon.colcon_core.package_identification:_identify(src/gazebo_ros2_control) by extension 'colcon_pkg'
[0.197s] Level 1:colcon.colcon_core.package_identification:_identify(src/gazebo_ros2_control) by extensions ['colcon_meta']
[0.197s] Level 1:colcon.colcon_core.package_identification:_identify(src/gazebo_ros2_control) by extension 'colcon_meta'
[0.197s] Level 1:colcon.colcon_core.package_identification:_identify(src/gazebo_ros2_control) by extensions ['ros']
[0.197s] Level 1:colcon.colcon_core.package_identification:_identify(src/gazebo_ros2_control) by extension 'ros'
[0.197s] Level 1:colcon.colcon_core.package_identification:_identify(src/gazebo_ros2_control) by extensions ['cmake', 'python']
[0.197s] Level 1:colcon.colcon_core.package_identification:_identify(src/gazebo_ros2_control) by extension 'cmake'
[0.197s] Level 1:colcon.colcon_core.package_identification:_identify(src/gazebo_ros2_control) by extension 'python'
[0.197s] Level 1:colcon.colcon_core.package_identification:_identify(src/gazebo_ros2_control) by extensions ['python_setup_py']
[0.198s] Level 1:colcon.colcon_core.package_identification:_identify(src/gazebo_ros2_control) by extension 'python_setup_py'
[0.198s] Level 1:colcon.colcon_core.package_identification:_identify(src/gazebo_ros2_control/Docker) by extensions ['ignore', 'ignore_ament_install']
[0.198s] Level 1:colcon.colcon_core.package_identification:_identify(src/gazebo_ros2_control/Docker) by extension 'ignore'
[0.198s] Level 1:colcon.colcon_core.package_identification:_identify(src/gazebo_ros2_control/Docker) by extension 'ignore_ament_install'
[0.198s] Level 1:colcon.colcon_core.package_identification:_identify(src/gazebo_ros2_control/Docker) by extensions ['colcon_pkg']
[0.198s] Level 1:colcon.colcon_core.package_identification:_identify(src/gazebo_ros2_control/Docker) by extension 'colcon_pkg'
[0.198s] Level 1:colcon.colcon_core.package_identification:_identify(src/gazebo_ros2_control/Docker) by extensions ['colcon_meta']
[0.198s] Level 1:colcon.colcon_core.package_identification:_identify(src/gazebo_ros2_control/Docker) by extension 'colcon_meta'
[0.198s] Level 1:colcon.colcon_core.package_identification:_identify(src/gazebo_ros2_control/Docker) by extensions ['ros']
[0.198s] Level 1:colcon.colcon_core.package_identification:_identify(src/gazebo_ros2_control/Docker) by extension 'ros'
[0.198s] Level 1:colcon.colcon_core.package_identification:_identify(src/gazebo_ros2_control/Docker) by extensions ['cmake', 'python']
[0.198s] Level 1:colcon.colcon_core.package_identification:_identify(src/gazebo_ros2_control/Docker) by extension 'cmake'
[0.198s] Level 1:colcon.colcon_core.package_identification:_identify(src/gazebo_ros2_control/Docker) by extension 'python'
[0.198s] Level 1:colcon.colcon_core.package_identification:_identify(src/gazebo_ros2_control/Docker) by extensions ['python_setup_py']
[0.198s] Level 1:colcon.colcon_core.package_identification:_identify(src/gazebo_ros2_control/Docker) by extension 'python_setup_py'
[0.198s] Level 1:colcon.colcon_core.package_identification:_identify(src/gazebo_ros2_control/doc) by extensions ['ignore', 'ignore_ament_install']
[0.198s] Level 1:colcon.colcon_core.package_identification:_identify(src/gazebo_ros2_control/doc) by extension 'ignore'
[0.198s] Level 1:colcon.colcon_core.package_identification:_identify(src/gazebo_ros2_control/doc) by extension 'ignore_ament_install'
[0.198s] Level 1:colcon.colcon_core.package_identification:_identify(src/gazebo_ros2_control/doc) by extensions ['colcon_pkg']
[0.198s] Level 1:colcon.colcon_core.package_identification:_identify(src/gazebo_ros2_control/doc) by extension 'colcon_pkg'
[0.198s] Level 1:colcon.colcon_core.package_identification:_identify(src/gazebo_ros2_control/doc) by extensions ['colcon_meta']
[0.198s] Level 1:colcon.colcon_core.package_identification:_identify(src/gazebo_ros2_control/doc) by extension 'colcon_meta'
[0.198s] Level 1:colcon.colcon_core.package_identification:_identify(src/gazebo_ros2_control/doc) by extensions ['ros']
[0.198s] Level 1:colcon.colcon_core.package_identification:_identify(src/gazebo_ros2_control/doc) by extension 'ros'
[0.198s] Level 1:colcon.colcon_core.package_identification:_identify(src/gazebo_ros2_control/doc) by extensions ['cmake', 'python']
[0.198s] Level 1:colcon.colcon_core.package_identification:_identify(src/gazebo_ros2_control/doc) by extension 'cmake'
[0.198s] Level 1:colcon.colcon_core.package_identification:_identify(src/gazebo_ros2_control/doc) by extension 'python'
[0.198s] Level 1:colcon.colcon_core.package_identification:_identify(src/gazebo_ros2_control/doc) by extensions ['python_setup_py']
[0.198s] Level 1:colcon.colcon_core.package_identification:_identify(src/gazebo_ros2_control/doc) by extension 'python_setup_py'
[0.198s] Level 1:colcon.colcon_core.package_identification:_identify(src/gazebo_ros2_control/doc/img) by extensions ['ignore', 'ignore_ament_install']
[0.198s] Level 1:colcon.colcon_core.package_identification:_identify(src/gazebo_ros2_control/doc/img) by extension 'ignore'
[0.198s] Level 1:colcon.colcon_core.package_identification:_identify(src/gazebo_ros2_control/doc/img) by extension 'ignore_ament_install'
[0.198s] Level 1:colcon.colcon_core.package_identification:_identify(src/gazebo_ros2_control/doc/img) by extensions ['colcon_pkg']
[0.198s] Level 1:colcon.colcon_core.package_identification:_identify(src/gazebo_ros2_control/doc/img) by extension 'colcon_pkg'
[0.198s] Level 1:colcon.colcon_core.package_identification:_identify(src/gazebo_ros2_control/doc/img) by extensions ['colcon_meta']
[0.198s] Level 1:colcon.colcon_core.package_identification:_identify(src/gazebo_ros2_control/doc/img) by extension 'colcon_meta'
[0.198s] Level 1:colcon.colcon_core.package_identification:_identify(src/gazebo_ros2_control/doc/img) by extensions ['ros']
[0.198s] Level 1:colcon.colcon_core.package_identification:_identify(src/gazebo_ros2_control/doc/img) by extension 'ros'
[0.198s] Level 1:colcon.colcon_core.package_identification:_identify(src/gazebo_ros2_control/doc/img) by extensions ['cmake', 'python']
[0.198s] Level 1:colcon.colcon_core.package_identification:_identify(src/gazebo_ros2_control/doc/img) by extension 'cmake'
[0.198s] Level 1:colcon.colcon_core.package_identification:_identify(src/gazebo_ros2_control/doc/img) by extension 'python'
[0.198s] Level 1:colcon.colcon_core.package_identification:_identify(src/gazebo_ros2_control/doc/img) by extensions ['python_setup_py']
[0.198s] Level 1:colcon.colcon_core.package_identification:_identify(src/gazebo_ros2_control/doc/img) by extension 'python_setup_py'
[0.198s] Level 1:colcon.colcon_core.package_identification:_identify(src/gazebo_ros2_control/gazebo_ros2_control) by extensions ['ignore', 'ignore_ament_install']
[0.198s] Level 1:colcon.colcon_core.package_identification:_identify(src/gazebo_ros2_control/gazebo_ros2_control) by extension 'ignore'
[0.198s] Level 1:colcon.colcon_core.package_identification:_identify(src/gazebo_ros2_control/gazebo_ros2_control) by extension 'ignore_ament_install'
[0.198s] Level 1:colcon.colcon_core.package_identification:_identify(src/gazebo_ros2_control/gazebo_ros2_control) by extensions ['colcon_pkg']
[0.198s] Level 1:colcon.colcon_core.package_identification:_identify(src/gazebo_ros2_control/gazebo_ros2_control) by extension 'colcon_pkg'
[0.199s] Level 1:colcon.colcon_core.package_identification:_identify(src/gazebo_ros2_control/gazebo_ros2_control) by extensions ['colcon_meta']
[0.199s] Level 1:colcon.colcon_core.package_identification:_identify(src/gazebo_ros2_control/gazebo_ros2_control) by extension 'colcon_meta'
[0.199s] Level 1:colcon.colcon_core.package_identification:_identify(src/gazebo_ros2_control/gazebo_ros2_control) by extensions ['ros']
[0.199s] Level 1:colcon.colcon_core.package_identification:_identify(src/gazebo_ros2_control/gazebo_ros2_control) by extension 'ros'
[0.199s] DEBUG:colcon.colcon_core.package_identification:Package 'src/gazebo_ros2_control/gazebo_ros2_control' with type 'ros.ament_cmake' and name 'gazebo_ros2_control'
[0.199s] Level 1:colcon.colcon_core.package_identification:_identify(src/gazebo_ros2_control/gazebo_ros2_control_demos) by extensions ['ignore', 'ignore_ament_install']
[0.199s] Level 1:colcon.colcon_core.package_identification:_identify(src/gazebo_ros2_control/gazebo_ros2_control_demos) by extension 'ignore'
[0.199s] Level 1:colcon.colcon_core.package_identification:_identify(src/gazebo_ros2_control/gazebo_ros2_control_demos) by extension 'ignore_ament_install'
[0.199s] Level 1:colcon.colcon_core.package_identification:_identify(src/gazebo_ros2_control/gazebo_ros2_control_demos) by extensions ['colcon_pkg']
[0.199s] Level 1:colcon.colcon_core.package_identification:_identify(src/gazebo_ros2_control/gazebo_ros2_control_demos) by extension 'colcon_pkg'
[0.199s] Level 1:colcon.colcon_core.package_identification:_identify(src/gazebo_ros2_control/gazebo_ros2_control_demos) by extensions ['colcon_meta']
[0.199s] Level 1:colcon.colcon_core.package_identification:_identify(src/gazebo_ros2_control/gazebo_ros2_control_demos) by extension 'colcon_meta'
[0.199s] Level 1:colcon.colcon_core.package_identification:_identify(src/gazebo_ros2_control/gazebo_ros2_control_demos) by extensions ['ros']
[0.199s] Level 1:colcon.colcon_core.package_identification:_identify(src/gazebo_ros2_control/gazebo_ros2_control_demos) by extension 'ros'
[0.200s] DEBUG:colcon.colcon_core.package_identification:Package 'src/gazebo_ros2_control/gazebo_ros2_control_demos' with type 'ros.ament_cmake' and name 'gazebo_ros2_control_demos'
[0.200s] Level 1:colcon.colcon_core.package_discovery:discover_packages(recursive) using defaults
[0.200s] Level 1:colcon.colcon_core.package_discovery:discover_packages(ignore) discover
[0.200s] Level 1:colcon.colcon_core.package_discovery:discover_packages(ignore) using defaults
[0.200s] Level 1:colcon.colcon_core.package_discovery:discover_packages(path) discover
[0.200s] Level 1:colcon.colcon_core.package_discovery:discover_packages(path) using defaults
[0.221s] INFO:colcon.colcon_core.package_selection:Skipping not selected package 'butler' in 'src/butler'
[0.221s] INFO:colcon.colcon_core.package_selection:Skipping not selected package 'fish_dvl_plugin' in 'src/fish_dvl_plugin'
[0.221s] INFO:colcon.colcon_core.package_selection:Skipping not selected package 'gazebo_ros2_control' in 'src/gazebo_ros2_control/gazebo_ros2_control'
[0.221s] INFO:colcon.colcon_core.package_selection:Skipping not selected package 'plankton_utils' in 'src/Plankton/plankton_utils'
[0.221s] INFO:colcon.colcon_core.package_selection:Skipping not selected package 'uuv_control_msgs' in 'src/Plankton/uuv_control/uuv_control_msgs'
[0.221s] INFO:colcon.colcon_core.package_selection:Skipping not selected package 'uuv_gazebo' in 'src/Plankton/uuv_gazebo'
[0.221s] INFO:colcon.colcon_core.package_selection:Skipping not selected package 'uuv_gazebo_plugins' in 'src/Plankton/uuv_gazebo_plugins/uuv_gazebo_plugins'
[0.221s] INFO:colcon.colcon_core.package_selection:Skipping not selected package 'uuv_gazebo_ros_plugins_msgs' in 'src/Plankton/uuv_gazebo_plugins/uuv_gazebo_ros_plugins_msgs'
[0.221s] INFO:colcon.colcon_core.package_selection:Skipping not selected package 'uuv_gazebo_worlds' in 'src/Plankton/uuv_gazebo_worlds'
[0.221s] INFO:colcon.colcon_core.package_selection:Skipping not selected package 'uuv_sensor_ros_plugins_msgs' in 'src/Plankton/uuv_sensor_plugins/uuv_sensor_ros_plugins_msgs'
[0.221s] INFO:colcon.colcon_core.package_selection:Skipping not selected package 'uuv_tutorial_seabed_world' in 'src/Plankton/uuv_tutorials/uuv_tutorial_seabed_world'
[0.221s] INFO:colcon.colcon_core.package_selection:Skipping not selected package 'uuv_world_plugins' in 'src/Plankton/uuv_world_plugins/uuv_world_plugins'
[0.221s] INFO:colcon.colcon_core.package_selection:Skipping not selected package 'uuv_world_ros_plugins_msgs' in 'src/Plankton/uuv_world_plugins/uuv_world_ros_plugins_msgs'
[0.221s] INFO:colcon.colcon_core.package_selection:Skipping not selected package 'gazebo_ros2_control_demos' in 'src/gazebo_ros2_control/gazebo_ros2_control_demos'
[0.221s] INFO:colcon.colcon_core.package_selection:Skipping not selected package 'uuv_assistants' in 'src/Plankton/uuv_assistants'
[0.221s] INFO:colcon.colcon_core.package_selection:Skipping not selected package 'uuv_auv_control_allocator' in 'src/Plankton/uuv_control/uuv_auv_control_allocator'
[0.221s] INFO:colcon.colcon_core.package_selection:Skipping not selected package 'uuv_control_cascaded_pid' in 'src/Plankton/uuv_control/uuv_control_cascaded_pids'
[0.221s] INFO:colcon.colcon_core.package_selection:Skipping not selected package 'uuv_gazebo_ros_plugins' in 'src/Plankton/uuv_gazebo_plugins/uuv_gazebo_ros_plugins'
[0.221s] INFO:colcon.colcon_core.package_selection:Skipping not selected package 'uuv_sensor_ros_plugins' in 'src/Plankton/uuv_sensor_plugins/uuv_sensor_ros_plugins'
[0.221s] INFO:colcon.colcon_core.package_selection:Skipping not selected package 'uuv_world_ros_plugins' in 'src/Plankton/uuv_world_plugins/uuv_world_ros_plugins'
[0.221s] INFO:colcon.colcon_core.package_selection:Skipping not selected package 'uuv_descriptions' in 'src/Plankton/uuv_descriptions'
[0.221s] INFO:colcon.colcon_core.package_selection:Skipping not selected package 'uuv_thruster_manager' in 'src/Plankton/uuv_control/uuv_thruster_manager'
[0.221s] INFO:colcon.colcon_core.package_selection:Skipping not selected package 'uuv_trajectory_control' in 'src/Plankton/uuv_control/uuv_trajectory_control'
[0.221s] INFO:colcon.colcon_core.package_selection:Skipping not selected package 'uuv_control_utils' in 'src/Plankton/uuv_control/uuv_control_utils'
[0.221s] INFO:colcon.colcon_core.package_selection:Skipping not selected package 'uuv_teleop' in 'src/Plankton/uuv_teleop'
[0.221s] INFO:colcon.colcon_core.package_selection:Skipping not selected package 'uuv_simulator' in 'src/Plankton/uuv_simulator'
[0.221s] INFO:colcon.colcon_core.package_selection:Skipping not selected package 'uuv_tutorial_disturbances' in 'src/Plankton/uuv_tutorials/uuv_tutorial_disturbances'
[0.221s] INFO:colcon.colcon_core.package_selection:Skipping not selected package 'uuv_tutorial_dp_controller' in 'src/Plankton/uuv_tutorials/uuv_tutorial_dp_controller'
[0.221s] INFO:colcon.colcon_core.package_selection:Skipping not selected package 'plankton' in 'src/Plankton/plankton'
[0.221s] INFO:colcon.colcon_core.package_selection:Skipping not selected package 'uuv_tutorials' in 'src/Plankton/uuv_tutorials/uuv_tutorials'
[0.221s] Level 1:colcon.colcon_core.package_discovery:discover_packages(prefix_path) check parameters
[0.221s] Level 1:colcon.colcon_core.package_discovery:discover_packages(prefix_path) discover
[0.223s] DEBUG:colcon.colcon_installed_package_information.package_discovery:Found 0 installed packages in /home/uav/hero/install
[0.223s] DEBUG:colcon.colcon_installed_package_information.package_discovery:Found 30 installed packages in /home/uav/ros2_ws/install
[0.224s] DEBUG:colcon.colcon_installed_package_information.package_discovery:Found 323 installed packages in /opt/ros/humble
[0.225s] Level 1:colcon.colcon_core.package_discovery:discover_packages(prefix_path) using defaults
[0.245s] Level 5:colcon.colcon_core.verb:set package 'fish_hpurv' build argument 'cmake_args' from command line to 'None'
[0.245s] Level 5:colcon.colcon_core.verb:set package 'fish_hpurv' build argument 'cmake_target' from command line to 'None'
[0.245s] Level 5:colcon.colcon_core.verb:set package 'fish_hpurv' build argument 'cmake_target_skip_unavailable' from command line to 'False'
[0.245s] Level 5:colcon.colcon_core.verb:set package 'fish_hpurv' build argument 'cmake_clean_cache' from command line to 'False'
[0.245s] Level 5:colcon.colcon_core.verb:set package 'fish_hpurv' build argument 'cmake_clean_first' from command line to 'False'
[0.245s] Level 5:colcon.colcon_core.verb:set package 'fish_hpurv' build argument 'cmake_force_configure' from command line to 'False'
[0.245s] Level 5:colcon.colcon_core.verb:set package 'fish_hpurv' build argument 'ament_cmake_args' from command line to 'None'
[0.245s] Level 5:colcon.colcon_core.verb:set package 'fish_hpurv' build argument 'catkin_cmake_args' from command line to 'None'
[0.245s] Level 5:colcon.colcon_core.verb:set package 'fish_hpurv' build argument 'catkin_skip_building_tests' from command line to 'False'
[0.245s] DEBUG:colcon.colcon_core.verb:Building package 'fish_hpurv' with the following arguments: {'ament_cmake_args': None, 'build_base': '/home/uav/ros2_ws/build/fish_hpurv', 'catkin_cmake_args': None, 'catkin_skip_building_tests': False, 'cmake_args': None, 'cmake_clean_cache': False, 'cmake_clean_first': False, 'cmake_force_configure': False, 'cmake_target': None, 'cmake_target_skip_unavailable': False, 'install_base': '/home/uav/ros2_ws/install/fish_hpurv', 'merge_install': False, 'path': '/home/uav/ros2_ws/src/fish_hpurv', 'symlink_install': False, 'test_result_base': None}
[0.245s] INFO:colcon.colcon_core.executor:Executing jobs using 'parallel' executor
[0.246s] DEBUG:colcon.colcon_parallel_executor.executor.parallel:run_until_complete
[0.246s] INFO:colcon.colcon_ros.task.ament_cmake.build:Building ROS package in '/home/uav/ros2_ws/src/fish_hpurv' with build type 'ament_cmake'
[0.246s] INFO:colcon.colcon_cmake.task.cmake.build:Building CMake package in '/home/uav/ros2_ws/src/fish_hpurv'
[0.248s] INFO:colcon.colcon_core.plugin_system:Skipping extension 'colcon_core.shell.bat': Not used on non-Windows systems
[0.248s] INFO:colcon.colcon_core.shell:Skip shell extension 'powershell' for command environment: Not usable outside of PowerShell
[0.248s] DEBUG:colcon.colcon_core.shell:Skip shell extension 'dsv' for command environment
[0.283s] DEBUG:colcon.colcon_core.event_handler.log_command:Invoking command in '/home/uav/ros2_ws/build/fish_hpurv': CMAKE_PREFIX_PATH=/home/uav/ros2_ws/install/gazebo_ros2_control:/home/uav/ros2_ws/install/plankton:/home/uav/ros2_ws/install/uuv_simulator:/home/uav/ros2_ws/install/uuv_world_ros_plugins:/home/uav/ros2_ws/install/uuv_tutorials:/home/uav/ros2_ws/install/uuv_tutorial_dp_controller:/home/uav/ros2_ws/install/uuv_tutorial_disturbances:/home/uav/ros2_ws/install/uuv_control_utils:/home/uav/ros2_ws/install/uuv_world_ros_plugins_msgs:/home/uav/ros2_ws/install/uuv_world_plugins:/home/uav/ros2_ws/install/uuv_tutorial_seabed_world:/home/uav/ros2_ws/install/uuv_trajectory_control:/home/uav/ros2_ws/install/uuv_teleop:/home/uav/ros2_ws/install/uuv_thruster_manager:/home/uav/ros2_ws/install/uuv_sensor_ros_plugins_msgs:/home/uav/ros2_ws/install/uuv_gazebo_worlds:/home/uav/ros2_ws/install/uuv_descriptions:/home/uav/ros2_ws/install/uuv_gazebo_ros_plugins:/home/uav/ros2_ws/install/uuv_gazebo_ros_plugins_msgs:/home/uav/ros2_ws/install/uuv_gazebo_plugins:/home/uav/ros2_ws/install/uuv_gazebo:/home/uav/ros2_ws/install/uuv_control_msgs:/home/uav/ros2_ws/install/uuv_control_cascaded_pid:/home/uav/ros2_ws/install/uuv_auv_control_allocator:/home/uav/ros2_ws/install/uuv_assistants:/home/uav/ros2_ws/install/plankton_utils:/home/uav/ros2_ws/install/fish_hpurv_description:/home/uav/ros2_ws/install/fish_hpurv:/home/uav/ros2_ws/install/fish_dvl_plugin:/home/uav/ros2_ws/install/butler:/opt/ros/humble LD_LIBRARY_PATH=/home/uav/ros2_ws/install/gazebo_ros2_control/lib:/home/uav/ros2_ws/install/uuv_world_ros_plugins/lib:/home/uav/ros2_ws/install/uuv_world_ros_plugins_msgs/lib:/home/uav/ros2_ws/install/uuv_world_plugins/lib:/home/uav/ros2_ws/install/uuv_thruster_manager/lib:/home/uav/ros2_ws/install/uuv_sensor_ros_plugins_msgs/lib:/home/uav/ros2_ws/install/uuv_gazebo_ros_plugins/lib:/home/uav/ros2_ws/install/uuv_gazebo_ros_plugins_msgs/lib:/home/uav/ros2_ws/install/uuv_gazebo_plugins/lib:/home/uav/ros2_ws/install/uuv_control_msgs/lib:/home/uav/ros2_ws/install/uuv_auv_control_allocator/lib:/home/uav/ros2_ws/install/fish_dvl_plugin/lib:/usr/lib/x86_64-linux-gnu/gazebo-11/plugins:/opt/ros/humble/opt/rviz_ogre_vendor/lib:/opt/ros/humble/lib/x86_64-linux-gnu:/opt/ros/humble/lib:/usr/lib/x86_64-linux-gnu/gazebo-11/plugins /usr/bin/cmake --build /home/uav/ros2_ws/build/fish_hpurv -- -j20 -l20
[0.316s] DEBUG:colcon.colcon_core.event_handler.log_command:Invoked command in '/home/uav/ros2_ws/build/fish_hpurv' returned '0': CMAKE_PREFIX_PATH=/home/uav/ros2_ws/install/gazebo_ros2_control:/home/uav/ros2_ws/install/plankton:/home/uav/ros2_ws/install/uuv_simulator:/home/uav/ros2_ws/install/uuv_world_ros_plugins:/home/uav/ros2_ws/install/uuv_tutorials:/home/uav/ros2_ws/install/uuv_tutorial_dp_controller:/home/uav/ros2_ws/install/uuv_tutorial_disturbances:/home/uav/ros2_ws/install/uuv_control_utils:/home/uav/ros2_ws/install/uuv_world_ros_plugins_msgs:/home/uav/ros2_ws/install/uuv_world_plugins:/home/uav/ros2_ws/install/uuv_tutorial_seabed_world:/home/uav/ros2_ws/install/uuv_trajectory_control:/home/uav/ros2_ws/install/uuv_teleop:/home/uav/ros2_ws/install/uuv_thruster_manager:/home/uav/ros2_ws/install/uuv_sensor_ros_plugins_msgs:/home/uav/ros2_ws/install/uuv_gazebo_worlds:/home/uav/ros2_ws/install/uuv_descriptions:/home/uav/ros2_ws/install/uuv_gazebo_ros_plugins:/home/uav/ros2_ws/install/uuv_gazebo_ros_plugins_msgs:/home/uav/ros2_ws/install/uuv_gazebo_plugins:/home/uav/ros2_ws/install/uuv_gazebo:/home/uav/ros2_ws/install/uuv_control_msgs:/home/uav/ros2_ws/install/uuv_control_cascaded_pid:/home/uav/ros2_ws/install/uuv_auv_control_allocator:/home/uav/ros2_ws/install/uuv_assistants:/home/uav/ros2_ws/install/plankton_utils:/home/uav/ros2_ws/install/fish_hpurv_description:/home/uav/ros2_ws/install/fish_hpurv:/home/uav/ros2_ws/install/fish_dvl_plugin:/home/uav/ros2_ws/install/butler:/opt/ros/humble LD_LIBRARY_PATH=/home/uav/ros2_ws/install/gazebo_ros2_control/lib:/home/uav/ros2_ws/install/uuv_world_ros_plugins/lib:/home/uav/ros2_ws/install/uuv_world_ros_plugins_msgs/lib:/home/uav/ros2_ws/install/uuv_world_plugins/lib:/home/uav/ros2_ws/install/uuv_thruster_manager/lib:/home/uav/ros2_ws/install/uuv_sensor_ros_plugins_msgs/lib:/home/uav/ros2_ws/install/uuv_gazebo_ros_plugins/lib:/home/uav/ros2_ws/install/uuv_gazebo_ros_plugins_msgs/lib:/home/uav/ros2_ws/install/uuv_gazebo_plugins/lib:/home/uav/ros2_ws/install/uuv_control_msgs/lib:/home/uav/ros2_ws/install/uuv_auv_control_allocator/lib:/home/uav/ros2_ws/install/fish_dvl_plugin/lib:/usr/lib/x86_64-linux-gnu/gazebo-11/plugins:/opt/ros/humble/opt/rviz_ogre_vendor/lib:/opt/ros/humble/lib/x86_64-linux-gnu:/opt/ros/humble/lib:/usr/lib/x86_64-linux-gnu/gazebo-11/plugins /usr/bin/cmake --build /home/uav/ros2_ws/build/fish_hpurv -- -j20 -l20
[0.321s] DEBUG:colcon.colcon_core.event_handler.log_command:Invoking command in '/home/uav/ros2_ws/build/fish_hpurv': CMAKE_PREFIX_PATH=/home/uav/ros2_ws/install/gazebo_ros2_control:/home/uav/ros2_ws/install/plankton:/home/uav/ros2_ws/install/uuv_simulator:/home/uav/ros2_ws/install/uuv_world_ros_plugins:/home/uav/ros2_ws/install/uuv_tutorials:/home/uav/ros2_ws/install/uuv_tutorial_dp_controller:/home/uav/ros2_ws/install/uuv_tutorial_disturbances:/home/uav/ros2_ws/install/uuv_control_utils:/home/uav/ros2_ws/install/uuv_world_ros_plugins_msgs:/home/uav/ros2_ws/install/uuv_world_plugins:/home/uav/ros2_ws/install/uuv_tutorial_seabed_world:/home/uav/ros2_ws/install/uuv_trajectory_control:/home/uav/ros2_ws/install/uuv_teleop:/home/uav/ros2_ws/install/uuv_thruster_manager:/home/uav/ros2_ws/install/uuv_sensor_ros_plugins_msgs:/home/uav/ros2_ws/install/uuv_gazebo_worlds:/home/uav/ros2_ws/install/uuv_descriptions:/home/uav/ros2_ws/install/uuv_gazebo_ros_plugins:/home/uav/ros2_ws/install/uuv_gazebo_ros_plugins_msgs:/home/uav/ros2_ws/install/uuv_gazebo_plugins:/home/uav/ros2_ws/install/uuv_gazebo:/home/uav/ros2_ws/install/uuv_control_msgs:/home/uav/ros2_ws/install/uuv_control_cascaded_pid:/home/uav/ros2_ws/install/uuv_auv_control_allocator:/home/uav/ros2_ws/install/uuv_assistants:/home/uav/ros2_ws/install/plankton_utils:/home/uav/ros2_ws/install/fish_hpurv_description:/home/uav/ros2_ws/install/fish_hpurv:/home/uav/ros2_ws/install/fish_dvl_plugin:/home/uav/ros2_ws/install/butler:/opt/ros/humble LD_LIBRARY_PATH=/home/uav/ros2_ws/install/gazebo_ros2_control/lib:/home/uav/ros2_ws/install/uuv_world_ros_plugins/lib:/home/uav/ros2_ws/install/uuv_world_ros_plugins_msgs/lib:/home/uav/ros2_ws/install/uuv_world_plugins/lib:/home/uav/ros2_ws/install/uuv_thruster_manager/lib:/home/uav/ros2_ws/install/uuv_sensor_ros_plugins_msgs/lib:/home/uav/ros2_ws/install/uuv_gazebo_ros_plugins/lib:/home/uav/ros2_ws/install/uuv_gazebo_ros_plugins_msgs/lib:/home/uav/ros2_ws/install/uuv_gazebo_plugins/lib:/home/uav/ros2_ws/install/uuv_control_msgs/lib:/home/uav/ros2_ws/install/uuv_auv_control_allocator/lib:/home/uav/ros2_ws/install/fish_dvl_plugin/lib:/usr/lib/x86_64-linux-gnu/gazebo-11/plugins:/opt/ros/humble/opt/rviz_ogre_vendor/lib:/opt/ros/humble/lib/x86_64-linux-gnu:/opt/ros/humble/lib:/usr/lib/x86_64-linux-gnu/gazebo-11/plugins /usr/bin/cmake --install /home/uav/ros2_ws/build/fish_hpurv
[0.329s] Level 1:colcon.colcon_core.environment:create_environment_scripts_only(fish_hpurv)
[0.329s] DEBUG:colcon.colcon_core.event_handler.log_command:Invoked command in '/home/uav/ros2_ws/build/fish_hpurv' returned '0': CMAKE_PREFIX_PATH=/home/uav/ros2_ws/install/gazebo_ros2_control:/home/uav/ros2_ws/install/plankton:/home/uav/ros2_ws/install/uuv_simulator:/home/uav/ros2_ws/install/uuv_world_ros_plugins:/home/uav/ros2_ws/install/uuv_tutorials:/home/uav/ros2_ws/install/uuv_tutorial_dp_controller:/home/uav/ros2_ws/install/uuv_tutorial_disturbances:/home/uav/ros2_ws/install/uuv_control_utils:/home/uav/ros2_ws/install/uuv_world_ros_plugins_msgs:/home/uav/ros2_ws/install/uuv_world_plugins:/home/uav/ros2_ws/install/uuv_tutorial_seabed_world:/home/uav/ros2_ws/install/uuv_trajectory_control:/home/uav/ros2_ws/install/uuv_teleop:/home/uav/ros2_ws/install/uuv_thruster_manager:/home/uav/ros2_ws/install/uuv_sensor_ros_plugins_msgs:/home/uav/ros2_ws/install/uuv_gazebo_worlds:/home/uav/ros2_ws/install/uuv_descriptions:/home/uav/ros2_ws/install/uuv_gazebo_ros_plugins:/home/uav/ros2_ws/install/uuv_gazebo_ros_plugins_msgs:/home/uav/ros2_ws/install/uuv_gazebo_plugins:/home/uav/ros2_ws/install/uuv_gazebo:/home/uav/ros2_ws/install/uuv_control_msgs:/home/uav/ros2_ws/install/uuv_control_cascaded_pid:/home/uav/ros2_ws/install/uuv_auv_control_allocator:/home/uav/ros2_ws/install/uuv_assistants:/home/uav/ros2_ws/install/plankton_utils:/home/uav/ros2_ws/install/fish_hpurv_description:/home/uav/ros2_ws/install/fish_hpurv:/home/uav/ros2_ws/install/fish_dvl_plugin:/home/uav/ros2_ws/install/butler:/opt/ros/humble LD_LIBRARY_PATH=/home/uav/ros2_ws/install/gazebo_ros2_control/lib:/home/uav/ros2_ws/install/uuv_world_ros_plugins/lib:/home/uav/ros2_ws/install/uuv_world_ros_plugins_msgs/lib:/home/uav/ros2_ws/install/uuv_world_plugins/lib:/home/uav/ros2_ws/install/uuv_thruster_manager/lib:/home/uav/ros2_ws/install/uuv_sensor_ros_plugins_msgs/lib:/home/uav/ros2_ws/install/uuv_gazebo_ros_plugins/lib:/home/uav/ros2_ws/install/uuv_gazebo_ros_plugins_msgs/lib:/home/uav/ros2_ws/install/uuv_gazebo_plugins/lib:/home/uav/ros2_ws/install/uuv_control_msgs/lib:/home/uav/ros2_ws/install/uuv_auv_control_allocator/lib:/home/uav/ros2_ws/install/fish_dvl_plugin/lib:/usr/lib/x86_64-linux-gnu/gazebo-11/plugins:/opt/ros/humble/opt/rviz_ogre_vendor/lib:/opt/ros/humble/lib/x86_64-linux-gnu:/opt/ros/humble/lib:/usr/lib/x86_64-linux-gnu/gazebo-11/plugins /usr/bin/cmake --install /home/uav/ros2_ws/build/fish_hpurv
[0.330s] Level 1:colcon.colcon_core.environment:checking '/home/uav/ros2_ws/install/fish_hpurv' for CMake module files
[0.330s] Level 1:colcon.colcon_core.environment:checking '/home/uav/ros2_ws/install/fish_hpurv' for CMake config files
[0.330s] Level 1:colcon.colcon_core.shell:create_environment_hook('fish_hpurv', 'cmake_prefix_path')
[0.330s] INFO:colcon.colcon_core.shell:Creating environment hook '/home/uav/ros2_ws/install/fish_hpurv/share/fish_hpurv/hook/cmake_prefix_path.ps1'
[0.331s] INFO:colcon.colcon_core.shell:Creating environment descriptor '/home/uav/ros2_ws/install/fish_hpurv/share/fish_hpurv/hook/cmake_prefix_path.dsv'
[0.331s] INFO:colcon.colcon_core.shell:Creating environment hook '/home/uav/ros2_ws/install/fish_hpurv/share/fish_hpurv/hook/cmake_prefix_path.sh'
[0.331s] Level 1:colcon.colcon_core.environment:checking '/home/uav/ros2_ws/install/fish_hpurv/lib'
[0.332s] Level 1:colcon.colcon_core.environment:checking '/home/uav/ros2_ws/install/fish_hpurv/bin'
[0.332s] Level 1:colcon.colcon_core.environment:checking '/home/uav/ros2_ws/install/fish_hpurv/lib/pkgconfig/fish_hpurv.pc'
[0.332s] Level 1:colcon.colcon_core.environment:checking '/home/uav/ros2_ws/install/fish_hpurv/lib/python3.10/site-packages'
[0.332s] Level 1:colcon.colcon_core.environment:checking '/home/uav/ros2_ws/install/fish_hpurv/bin'
[0.332s] INFO:colcon.colcon_core.shell:Creating package script '/home/uav/ros2_ws/install/fish_hpurv/share/fish_hpurv/package.ps1'
[0.332s] INFO:colcon.colcon_core.shell:Creating package descriptor '/home/uav/ros2_ws/install/fish_hpurv/share/fish_hpurv/package.dsv'
[0.333s] INFO:colcon.colcon_core.shell:Creating package script '/home/uav/ros2_ws/install/fish_hpurv/share/fish_hpurv/package.sh'
[0.333s] INFO:colcon.colcon_core.shell:Creating package script '/home/uav/ros2_ws/install/fish_hpurv/share/fish_hpurv/package.bash'
[0.333s] INFO:colcon.colcon_core.shell:Creating package script '/home/uav/ros2_ws/install/fish_hpurv/share/fish_hpurv/package.zsh'
[0.334s] Level 1:colcon.colcon_core.environment:create_file_with_runtime_dependencies(/home/uav/ros2_ws/install/fish_hpurv/share/colcon-core/packages/fish_hpurv)
[0.334s] Level 1:colcon.colcon_core.environment:create_environment_scripts_only(fish_hpurv)
[0.334s] Level 1:colcon.colcon_core.environment:checking '/home/uav/ros2_ws/install/fish_hpurv' for CMake module files
[0.334s] Level 1:colcon.colcon_core.environment:checking '/home/uav/ros2_ws/install/fish_hpurv' for CMake config files
[0.334s] Level 1:colcon.colcon_core.shell:create_environment_hook('fish_hpurv', 'cmake_prefix_path')
[0.334s] INFO:colcon.colcon_core.shell:Creating environment hook '/home/uav/ros2_ws/install/fish_hpurv/share/fish_hpurv/hook/cmake_prefix_path.ps1'
[0.334s] INFO:colcon.colcon_core.shell:Creating environment descriptor '/home/uav/ros2_ws/install/fish_hpurv/share/fish_hpurv/hook/cmake_prefix_path.dsv'
[0.335s] INFO:colcon.colcon_core.shell:Creating environment hook '/home/uav/ros2_ws/install/fish_hpurv/share/fish_hpurv/hook/cmake_prefix_path.sh'
[0.335s] Level 1:colcon.colcon_core.environment:checking '/home/uav/ros2_ws/install/fish_hpurv/lib'
[0.335s] Level 1:colcon.colcon_core.environment:checking '/home/uav/ros2_ws/install/fish_hpurv/bin'
[0.335s] Level 1:colcon.colcon_core.environment:checking '/home/uav/ros2_ws/install/fish_hpurv/lib/pkgconfig/fish_hpurv.pc'
[0.335s] Level 1:colcon.colcon_core.environment:checking '/home/uav/ros2_ws/install/fish_hpurv/lib/python3.10/site-packages'
[0.335s] Level 1:colcon.colcon_core.environment:checking '/home/uav/ros2_ws/install/fish_hpurv/bin'
[0.335s] INFO:colcon.colcon_core.shell:Creating package script '/home/uav/ros2_ws/install/fish_hpurv/share/fish_hpurv/package.ps1'
[0.335s] INFO:colcon.colcon_core.shell:Creating package descriptor '/home/uav/ros2_ws/install/fish_hpurv/share/fish_hpurv/package.dsv'
[0.336s] INFO:colcon.colcon_core.shell:Creating package script '/home/uav/ros2_ws/install/fish_hpurv/share/fish_hpurv/package.sh'
[0.336s] INFO:colcon.colcon_core.shell:Creating package script '/home/uav/ros2_ws/install/fish_hpurv/share/fish_hpurv/package.bash'
[0.336s] INFO:colcon.colcon_core.shell:Creating package script '/home/uav/ros2_ws/install/fish_hpurv/share/fish_hpurv/package.zsh'
[0.336s] Level 1:colcon.colcon_core.environment:create_file_with_runtime_dependencies(/home/uav/ros2_ws/install/fish_hpurv/share/colcon-core/packages/fish_hpurv)
[0.337s] DEBUG:colcon.colcon_parallel_executor.executor.parallel:closing loop
[0.337s] DEBUG:colcon.colcon_parallel_executor.executor.parallel:loop closed
[0.337s] DEBUG:colcon.colcon_parallel_executor.executor.parallel:run_until_complete finished with '0'
[0.337s] DEBUG:colcon.colcon_core.event_reactor:joining thread
[0.354s] INFO:colcon.colcon_core.plugin_system:Skipping extension 'colcon_notification.desktop_notification.notify_send': Could not find 'notify-send'
[0.354s] INFO:colcon.colcon_core.plugin_system:Skipping extension 'colcon_notification.desktop_notification.terminal_notifier': Not used on non-Darwin systems
[0.354s] INFO:colcon.colcon_core.plugin_system:Skipping extension 'colcon_notification.desktop_notification.win32': Not used on non-Windows systems
[0.354s] INFO:colcon.colcon_notification.desktop_notification:Sending desktop notification using 'notify2'
[0.355s] DEBUG:colcon.colcon_notification.desktop_notification.notify2:Failed to initialize notify2: org.freedesktop.DBus.Error.FileNotFound: Failed to connect to socket /run/user/1000/bus: No such file or directory
[0.355s] DEBUG:colcon.colcon_core.event_reactor:joined thread
[0.355s] INFO:colcon.colcon_core.shell:Creating prefix script '/home/uav/ros2_ws/install/local_setup.ps1'
[0.355s] INFO:colcon.colcon_core.shell:Creating prefix util module '/home/uav/ros2_ws/install/_local_setup_util_ps1.py'
[0.356s] INFO:colcon.colcon_core.shell:Creating prefix chain script '/home/uav/ros2_ws/install/setup.ps1'
[0.357s] INFO:colcon.colcon_core.shell:Creating prefix script '/home/uav/ros2_ws/install/local_setup.sh'
[0.357s] INFO:colcon.colcon_core.shell:Creating prefix util module '/home/uav/ros2_ws/install/_local_setup_util_sh.py'
[0.357s] INFO:colcon.colcon_core.shell:Creating prefix chain script '/home/uav/ros2_ws/install/setup.sh'
[0.358s] INFO:colcon.colcon_core.shell:Creating prefix script '/home/uav/ros2_ws/install/local_setup.bash'
[0.359s] INFO:colcon.colcon_core.shell:Creating prefix chain script '/home/uav/ros2_ws/install/setup.bash'
[0.359s] INFO:colcon.colcon_core.shell:Creating prefix script '/home/uav/ros2_ws/install/local_setup.zsh'
[0.360s] INFO:colcon.colcon_core.shell:Creating prefix chain script '/home/uav/ros2_ws/install/setup.zsh'
