[0.037s] Invoking command in '/home/uav/ros2_ws/build/fish_hpurv': AMENT_PREFIX_PATH=/home/uav/ros2_ws/install/gazebo_ros2_control:${AMENT_PREFIX_PATH} CMAKE_PREFIX_PATH=/home/uav/ros2_ws/install/gazebo_ros2_control:/home/uav/ros2_ws/install/plankton:/home/uav/ros2_ws/install/uuv_simulator:/home/uav/ros2_ws/install/uuv_world_ros_plugins:/home/uav/ros2_ws/install/uuv_tutorials:/home/uav/ros2_ws/install/uuv_tutorial_dp_controller:/home/uav/ros2_ws/install/uuv_tutorial_disturbances:/home/uav/ros2_ws/install/uuv_control_utils:/home/uav/ros2_ws/install/uuv_world_ros_plugins_msgs:/home/uav/ros2_ws/install/uuv_world_plugins:/home/uav/ros2_ws/install/uuv_tutorial_seabed_world:/home/uav/ros2_ws/install/uuv_trajectory_control:/home/uav/ros2_ws/install/uuv_teleop:/home/uav/ros2_ws/install/uuv_thruster_manager:/home/uav/ros2_ws/install/uuv_sensor_ros_plugins_msgs:/home/uav/ros2_ws/install/uuv_gazebo_worlds:/home/uav/ros2_ws/install/uuv_descriptions:/home/uav/ros2_ws/install/uuv_gazebo_ros_plugins:/home/uav/ros2_ws/install/uuv_gazebo_ros_plugins_msgs:/home/uav/ros2_ws/install/uuv_gazebo_plugins:/home/uav/ros2_ws/install/uuv_gazebo:/home/uav/ros2_ws/install/uuv_control_msgs:/home/uav/ros2_ws/install/uuv_control_cascaded_pid:/home/uav/ros2_ws/install/uuv_auv_control_allocator:/home/uav/ros2_ws/install/uuv_assistants:/home/uav/ros2_ws/install/plankton_utils:/home/uav/ros2_ws/install/fish_hpurv_description:/home/uav/ros2_ws/install/fish_hpurv:/home/uav/ros2_ws/install/fish_dvl_plugin:/home/uav/ros2_ws/install/butler:/home/uav/hero/install/dvl_a50:/home/uav/hero/install/dvl_msgs:/opt/ros/humble LD_LIBRARY_PATH=/home/uav/ros2_ws/install/gazebo_ros2_control/lib:/home/uav/ros2_ws/install/uuv_world_ros_plugins/lib:/home/uav/ros2_ws/install/uuv_world_ros_plugins_msgs/lib:/home/uav/ros2_ws/install/uuv_world_plugins/lib:/home/uav/ros2_ws/install/uuv_thruster_manager/lib:/home/uav/ros2_ws/install/uuv_sensor_ros_plugins_msgs/lib:/home/uav/ros2_ws/install/uuv_gazebo_ros_plugins/lib:/home/uav/ros2_ws/install/uuv_gazebo_ros_plugins_msgs/lib:/home/uav/ros2_ws/install/uuv_gazebo_plugins/lib:/home/uav/ros2_ws/install/uuv_control_msgs/lib:/home/uav/ros2_ws/install/uuv_auv_control_allocator/lib:/home/uav/ros2_ws/install/fish_dvl_plugin/lib:/home/uav/hero/install/dvl_a50/lib:/home/uav/hero/install/dvl_msgs/lib:/usr/lib/x86_64-linux-gnu/gazebo-11/plugins:/opt/ros/humble/opt/rviz_ogre_vendor/lib:/opt/ros/humble/lib/x86_64-linux-gnu:/opt/ros/humble/lib:/usr/lib/x86_64-linux-gnu/gazebo-11/plugins:/usr/lib/x86_64-linux-gnu/gazebo-11/plugins:/usr/lib/x86_64-linux-gnu/gazebo-11/plugins /usr/bin/cmake --build /home/uav/ros2_ws/build/fish_hpurv -- -j20 -l20
[0.049s] -- Found ament_cmake: 1.3.11 (/opt/ros/humble/share/ament_cmake/cmake)
[0.122s] -- Found gazebo_ros: 3.9.0 (/opt/ros/humble/share/gazebo_ros/cmake)
[0.184s] -- Found rosidl_generator_c: 3.1.6 (/opt/ros/humble/share/rosidl_generator_c/cmake)
[0.185s] -- Found rosidl_adapter: 3.1.6 (/opt/ros/humble/share/rosidl_adapter/cmake)
[0.188s] -- Found rosidl_generator_cpp: 3.1.6 (/opt/ros/humble/share/rosidl_generator_cpp/cmake)
[0.194s] -- Using all available rosidl_typesupport_c: rosidl_typesupport_fastrtps_c;rosidl_typesupport_introspection_c
[0.201s] -- Using all available rosidl_typesupport_cpp: rosidl_typesupport_fastrtps_cpp;rosidl_typesupport_introspection_cpp
[0.219s] -- Found rmw_implementation_cmake: 6.1.2 (/opt/ros/humble/share/rmw_implementation_cmake/cmake)
[0.220s] -- Found rmw_fastrtps_cpp: 6.2.7 (/opt/ros/humble/share/rmw_fastrtps_cpp/cmake)
[2.170s] -- Using RMW implementation 'rmw_fastrtps_cpp' as default
[2.212s] -- Found DART: /usr/include (Required is at least version "6.6") found components: dart 
[2.226s] -- Found Protobuf: /usr/lib/x86_64-linux-gnu/libprotobuf.so (found version "3.12.4") 
[2.227s] -- Looking for ignition-math6 -- found version 6.15.1
[2.229s] -- Searching for dependencies of ignition-math6
[2.230s] -- Looking for OGRE...
[2.233s] -- Found Ogre Ghadamon (1.9.0)
[2.233s] -- Found OGRE: optimized;/usr/lib/x86_64-linux-gnu/libOgreMain.so;debug;/usr/lib/x86_64-linux-gnu/libOgreMain.so
[2.239s] -- Looking for OGRE_Paging...
[2.239s] -- Found OGRE_Paging: optimized;/usr/lib/x86_64-linux-gnu/libOgrePaging.so;debug;/usr/lib/x86_64-linux-gnu/libOgrePaging.so
[2.239s] -- Looking for OGRE_Terrain...
[2.239s] -- Found OGRE_Terrain: optimized;/usr/lib/x86_64-linux-gnu/libOgreTerrain.so;debug;/usr/lib/x86_64-linux-gnu/libOgreTerrain.so
[2.239s] -- Looking for OGRE_Property...
[2.239s] -- Found OGRE_Property: optimized;/usr/lib/x86_64-linux-gnu/libOgreProperty.so;debug;/usr/lib/x86_64-linux-gnu/libOgreProperty.so
[2.239s] -- Looking for OGRE_RTShaderSystem...
[2.239s] -- Found OGRE_RTShaderSystem: optimized;/usr/lib/x86_64-linux-gnu/libOgreRTShaderSystem.so;debug;/usr/lib/x86_64-linux-gnu/libOgreRTShaderSystem.so
[2.239s] -- Looking for OGRE_Volume...
[2.239s] -- Found OGRE_Volume: optimized;/usr/lib/x86_64-linux-gnu/libOgreVolume.so;debug;/usr/lib/x86_64-linux-gnu/libOgreVolume.so
[2.239s] -- Looking for OGRE_Overlay...
[2.239s] -- Found OGRE_Overlay: optimized;/usr/lib/x86_64-linux-gnu/libOgreOverlay.so;debug;/usr/lib/x86_64-linux-gnu/libOgreOverlay.so
[9.232s] -- Looking for ignition-math6 -- found version 6.15.1
[9.232s] -- Looking for ignition-transport8 -- found version 8.2.1
[9.232s] -- Searching for dependencies of ignition-transport8
[9.711s] -- Found Protobuf: /usr/lib/x86_64-linux-gnu/libprotobuf.so (found suitable version "3.12.4", minimum required is "3") 
[10.149s] -- Config-file not installed for ZeroMQ -- checking for pkg-config
[10.152s] -- Checking for module 'libzmq >= 4'
[10.158s] --   Found libzmq , version 4.3.4
[10.176s] -- Checking for module 'uuid'
[10.182s] --   Found uuid, version 2.37.2
[10.196s] -- Looking for ignition-msgs5 -- found version 5.8.1
[10.196s] -- Searching for dependencies of ignition-msgs5
[10.647s] -- Looking for ignition-math6 -- found version 6.15.1
[10.649s] -- Checking for module 'tinyxml2'
[10.656s] --   Found tinyxml2, version 9.0.0
[10.670s] -- Looking for ignition-msgs5 -- found version 5.8.1
[10.670s] -- Looking for ignition-common3 -- found version 3.14.0
[10.670s] -- Searching for dependencies of ignition-common3
[10.670s] -- Looking for dlfcn.h - found
[10.670s] -- Looking for libdl - found
[10.708s] -- Searching for <ignition-common3> component [graphics]
[10.708s] -- Looking for ignition-common3-graphics -- found version 3.14.0
[10.708s] -- Searching for dependencies of ignition-common3-graphics
[10.709s] -- Looking for ignition-math6 -- found version 6.15.1
[10.709s] -- Looking for ignition-fuel_tools4 -- found version 4.4.0
[10.709s] -- Searching for dependencies of ignition-fuel_tools4
[11.216s] -- Checking for module 'jsoncpp'
[11.223s] --   Found jsoncpp, version 1.9.5
[11.241s] -- Checking for module 'libzip'
[11.247s] --   Found libzip, version 1.7.3
[11.261s] -- Looking for ignition-common3 -- found version 3.14.0
[11.261s] -- Looking for ignition-math6 -- found version 6.15.1
[11.261s] -- Looking for ignition-msgs5 -- found version 5.8.1
[11.262s] -- Gazebo version: 11.10
[11.263s] -- Found xacro: 2.0.8 (/opt/ros/humble/share/xacro/cmake)
[11.263s] -- Found trajectory_msgs: 4.2.4 (/opt/ros/humble/share/trajectory_msgs/cmake)
[11.279s] -- Found ament_lint_auto: 0.12.11 (/opt/ros/humble/share/ament_lint_auto/cmake)
[11.327s] -- Added test 'copyright' to check source files copyright and LICENSE
[11.334s] -- Added test 'cppcheck' to perform static code analysis on C / C++ code
[11.334s] -- Configured cppcheck include dirs: 
[11.334s] -- Configured cppcheck exclude dirs and/or files: 
[11.336s] -- Added test 'cpplint' to check C / C++ code against the Google style
[11.336s] -- Configured cpplint exclude dirs and/or files: 
[11.337s] -- Added test 'flake8' to check Python code syntax and style conventions
[11.337s] -- Added test 'lint_cmake' to check CMake code style
[11.338s] -- Added test 'pep257' to check Python code against some of the docstring style conventions in PEP 257
[11.339s] -- Added test 'uncrustify' to check C / C++ code style
[11.340s] -- Configured uncrustify additional arguments: 
[11.340s] -- Added test 'xmllint' to check XML markup files
[11.342s] -- Configuring done
[11.351s] -- Generating done
[11.354s] -- Build files have been written to: /home/uav/ros2_ws/build/fish_hpurv
[11.374s] [ 50%] [32mBuilding CXX object CMakeFiles/joint_publisher.dir/scripts/joint_publisher.cpp.o[0m
[14.033s] [100%] [32m[1mLinking CXX executable joint_publisher[0m
[14.202s] [100%] Built target joint_publisher
[14.208s] Invoked command in '/home/uav/ros2_ws/build/fish_hpurv' returned '0': AMENT_PREFIX_PATH=/home/uav/ros2_ws/install/gazebo_ros2_control:${AMENT_PREFIX_PATH} CMAKE_PREFIX_PATH=/home/uav/ros2_ws/install/gazebo_ros2_control:/home/uav/ros2_ws/install/plankton:/home/uav/ros2_ws/install/uuv_simulator:/home/uav/ros2_ws/install/uuv_world_ros_plugins:/home/uav/ros2_ws/install/uuv_tutorials:/home/uav/ros2_ws/install/uuv_tutorial_dp_controller:/home/uav/ros2_ws/install/uuv_tutorial_disturbances:/home/uav/ros2_ws/install/uuv_control_utils:/home/uav/ros2_ws/install/uuv_world_ros_plugins_msgs:/home/uav/ros2_ws/install/uuv_world_plugins:/home/uav/ros2_ws/install/uuv_tutorial_seabed_world:/home/uav/ros2_ws/install/uuv_trajectory_control:/home/uav/ros2_ws/install/uuv_teleop:/home/uav/ros2_ws/install/uuv_thruster_manager:/home/uav/ros2_ws/install/uuv_sensor_ros_plugins_msgs:/home/uav/ros2_ws/install/uuv_gazebo_worlds:/home/uav/ros2_ws/install/uuv_descriptions:/home/uav/ros2_ws/install/uuv_gazebo_ros_plugins:/home/uav/ros2_ws/install/uuv_gazebo_ros_plugins_msgs:/home/uav/ros2_ws/install/uuv_gazebo_plugins:/home/uav/ros2_ws/install/uuv_gazebo:/home/uav/ros2_ws/install/uuv_control_msgs:/home/uav/ros2_ws/install/uuv_control_cascaded_pid:/home/uav/ros2_ws/install/uuv_auv_control_allocator:/home/uav/ros2_ws/install/uuv_assistants:/home/uav/ros2_ws/install/plankton_utils:/home/uav/ros2_ws/install/fish_hpurv_description:/home/uav/ros2_ws/install/fish_hpurv:/home/uav/ros2_ws/install/fish_dvl_plugin:/home/uav/ros2_ws/install/butler:/home/uav/hero/install/dvl_a50:/home/uav/hero/install/dvl_msgs:/opt/ros/humble LD_LIBRARY_PATH=/home/uav/ros2_ws/install/gazebo_ros2_control/lib:/home/uav/ros2_ws/install/uuv_world_ros_plugins/lib:/home/uav/ros2_ws/install/uuv_world_ros_plugins_msgs/lib:/home/uav/ros2_ws/install/uuv_world_plugins/lib:/home/uav/ros2_ws/install/uuv_thruster_manager/lib:/home/uav/ros2_ws/install/uuv_sensor_ros_plugins_msgs/lib:/home/uav/ros2_ws/install/uuv_gazebo_ros_plugins/lib:/home/uav/ros2_ws/install/uuv_gazebo_ros_plugins_msgs/lib:/home/uav/ros2_ws/install/uuv_gazebo_plugins/lib:/home/uav/ros2_ws/install/uuv_control_msgs/lib:/home/uav/ros2_ws/install/uuv_auv_control_allocator/lib:/home/uav/ros2_ws/install/fish_dvl_plugin/lib:/home/uav/hero/install/dvl_a50/lib:/home/uav/hero/install/dvl_msgs/lib:/usr/lib/x86_64-linux-gnu/gazebo-11/plugins:/opt/ros/humble/opt/rviz_ogre_vendor/lib:/opt/ros/humble/lib/x86_64-linux-gnu:/opt/ros/humble/lib:/usr/lib/x86_64-linux-gnu/gazebo-11/plugins:/usr/lib/x86_64-linux-gnu/gazebo-11/plugins:/usr/lib/x86_64-linux-gnu/gazebo-11/plugins /usr/bin/cmake --build /home/uav/ros2_ws/build/fish_hpurv -- -j20 -l20
[14.214s] Invoking command in '/home/uav/ros2_ws/build/fish_hpurv': AMENT_PREFIX_PATH=/home/uav/ros2_ws/install/gazebo_ros2_control:${AMENT_PREFIX_PATH} CMAKE_PREFIX_PATH=/home/uav/ros2_ws/install/gazebo_ros2_control:/home/uav/ros2_ws/install/plankton:/home/uav/ros2_ws/install/uuv_simulator:/home/uav/ros2_ws/install/uuv_world_ros_plugins:/home/uav/ros2_ws/install/uuv_tutorials:/home/uav/ros2_ws/install/uuv_tutorial_dp_controller:/home/uav/ros2_ws/install/uuv_tutorial_disturbances:/home/uav/ros2_ws/install/uuv_control_utils:/home/uav/ros2_ws/install/uuv_world_ros_plugins_msgs:/home/uav/ros2_ws/install/uuv_world_plugins:/home/uav/ros2_ws/install/uuv_tutorial_seabed_world:/home/uav/ros2_ws/install/uuv_trajectory_control:/home/uav/ros2_ws/install/uuv_teleop:/home/uav/ros2_ws/install/uuv_thruster_manager:/home/uav/ros2_ws/install/uuv_sensor_ros_plugins_msgs:/home/uav/ros2_ws/install/uuv_gazebo_worlds:/home/uav/ros2_ws/install/uuv_descriptions:/home/uav/ros2_ws/install/uuv_gazebo_ros_plugins:/home/uav/ros2_ws/install/uuv_gazebo_ros_plugins_msgs:/home/uav/ros2_ws/install/uuv_gazebo_plugins:/home/uav/ros2_ws/install/uuv_gazebo:/home/uav/ros2_ws/install/uuv_control_msgs:/home/uav/ros2_ws/install/uuv_control_cascaded_pid:/home/uav/ros2_ws/install/uuv_auv_control_allocator:/home/uav/ros2_ws/install/uuv_assistants:/home/uav/ros2_ws/install/plankton_utils:/home/uav/ros2_ws/install/fish_hpurv_description:/home/uav/ros2_ws/install/fish_hpurv:/home/uav/ros2_ws/install/fish_dvl_plugin:/home/uav/ros2_ws/install/butler:/home/uav/hero/install/dvl_a50:/home/uav/hero/install/dvl_msgs:/opt/ros/humble LD_LIBRARY_PATH=/home/uav/ros2_ws/install/gazebo_ros2_control/lib:/home/uav/ros2_ws/install/uuv_world_ros_plugins/lib:/home/uav/ros2_ws/install/uuv_world_ros_plugins_msgs/lib:/home/uav/ros2_ws/install/uuv_world_plugins/lib:/home/uav/ros2_ws/install/uuv_thruster_manager/lib:/home/uav/ros2_ws/install/uuv_sensor_ros_plugins_msgs/lib:/home/uav/ros2_ws/install/uuv_gazebo_ros_plugins/lib:/home/uav/ros2_ws/install/uuv_gazebo_ros_plugins_msgs/lib:/home/uav/ros2_ws/install/uuv_gazebo_plugins/lib:/home/uav/ros2_ws/install/uuv_control_msgs/lib:/home/uav/ros2_ws/install/uuv_auv_control_allocator/lib:/home/uav/ros2_ws/install/fish_dvl_plugin/lib:/home/uav/hero/install/dvl_a50/lib:/home/uav/hero/install/dvl_msgs/lib:/usr/lib/x86_64-linux-gnu/gazebo-11/plugins:/opt/ros/humble/opt/rviz_ogre_vendor/lib:/opt/ros/humble/lib/x86_64-linux-gnu:/opt/ros/humble/lib:/usr/lib/x86_64-linux-gnu/gazebo-11/plugins:/usr/lib/x86_64-linux-gnu/gazebo-11/plugins:/usr/lib/x86_64-linux-gnu/gazebo-11/plugins /usr/bin/cmake --install /home/uav/ros2_ws/build/fish_hpurv
[14.217s] -- Install configuration: ""
[14.217s] -- Up-to-date: /home/uav/ros2_ws/install/fish_hpurv/share/fish_hpurv/launch
[14.217s] -- Up-to-date: /home/uav/ros2_ws/install/fish_hpurv/share/fish_hpurv/launch/display.launch.py
[14.217s] -- Up-to-date: /home/uav/ros2_ws/install/fish_hpurv/share/fish_hpurv/launch/display1.launch.py
[14.217s] -- Up-to-date: /home/uav/ros2_ws/install/fish_hpurv/share/fish_hpurv/urdf
[14.217s] -- Up-to-date: /home/uav/ros2_ws/install/fish_hpurv/share/fish_hpurv/urdf/fish.urdf
[14.217s] -- Up-to-date: /home/uav/ros2_ws/install/fish_hpurv/share/fish_hpurv/urdf/fish_hpurv_macro.urdf.xacro
[14.218s] -- Up-to-date: /home/uav/ros2_ws/install/fish_hpurv/share/fish_hpurv/config
[14.218s] -- Up-to-date: /home/uav/ros2_ws/install/fish_hpurv/share/fish_hpurv/config/my_controllers.yaml
[14.218s] -- Up-to-date: /home/uav/ros2_ws/install/fish_hpurv/share/fish_hpurv/config/display.rviz
[14.218s] -- Up-to-date: /home/uav/ros2_ws/install/fish_hpurv/share/fish_hpurv/meshes
[14.218s] -- Up-to-date: /home/uav/ros2_ws/install/fish_hpurv/share/fish_hpurv/meshes/link_pectoral_left.part
[14.218s] -- Up-to-date: /home/uav/ros2_ws/install/fish_hpurv/share/fish_hpurv/meshes/link_pectoral_right.stl
[14.218s] -- Up-to-date: /home/uav/ros2_ws/install/fish_hpurv/share/fish_hpurv/meshes/link_base.stl
[14.218s] -- Up-to-date: /home/uav/ros2_ws/install/fish_hpurv/share/fish_hpurv/meshes/link_base.part
[14.218s] -- Up-to-date: /home/uav/ros2_ws/install/fish_hpurv/share/fish_hpurv/meshes/link_pectoral_left.stl
[14.218s] -- Up-to-date: /home/uav/ros2_ws/install/fish_hpurv/share/fish_hpurv/meshes/link_caudal.part
[14.218s] -- Up-to-date: /home/uav/ros2_ws/install/fish_hpurv/share/fish_hpurv/meshes/link_pectoral_right.part
[14.218s] -- Up-to-date: /home/uav/ros2_ws/install/fish_hpurv/share/fish_hpurv/meshes/link_caudal.stl
[14.218s] -- Up-to-date: /home/uav/ros2_ws/install/fish_hpurv/share/fish_hpurv/worlds
[14.218s] -- Up-to-date: /home/uav/ros2_ws/install/fish_hpurv/share/fish_hpurv/worlds/room.sdf
[14.218s] -- Up-to-date: /home/uav/ros2_ws/install/fish_hpurv/share/fish_hpurv/worlds/ocean.world
[14.219s] -- Up-to-date: /home/uav/ros2_ws/install/fish_hpurv/share/fish_hpurv/worlds/fish_world.world
[14.219s] -- Up-to-date: /home/uav/ros2_ws/install/fish_hpurv/share/fish_hpurv/models
[14.219s] -- Up-to-date: /home/uav/ros2_ws/install/fish_hpurv/share/fish_hpurv/models/fish_hpurv
[14.219s] -- Up-to-date: /home/uav/ros2_ws/install/fish_hpurv/share/fish_hpurv/models/fish_hpurv/fish.sdf
[14.219s] -- Up-to-date: /home/uav/ros2_ws/install/fish_hpurv/share/fish_hpurv/models/fish_hpurv/meshes
[14.219s] -- Up-to-date: /home/uav/ros2_ws/install/fish_hpurv/share/fish_hpurv/models/fish_hpurv/meshes/link_pectoral_left.part
[14.219s] -- Up-to-date: /home/uav/ros2_ws/install/fish_hpurv/share/fish_hpurv/models/fish_hpurv/meshes/link_pectoral_right.stl
[14.219s] -- Up-to-date: /home/uav/ros2_ws/install/fish_hpurv/share/fish_hpurv/models/fish_hpurv/meshes/link_base.stl
[14.219s] -- Up-to-date: /home/uav/ros2_ws/install/fish_hpurv/share/fish_hpurv/models/fish_hpurv/meshes/link_base.part
[14.219s] -- Up-to-date: /home/uav/ros2_ws/install/fish_hpurv/share/fish_hpurv/models/fish_hpurv/meshes/link_pectoral_left.stl
[14.219s] -- Up-to-date: /home/uav/ros2_ws/install/fish_hpurv/share/fish_hpurv/models/fish_hpurv/meshes/link_caudal.part
[14.219s] -- Up-to-date: /home/uav/ros2_ws/install/fish_hpurv/share/fish_hpurv/models/fish_hpurv/meshes/link_pectoral_right.part
[14.219s] -- Up-to-date: /home/uav/ros2_ws/install/fish_hpurv/share/fish_hpurv/models/fish_hpurv/meshes/link_caudal.stl
[14.219s] -- Up-to-date: /home/uav/ros2_ws/install/fish_hpurv/share/fish_hpurv/models/fish_hpurv/model.config
[14.219s] -- Up-to-date: /home/uav/ros2_ws/install/fish_hpurv/share/fish_hpurv/urdf
[14.219s] -- Up-to-date: /home/uav/ros2_ws/install/fish_hpurv/share/fish_hpurv/urdf/fish_hpurv_macro.urdf.xacro
[14.219s] -- Installing: /home/uav/ros2_ws/install/fish_hpurv/lib/fish_hpurv/joint_publisher
[14.220s] -- Set runtime path of "/home/uav/ros2_ws/install/fish_hpurv/lib/fish_hpurv/joint_publisher" to ""
[14.220s] -- Installing: /home/uav/ros2_ws/install/fish_hpurv/share/ament_index/resource_index/package_run_dependencies/fish_hpurv
[14.220s] -- Installing: /home/uav/ros2_ws/install/fish_hpurv/share/ament_index/resource_index/parent_prefix_path/fish_hpurv
[14.220s] -- Up-to-date: /home/uav/ros2_ws/install/fish_hpurv/share/fish_hpurv/environment/ament_prefix_path.sh
[14.220s] -- Installing: /home/uav/ros2_ws/install/fish_hpurv/share/fish_hpurv/environment/ament_prefix_path.dsv
[14.220s] -- Up-to-date: /home/uav/ros2_ws/install/fish_hpurv/share/fish_hpurv/environment/path.sh
[14.220s] -- Installing: /home/uav/ros2_ws/install/fish_hpurv/share/fish_hpurv/environment/path.dsv
[14.220s] -- Up-to-date: /home/uav/ros2_ws/install/fish_hpurv/share/fish_hpurv/local_setup.bash
[14.220s] -- Up-to-date: /home/uav/ros2_ws/install/fish_hpurv/share/fish_hpurv/local_setup.sh
[14.220s] -- Up-to-date: /home/uav/ros2_ws/install/fish_hpurv/share/fish_hpurv/local_setup.zsh
[14.220s] -- Installing: /home/uav/ros2_ws/install/fish_hpurv/share/fish_hpurv/local_setup.dsv
[14.221s] -- Installing: /home/uav/ros2_ws/install/fish_hpurv/share/fish_hpurv/package.dsv
[14.221s] -- Up-to-date: /home/uav/ros2_ws/install/fish_hpurv/share/ament_index/resource_index/packages/fish_hpurv
[14.221s] -- Installing: /home/uav/ros2_ws/install/fish_hpurv/share/fish_hpurv/cmake/ament_cmake_export_dependencies-extras.cmake
[14.221s] -- Up-to-date: /home/uav/ros2_ws/install/fish_hpurv/share/fish_hpurv/cmake/fish_hpurvConfig.cmake
[14.221s] -- Up-to-date: /home/uav/ros2_ws/install/fish_hpurv/share/fish_hpurv/cmake/fish_hpurvConfig-version.cmake
[14.221s] -- Installing: /home/uav/ros2_ws/install/fish_hpurv/share/fish_hpurv/package.xml
[14.222s] Invoked command in '/home/uav/ros2_ws/build/fish_hpurv' returned '0': AMENT_PREFIX_PATH=/home/uav/ros2_ws/install/gazebo_ros2_control:${AMENT_PREFIX_PATH} CMAKE_PREFIX_PATH=/home/uav/ros2_ws/install/gazebo_ros2_control:/home/uav/ros2_ws/install/plankton:/home/uav/ros2_ws/install/uuv_simulator:/home/uav/ros2_ws/install/uuv_world_ros_plugins:/home/uav/ros2_ws/install/uuv_tutorials:/home/uav/ros2_ws/install/uuv_tutorial_dp_controller:/home/uav/ros2_ws/install/uuv_tutorial_disturbances:/home/uav/ros2_ws/install/uuv_control_utils:/home/uav/ros2_ws/install/uuv_world_ros_plugins_msgs:/home/uav/ros2_ws/install/uuv_world_plugins:/home/uav/ros2_ws/install/uuv_tutorial_seabed_world:/home/uav/ros2_ws/install/uuv_trajectory_control:/home/uav/ros2_ws/install/uuv_teleop:/home/uav/ros2_ws/install/uuv_thruster_manager:/home/uav/ros2_ws/install/uuv_sensor_ros_plugins_msgs:/home/uav/ros2_ws/install/uuv_gazebo_worlds:/home/uav/ros2_ws/install/uuv_descriptions:/home/uav/ros2_ws/install/uuv_gazebo_ros_plugins:/home/uav/ros2_ws/install/uuv_gazebo_ros_plugins_msgs:/home/uav/ros2_ws/install/uuv_gazebo_plugins:/home/uav/ros2_ws/install/uuv_gazebo:/home/uav/ros2_ws/install/uuv_control_msgs:/home/uav/ros2_ws/install/uuv_control_cascaded_pid:/home/uav/ros2_ws/install/uuv_auv_control_allocator:/home/uav/ros2_ws/install/uuv_assistants:/home/uav/ros2_ws/install/plankton_utils:/home/uav/ros2_ws/install/fish_hpurv_description:/home/uav/ros2_ws/install/fish_hpurv:/home/uav/ros2_ws/install/fish_dvl_plugin:/home/uav/ros2_ws/install/butler:/home/uav/hero/install/dvl_a50:/home/uav/hero/install/dvl_msgs:/opt/ros/humble LD_LIBRARY_PATH=/home/uav/ros2_ws/install/gazebo_ros2_control/lib:/home/uav/ros2_ws/install/uuv_world_ros_plugins/lib:/home/uav/ros2_ws/install/uuv_world_ros_plugins_msgs/lib:/home/uav/ros2_ws/install/uuv_world_plugins/lib:/home/uav/ros2_ws/install/uuv_thruster_manager/lib:/home/uav/ros2_ws/install/uuv_sensor_ros_plugins_msgs/lib:/home/uav/ros2_ws/install/uuv_gazebo_ros_plugins/lib:/home/uav/ros2_ws/install/uuv_gazebo_ros_plugins_msgs/lib:/home/uav/ros2_ws/install/uuv_gazebo_plugins/lib:/home/uav/ros2_ws/install/uuv_control_msgs/lib:/home/uav/ros2_ws/install/uuv_auv_control_allocator/lib:/home/uav/ros2_ws/install/fish_dvl_plugin/lib:/home/uav/hero/install/dvl_a50/lib:/home/uav/hero/install/dvl_msgs/lib:/usr/lib/x86_64-linux-gnu/gazebo-11/plugins:/opt/ros/humble/opt/rviz_ogre_vendor/lib:/opt/ros/humble/lib/x86_64-linux-gnu:/opt/ros/humble/lib:/usr/lib/x86_64-linux-gnu/gazebo-11/plugins:/usr/lib/x86_64-linux-gnu/gazebo-11/plugins:/usr/lib/x86_64-linux-gnu/gazebo-11/plugins /usr/bin/cmake --install /home/uav/ros2_ws/build/fish_hpurv
