[0.037s] Invoking command in '/home/uav/ros2_ws/build/fish_hpurv': CMAKE_PREFIX_PATH=${CMAKE_PREFIX_PATH}:/opt/ros/humble LD_LIBRARY_PATH=/home/uav/ros2_ws/install/gazebo_ros2_control/lib:/home/uav/ros2_ws/install/uuv_world_ros_plugins/lib:/home/uav/ros2_ws/install/uuv_world_ros_plugins_msgs/lib:/home/uav/ros2_ws/install/uuv_world_plugins/lib:/home/uav/ros2_ws/install/uuv_thruster_manager/lib:/home/uav/ros2_ws/install/uuv_sensor_ros_plugins_msgs/lib:/home/uav/ros2_ws/install/uuv_gazebo_ros_plugins/lib:/home/uav/ros2_ws/install/uuv_gazebo_ros_plugins_msgs/lib:/home/uav/ros2_ws/install/uuv_gazebo_plugins/lib:/home/uav/ros2_ws/install/uuv_control_msgs/lib:/home/uav/ros2_ws/install/uuv_auv_control_allocator/lib:/home/uav/ros2_ws/install/fish_dvl_plugin/lib:/home/uav/hero/install/dvl_a50/lib:/home/uav/hero/install/dvl_msgs/lib:/usr/lib/x86_64-linux-gnu/gazebo-11/plugins:/opt/ros/humble/opt/rviz_ogre_vendor/lib:/opt/ros/humble/lib/x86_64-linux-gnu:/opt/ros/humble/lib:/usr/lib/x86_64-linux-gnu/gazebo-11/plugins:/usr/lib/x86_64-linux-gnu/gazebo-11/plugins:/usr/lib/x86_64-linux-gnu/gazebo-11/plugins:/usr/lib/x86_64-linux-gnu/gazebo-11/plugins:/usr/lib/x86_64-linux-gnu/gazebo-11/plugins:/usr/lib/x86_64-linux-gnu/gazebo-11/plugins /usr/bin/cmake --build /home/uav/ros2_ws/build/fish_hpurv -- -j20 -l20
[0.064s] [100%] Built target joint_publisher
[0.070s] Invoked command in '/home/uav/ros2_ws/build/fish_hpurv' returned '0': CMAKE_PREFIX_PATH=${CMAKE_PREFIX_PATH}:/opt/ros/humble LD_LIBRARY_PATH=/home/uav/ros2_ws/install/gazebo_ros2_control/lib:/home/uav/ros2_ws/install/uuv_world_ros_plugins/lib:/home/uav/ros2_ws/install/uuv_world_ros_plugins_msgs/lib:/home/uav/ros2_ws/install/uuv_world_plugins/lib:/home/uav/ros2_ws/install/uuv_thruster_manager/lib:/home/uav/ros2_ws/install/uuv_sensor_ros_plugins_msgs/lib:/home/uav/ros2_ws/install/uuv_gazebo_ros_plugins/lib:/home/uav/ros2_ws/install/uuv_gazebo_ros_plugins_msgs/lib:/home/uav/ros2_ws/install/uuv_gazebo_plugins/lib:/home/uav/ros2_ws/install/uuv_control_msgs/lib:/home/uav/ros2_ws/install/uuv_auv_control_allocator/lib:/home/uav/ros2_ws/install/fish_dvl_plugin/lib:/home/uav/hero/install/dvl_a50/lib:/home/uav/hero/install/dvl_msgs/lib:/usr/lib/x86_64-linux-gnu/gazebo-11/plugins:/opt/ros/humble/opt/rviz_ogre_vendor/lib:/opt/ros/humble/lib/x86_64-linux-gnu:/opt/ros/humble/lib:/usr/lib/x86_64-linux-gnu/gazebo-11/plugins:/usr/lib/x86_64-linux-gnu/gazebo-11/plugins:/usr/lib/x86_64-linux-gnu/gazebo-11/plugins:/usr/lib/x86_64-linux-gnu/gazebo-11/plugins:/usr/lib/x86_64-linux-gnu/gazebo-11/plugins:/usr/lib/x86_64-linux-gnu/gazebo-11/plugins /usr/bin/cmake --build /home/uav/ros2_ws/build/fish_hpurv -- -j20 -l20
[0.075s] Invoking command in '/home/uav/ros2_ws/build/fish_hpurv': CMAKE_PREFIX_PATH=${CMAKE_PREFIX_PATH}:/opt/ros/humble LD_LIBRARY_PATH=/home/uav/ros2_ws/install/gazebo_ros2_control/lib:/home/uav/ros2_ws/install/uuv_world_ros_plugins/lib:/home/uav/ros2_ws/install/uuv_world_ros_plugins_msgs/lib:/home/uav/ros2_ws/install/uuv_world_plugins/lib:/home/uav/ros2_ws/install/uuv_thruster_manager/lib:/home/uav/ros2_ws/install/uuv_sensor_ros_plugins_msgs/lib:/home/uav/ros2_ws/install/uuv_gazebo_ros_plugins/lib:/home/uav/ros2_ws/install/uuv_gazebo_ros_plugins_msgs/lib:/home/uav/ros2_ws/install/uuv_gazebo_plugins/lib:/home/uav/ros2_ws/install/uuv_control_msgs/lib:/home/uav/ros2_ws/install/uuv_auv_control_allocator/lib:/home/uav/ros2_ws/install/fish_dvl_plugin/lib:/home/uav/hero/install/dvl_a50/lib:/home/uav/hero/install/dvl_msgs/lib:/usr/lib/x86_64-linux-gnu/gazebo-11/plugins:/opt/ros/humble/opt/rviz_ogre_vendor/lib:/opt/ros/humble/lib/x86_64-linux-gnu:/opt/ros/humble/lib:/usr/lib/x86_64-linux-gnu/gazebo-11/plugins:/usr/lib/x86_64-linux-gnu/gazebo-11/plugins:/usr/lib/x86_64-linux-gnu/gazebo-11/plugins:/usr/lib/x86_64-linux-gnu/gazebo-11/plugins:/usr/lib/x86_64-linux-gnu/gazebo-11/plugins:/usr/lib/x86_64-linux-gnu/gazebo-11/plugins /usr/bin/cmake --install /home/uav/ros2_ws/build/fish_hpurv
[0.078s] -- Install configuration: ""
[0.078s] -- Up-to-date: /home/uav/ros2_ws/install/fish_hpurv/share/fish_hpurv/launch
[0.078s] -- Up-to-date: /home/uav/ros2_ws/install/fish_hpurv/share/fish_hpurv/launch/display.launch.py
[0.078s] -- Up-to-date: /home/uav/ros2_ws/install/fish_hpurv/share/fish_hpurv/launch/display1.launch.py
[0.078s] -- Up-to-date: /home/uav/ros2_ws/install/fish_hpurv/share/fish_hpurv/urdf
[0.078s] -- Up-to-date: /home/uav/ros2_ws/install/fish_hpurv/share/fish_hpurv/urdf/fish.urdf
[0.078s] -- Installing: /home/uav/ros2_ws/install/fish_hpurv/share/fish_hpurv/urdf/fish_hpurv_macro.urdf.xacro
[0.078s] -- Up-to-date: /home/uav/ros2_ws/install/fish_hpurv/share/fish_hpurv/config
[0.079s] -- Up-to-date: /home/uav/ros2_ws/install/fish_hpurv/share/fish_hpurv/config/my_controllers.yaml
[0.079s] -- Up-to-date: /home/uav/ros2_ws/install/fish_hpurv/share/fish_hpurv/config/display.rviz
[0.079s] -- Up-to-date: /home/uav/ros2_ws/install/fish_hpurv/share/fish_hpurv/meshes
[0.079s] -- Up-to-date: /home/uav/ros2_ws/install/fish_hpurv/share/fish_hpurv/meshes/link_pectoral_left.part
[0.079s] -- Up-to-date: /home/uav/ros2_ws/install/fish_hpurv/share/fish_hpurv/meshes/link_pectoral_right.stl
[0.079s] -- Up-to-date: /home/uav/ros2_ws/install/fish_hpurv/share/fish_hpurv/meshes/link_base.stl
[0.079s] -- Up-to-date: /home/uav/ros2_ws/install/fish_hpurv/share/fish_hpurv/meshes/link_base.part
[0.079s] -- Up-to-date: /home/uav/ros2_ws/install/fish_hpurv/share/fish_hpurv/meshes/link_pectoral_left.stl
[0.079s] -- Up-to-date: /home/uav/ros2_ws/install/fish_hpurv/share/fish_hpurv/meshes/link_caudal.part
[0.079s] -- Up-to-date: /home/uav/ros2_ws/install/fish_hpurv/share/fish_hpurv/meshes/link_pectoral_right.part
[0.079s] -- Up-to-date: /home/uav/ros2_ws/install/fish_hpurv/share/fish_hpurv/meshes/link_caudal.stl
[0.079s] -- Up-to-date: /home/uav/ros2_ws/install/fish_hpurv/share/fish_hpurv/worlds
[0.079s] -- Up-to-date: /home/uav/ros2_ws/install/fish_hpurv/share/fish_hpurv/worlds/room.sdf
[0.079s] -- Up-to-date: /home/uav/ros2_ws/install/fish_hpurv/share/fish_hpurv/worlds/ocean.world
[0.079s] -- Up-to-date: /home/uav/ros2_ws/install/fish_hpurv/share/fish_hpurv/worlds/fish_world.world
[0.079s] -- Up-to-date: /home/uav/ros2_ws/install/fish_hpurv/share/fish_hpurv/models
[0.079s] -- Up-to-date: /home/uav/ros2_ws/install/fish_hpurv/share/fish_hpurv/models/fish_hpurv
[0.079s] -- Up-to-date: /home/uav/ros2_ws/install/fish_hpurv/share/fish_hpurv/models/fish_hpurv/fish.sdf
[0.079s] -- Up-to-date: /home/uav/ros2_ws/install/fish_hpurv/share/fish_hpurv/models/fish_hpurv/meshes
[0.079s] -- Up-to-date: /home/uav/ros2_ws/install/fish_hpurv/share/fish_hpurv/models/fish_hpurv/meshes/link_pectoral_left.part
[0.079s] -- Up-to-date: /home/uav/ros2_ws/install/fish_hpurv/share/fish_hpurv/models/fish_hpurv/meshes/link_pectoral_right.stl
[0.079s] -- Up-to-date: /home/uav/ros2_ws/install/fish_hpurv/share/fish_hpurv/models/fish_hpurv/meshes/link_base.stl
[0.079s] -- Up-to-date: /home/uav/ros2_ws/install/fish_hpurv/share/fish_hpurv/models/fish_hpurv/meshes/link_base.part
[0.079s] -- Up-to-date: /home/uav/ros2_ws/install/fish_hpurv/share/fish_hpurv/models/fish_hpurv/meshes/link_pectoral_left.stl
[0.079s] -- Up-to-date: /home/uav/ros2_ws/install/fish_hpurv/share/fish_hpurv/models/fish_hpurv/meshes/link_caudal.part
[0.079s] -- Up-to-date: /home/uav/ros2_ws/install/fish_hpurv/share/fish_hpurv/models/fish_hpurv/meshes/link_pectoral_right.part
[0.080s] -- Up-to-date: /home/uav/ros2_ws/install/fish_hpurv/share/fish_hpurv/models/fish_hpurv/meshes/link_caudal.stl
[0.080s] -- Up-to-date: /home/uav/ros2_ws/install/fish_hpurv/share/fish_hpurv/models/fish_hpurv/model.config
[0.080s] -- Up-to-date: /home/uav/ros2_ws/install/fish_hpurv/share/fish_hpurv/urdf
[0.080s] -- Up-to-date: /home/uav/ros2_ws/install/fish_hpurv/share/fish_hpurv/urdf/fish_hpurv_macro.urdf.xacro
[0.080s] -- Up-to-date: /home/uav/ros2_ws/install/fish_hpurv/lib/fish_hpurv/joint_publisher
[0.080s] -- Up-to-date: /home/uav/ros2_ws/install/fish_hpurv/share/ament_index/resource_index/package_run_dependencies/fish_hpurv
[0.080s] -- Up-to-date: /home/uav/ros2_ws/install/fish_hpurv/share/ament_index/resource_index/parent_prefix_path/fish_hpurv
[0.080s] -- Up-to-date: /home/uav/ros2_ws/install/fish_hpurv/share/fish_hpurv/environment/ament_prefix_path.sh
[0.080s] -- Up-to-date: /home/uav/ros2_ws/install/fish_hpurv/share/fish_hpurv/environment/ament_prefix_path.dsv
[0.080s] -- Up-to-date: /home/uav/ros2_ws/install/fish_hpurv/share/fish_hpurv/environment/path.sh
[0.080s] -- Up-to-date: /home/uav/ros2_ws/install/fish_hpurv/share/fish_hpurv/environment/path.dsv
[0.080s] -- Up-to-date: /home/uav/ros2_ws/install/fish_hpurv/share/fish_hpurv/local_setup.bash
[0.080s] -- Up-to-date: /home/uav/ros2_ws/install/fish_hpurv/share/fish_hpurv/local_setup.sh
[0.081s] -- Up-to-date: /home/uav/ros2_ws/install/fish_hpurv/share/fish_hpurv/local_setup.zsh
[0.081s] -- Up-to-date: /home/uav/ros2_ws/install/fish_hpurv/share/fish_hpurv/local_setup.dsv
[0.081s] -- Up-to-date: /home/uav/ros2_ws/install/fish_hpurv/share/fish_hpurv/package.dsv
[0.081s] -- Up-to-date: /home/uav/ros2_ws/install/fish_hpurv/share/ament_index/resource_index/packages/fish_hpurv
[0.081s] -- Up-to-date: /home/uav/ros2_ws/install/fish_hpurv/share/fish_hpurv/cmake/ament_cmake_export_dependencies-extras.cmake
[0.081s] -- Up-to-date: /home/uav/ros2_ws/install/fish_hpurv/share/fish_hpurv/cmake/fish_hpurvConfig.cmake
[0.081s] -- Up-to-date: /home/uav/ros2_ws/install/fish_hpurv/share/fish_hpurv/cmake/fish_hpurvConfig-version.cmake
[0.081s] -- Up-to-date: /home/uav/ros2_ws/install/fish_hpurv/share/fish_hpurv/package.xml
[0.082s] Invoked command in '/home/uav/ros2_ws/build/fish_hpurv' returned '0': CMAKE_PREFIX_PATH=${CMAKE_PREFIX_PATH}:/opt/ros/humble LD_LIBRARY_PATH=/home/uav/ros2_ws/install/gazebo_ros2_control/lib:/home/uav/ros2_ws/install/uuv_world_ros_plugins/lib:/home/uav/ros2_ws/install/uuv_world_ros_plugins_msgs/lib:/home/uav/ros2_ws/install/uuv_world_plugins/lib:/home/uav/ros2_ws/install/uuv_thruster_manager/lib:/home/uav/ros2_ws/install/uuv_sensor_ros_plugins_msgs/lib:/home/uav/ros2_ws/install/uuv_gazebo_ros_plugins/lib:/home/uav/ros2_ws/install/uuv_gazebo_ros_plugins_msgs/lib:/home/uav/ros2_ws/install/uuv_gazebo_plugins/lib:/home/uav/ros2_ws/install/uuv_control_msgs/lib:/home/uav/ros2_ws/install/uuv_auv_control_allocator/lib:/home/uav/ros2_ws/install/fish_dvl_plugin/lib:/home/uav/hero/install/dvl_a50/lib:/home/uav/hero/install/dvl_msgs/lib:/usr/lib/x86_64-linux-gnu/gazebo-11/plugins:/opt/ros/humble/opt/rviz_ogre_vendor/lib:/opt/ros/humble/lib/x86_64-linux-gnu:/opt/ros/humble/lib:/usr/lib/x86_64-linux-gnu/gazebo-11/plugins:/usr/lib/x86_64-linux-gnu/gazebo-11/plugins:/usr/lib/x86_64-linux-gnu/gazebo-11/plugins:/usr/lib/x86_64-linux-gnu/gazebo-11/plugins:/usr/lib/x86_64-linux-gnu/gazebo-11/plugins:/usr/lib/x86_64-linux-gnu/gazebo-11/plugins /usr/bin/cmake --install /home/uav/ros2_ws/build/fish_hpurv
