[0.010s] Invoking command in '/home/uav/ros2_ws/build/butler': CMAKE_PREFIX_PATH=${CMAKE_PREFIX_PATH}:/opt/ros/humble /usr/bin/cmake /home/uav/ros2_ws/src/butler -DCMAKE_INSTALL_PREFIX=/home/uav/ros2_ws/install/butler
[0.176s] -- The C compiler identification is GNU 11.4.0
[0.423s] -- The CXX compiler identification is GNU 11.4.0
[0.562s] -- Detecting C compiler ABI info
[0.638s] -- Detecting C compiler ABI info - done
[0.642s] -- Check for working C compiler: /usr/bin/cc - skipped
[0.643s] -- Detecting C compile features
[0.643s] -- Detecting C compile features - done
[0.646s] -- Detecting CXX compiler ABI info
[0.722s] -- Detecting CXX compiler ABI info - done
[0.726s] -- Check for working CXX compiler: /usr/bin/c++ - skipped
[0.727s] -- Detecting CXX compile features
[0.727s] -- Detecting CXX compile features - done
[0.748s] -- Found ament_cmake: 1.3.11 (/opt/ros/humble/share/ament_cmake/cmake)
[0.847s] -- Found Python3: /usr/bin/python3 (found version "3.10.12") found components: Interpreter 
[0.928s] -- Found rclpy: 3.3.15 (/opt/ros/humble/share/rclpy/cmake)
[0.929s] -- Found ament_lint_auto: 0.12.11 (/opt/ros/humble/share/ament_lint_auto/cmake)
[0.989s] -- Added test 'flake8' to check Python code syntax and style conventions
[0.990s] -- Added test 'lint_cmake' to check CMake code style
[0.991s] -- Added test 'pep257' to check Python code against some of the docstring style conventions in PEP 257
[0.993s] -- Added test 'xmllint' to check XML markup files
[0.994s] -- Configuring done
[0.996s] -- Generating done
[0.997s] -- Build files have been written to: /home/uav/ros2_ws/build/butler
[1.000s] Invoked command in '/home/uav/ros2_ws/build/butler' returned '0': CMAKE_PREFIX_PATH=${CMAKE_PREFIX_PATH}:/opt/ros/humble /usr/bin/cmake /home/uav/ros2_ws/src/butler -DCMAKE_INSTALL_PREFIX=/home/uav/ros2_ws/install/butler
[1.001s] Invoking command in '/home/uav/ros2_ws/build/butler': CMAKE_PREFIX_PATH=${CMAKE_PREFIX_PATH}:/opt/ros/humble /usr/bin/cmake --build /home/uav/ros2_ws/build/butler -- -j20 -l20
[1.020s] Invoked command in '/home/uav/ros2_ws/build/butler' returned '0': CMAKE_PREFIX_PATH=${CMAKE_PREFIX_PATH}:/opt/ros/humble /usr/bin/cmake --build /home/uav/ros2_ws/build/butler -- -j20 -l20
[1.025s] Invoking command in '/home/uav/ros2_ws/build/butler': CMAKE_PREFIX_PATH=${CMAKE_PREFIX_PATH}:/opt/ros/humble /usr/bin/cmake --install /home/uav/ros2_ws/build/butler
[1.029s] -- Install configuration: ""
[1.029s] -- Installing: /home/uav/ros2_ws/install/butler/share/butler/launch
[1.029s] -- Installing: /home/uav/ros2_ws/install/butler/share/butler/launch/gazebo_mode.launch.py
[1.029s] -- Installing: /home/uav/ros2_ws/install/butler/share/butler/model
[1.029s] -- Installing: /home/uav/ros2_ws/install/butler/share/butler/model/hotel.world
[1.030s] -- Installing: /home/uav/ros2_ws/install/butler/share/butler/model/robot.xacro
[1.030s] -- Installing: /home/uav/ros2_ws/install/butler/share/butler/model/robot.gazebo
[1.030s] -- Installing: /home/uav/ros2_ws/install/butler/lib/butler/order_handler.py
[1.030s] -- Installing: /home/uav/ros2_ws/install/butler/lib/butler/simple_navigator.py
[1.030s] -- Installing: /home/uav/ros2_ws/install/butler/lib/butler/exception_handler.py
[1.030s] -- Installing: /home/uav/ros2_ws/install/butler/lib/butler/butler_manager.py
[1.031s] -- Installing: /home/uav/ros2_ws/install/butler/share/ament_index/resource_index/package_run_dependencies/butler
[1.031s] -- Installing: /home/uav/ros2_ws/install/butler/share/ament_index/resource_index/parent_prefix_path/butler
[1.031s] -- Installing: /home/uav/ros2_ws/install/butler/share/butler/environment/ament_prefix_path.sh
[1.031s] -- Installing: /home/uav/ros2_ws/install/butler/share/butler/environment/ament_prefix_path.dsv
[1.031s] -- Installing: /home/uav/ros2_ws/install/butler/share/butler/environment/path.sh
[1.031s] -- Installing: /home/uav/ros2_ws/install/butler/share/butler/environment/path.dsv
[1.031s] -- Installing: /home/uav/ros2_ws/install/butler/share/butler/local_setup.bash
[1.031s] -- Installing: /home/uav/ros2_ws/install/butler/share/butler/local_setup.sh
[1.031s] -- Installing: /home/uav/ros2_ws/install/butler/share/butler/local_setup.zsh
[1.031s] -- Installing: /home/uav/ros2_ws/install/butler/share/butler/local_setup.dsv
[1.031s] -- Installing: /home/uav/ros2_ws/install/butler/share/butler/package.dsv
[1.031s] -- Installing: /home/uav/ros2_ws/install/butler/share/ament_index/resource_index/packages/butler
[1.031s] -- Installing: /home/uav/ros2_ws/install/butler/share/butler/cmake/butlerConfig.cmake
[1.031s] -- Installing: /home/uav/ros2_ws/install/butler/share/butler/cmake/butlerConfig-version.cmake
[1.031s] -- Installing: /home/uav/ros2_ws/install/butler/share/butler/package.xml
[1.032s] Invoked command in '/home/uav/ros2_ws/build/butler' returned '0': CMAKE_PREFIX_PATH=${CMAKE_PREFIX_PATH}:/opt/ros/humble /usr/bin/cmake --install /home/uav/ros2_ws/build/butler
