[0.009s] Invoking command in '/home/uav/ros2_ws/build/fish_hpurv': CMAKE_PREFIX_PATH=${CMAKE_PREFIX_PATH}:/opt/ros/humble /usr/bin/cmake --build /home/uav/ros2_ws/build/fish_hpurv -- -j20 -l20
[0.051s] Invoked command in '/home/uav/ros2_ws/build/fish_hpurv' returned '0': CMAKE_PREFIX_PATH=${CMAKE_PREFIX_PATH}:/opt/ros/humble /usr/bin/cmake --build /home/uav/ros2_ws/build/fish_hpurv -- -j20 -l20
[0.057s] Invoking command in '/home/uav/ros2_ws/build/fish_hpurv': CMAKE_PREFIX_PATH=${CMAKE_PREFIX_PATH}:/opt/ros/humble /usr/bin/cmake --install /home/uav/ros2_ws/build/fish_hpurv
[0.061s] -- Install configuration: ""
[0.061s] -- Up-to-date: /home/uav/ros2_ws/install/fish_hpurv/share/fish_hpurv/launch
[0.061s] -- Up-to-date: /home/uav/ros2_ws/install/fish_hpurv/share/fish_hpurv/launch/display.launch.py
[0.061s] -- Up-to-date: /home/uav/ros2_ws/install/fish_hpurv/share/fish_hpurv/launch/display1.launch.py
[0.061s] -- Up-to-date: /home/uav/ros2_ws/install/fish_hpurv/share/fish_hpurv/urdf
[0.062s] -- Up-to-date: /home/uav/ros2_ws/install/fish_hpurv/share/fish_hpurv/urdf/fish.urdf
[0.062s] -- Installing: /home/uav/ros2_ws/install/fish_hpurv/share/fish_hpurv/urdf/fish_hpurv_macro.urdf.xacro
[0.062s] -- Up-to-date: /home/uav/ros2_ws/install/fish_hpurv/share/fish_hpurv/config
[0.062s] -- Up-to-date: /home/uav/ros2_ws/install/fish_hpurv/share/fish_hpurv/config/display.rviz
[0.062s] -- Up-to-date: /home/uav/ros2_ws/install/fish_hpurv/share/fish_hpurv/meshes
[0.062s] -- Up-to-date: /home/uav/ros2_ws/install/fish_hpurv/share/fish_hpurv/meshes/link_base.stl
[0.062s] -- Up-to-date: /home/uav/ros2_ws/install/fish_hpurv/share/fish_hpurv/meshes/link_p1.stl
[0.062s] -- Up-to-date: /home/uav/ros2_ws/install/fish_hpurv/share/fish_hpurv/meshes/link_p2.part
[0.063s] -- Up-to-date: /home/uav/ros2_ws/install/fish_hpurv/share/fish_hpurv/meshes/link_base.part
[0.063s] -- Up-to-date: /home/uav/ros2_ws/install/fish_hpurv/share/fish_hpurv/meshes/link_p2.stl
[0.063s] -- Up-to-date: /home/uav/ros2_ws/install/fish_hpurv/share/fish_hpurv/meshes/link_link2.stl
[0.063s] -- Up-to-date: /home/uav/ros2_ws/install/fish_hpurv/share/fish_hpurv/meshes/link_link1.stl
[0.063s] -- Up-to-date: /home/uav/ros2_ws/install/fish_hpurv/share/fish_hpurv/meshes/link_link1.part
[0.063s] -- Up-to-date: /home/uav/ros2_ws/install/fish_hpurv/share/fish_hpurv/meshes/link_p1.part
[0.063s] -- Up-to-date: /home/uav/ros2_ws/install/fish_hpurv/share/fish_hpurv/meshes/link_link2.part
[0.063s] -- Up-to-date: /home/uav/ros2_ws/install/fish_hpurv/share/fish_hpurv/worlds
[0.063s] -- Up-to-date: /home/uav/ros2_ws/install/fish_hpurv/share/fish_hpurv/worlds/room.sdf
[0.063s] -- Up-to-date: /home/uav/ros2_ws/install/fish_hpurv/share/fish_hpurv/worlds/ocean.world
[0.063s] -- Up-to-date: /home/uav/ros2_ws/install/fish_hpurv/share/fish_hpurv/worlds/fish_world.world
[0.063s] -- Up-to-date: /home/uav/ros2_ws/install/fish_hpurv/share/fish_hpurv/models
[0.063s] -- Up-to-date: /home/uav/ros2_ws/install/fish_hpurv/share/fish_hpurv/models/fish_hpurv
[0.063s] -- Up-to-date: /home/uav/ros2_ws/install/fish_hpurv/share/fish_hpurv/models/fish_hpurv/fish.sdf
[0.064s] -- Up-to-date: /home/uav/ros2_ws/install/fish_hpurv/share/fish_hpurv/models/fish_hpurv/meshes
[0.064s] -- Up-to-date: /home/uav/ros2_ws/install/fish_hpurv/share/fish_hpurv/models/fish_hpurv/meshes/link_base.stl
[0.064s] -- Up-to-date: /home/uav/ros2_ws/install/fish_hpurv/share/fish_hpurv/models/fish_hpurv/meshes/link_p1.stl
[0.064s] -- Up-to-date: /home/uav/ros2_ws/install/fish_hpurv/share/fish_hpurv/models/fish_hpurv/meshes/link_p2.part
[0.064s] -- Up-to-date: /home/uav/ros2_ws/install/fish_hpurv/share/fish_hpurv/models/fish_hpurv/meshes/link_base.part
[0.064s] -- Up-to-date: /home/uav/ros2_ws/install/fish_hpurv/share/fish_hpurv/models/fish_hpurv/meshes/link_p2.stl
[0.064s] -- Up-to-date: /home/uav/ros2_ws/install/fish_hpurv/share/fish_hpurv/models/fish_hpurv/meshes/link_p1.part
[0.064s] -- Up-to-date: /home/uav/ros2_ws/install/fish_hpurv/share/fish_hpurv/models/fish_hpurv/model.config
[0.064s] -- Up-to-date: /home/uav/ros2_ws/install/fish_hpurv/share/fish_hpurv/urdf
[0.064s] -- Up-to-date: /home/uav/ros2_ws/install/fish_hpurv/share/fish_hpurv/urdf/fish_hpurv_macro.urdf.xacro
[0.064s] -- Up-to-date: /home/uav/ros2_ws/install/fish_hpurv/share/ament_index/resource_index/package_run_dependencies/fish_hpurv
[0.064s] -- Up-to-date: /home/uav/ros2_ws/install/fish_hpurv/share/ament_index/resource_index/parent_prefix_path/fish_hpurv
[0.065s] -- Up-to-date: /home/uav/ros2_ws/install/fish_hpurv/share/fish_hpurv/environment/ament_prefix_path.sh
[0.065s] -- Up-to-date: /home/uav/ros2_ws/install/fish_hpurv/share/fish_hpurv/environment/ament_prefix_path.dsv
[0.065s] -- Up-to-date: /home/uav/ros2_ws/install/fish_hpurv/share/fish_hpurv/environment/path.sh
[0.065s] -- Up-to-date: /home/uav/ros2_ws/install/fish_hpurv/share/fish_hpurv/environment/path.dsv
[0.065s] -- Up-to-date: /home/uav/ros2_ws/install/fish_hpurv/share/fish_hpurv/local_setup.bash
[0.065s] -- Up-to-date: /home/uav/ros2_ws/install/fish_hpurv/share/fish_hpurv/local_setup.sh
[0.065s] -- Up-to-date: /home/uav/ros2_ws/install/fish_hpurv/share/fish_hpurv/local_setup.zsh
[0.065s] -- Up-to-date: /home/uav/ros2_ws/install/fish_hpurv/share/fish_hpurv/local_setup.dsv
[0.065s] -- Installing: /home/uav/ros2_ws/install/fish_hpurv/share/fish_hpurv/package.dsv
[0.065s] -- Up-to-date: /home/uav/ros2_ws/install/fish_hpurv/share/ament_index/resource_index/packages/fish_hpurv
[0.065s] -- Up-to-date: /home/uav/ros2_ws/install/fish_hpurv/share/fish_hpurv/cmake/ament_cmake_export_dependencies-extras.cmake
[0.065s] -- Up-to-date: /home/uav/ros2_ws/install/fish_hpurv/share/fish_hpurv/cmake/fish_hpurvConfig.cmake
[0.065s] -- Up-to-date: /home/uav/ros2_ws/install/fish_hpurv/share/fish_hpurv/cmake/fish_hpurvConfig-version.cmake
[0.065s] -- Up-to-date: /home/uav/ros2_ws/install/fish_hpurv/share/fish_hpurv/package.xml
[0.066s] Invoked command in '/home/uav/ros2_ws/build/fish_hpurv' returned '0': CMAKE_PREFIX_PATH=${CMAKE_PREFIX_PATH}:/opt/ros/humble /usr/bin/cmake --install /home/uav/ros2_ws/build/fish_hpurv
