-- Install configuration: ""
-- Up-to-date: /home/uav/ros2_ws/install/fish_hpurv/share/fish_hpurv/launch
-- Up-to-date: /home/uav/ros2_ws/install/fish_hpurv/share/fish_hpurv/launch/display.launch.py
-- Up-to-date: /home/uav/ros2_ws/install/fish_hpurv/share/fish_hpurv/urdf
-- Up-to-date: /home/uav/ros2_ws/install/fish_hpurv/share/fish_hpurv/urdf/fish.urdf
-- Up-to-date: /home/uav/ros2_ws/install/fish_hpurv/share/fish_hpurv/urdf/fish_hpurv_macro.urdf.xacro
-- Up-to-date: /home/uav/ros2_ws/install/fish_hpurv/share/fish_hpurv/config
-- Up-to-date: /home/uav/ros2_ws/install/fish_hpurv/share/fish_hpurv/config/display.rviz
-- Up-to-date: /home/uav/ros2_ws/install/fish_hpurv/share/fish_hpurv/meshes
-- Up-to-date: /home/uav/ros2_ws/install/fish_hpurv/share/fish_hpurv/meshes/link_base.stl
-- Up-to-date: /home/uav/ros2_ws/install/fish_hpurv/share/fish_hpurv/meshes/link_p1.stl
-- Up-to-date: /home/uav/ros2_ws/install/fish_hpurv/share/fish_hpurv/meshes/link_p2.part
-- Up-to-date: /home/uav/ros2_ws/install/fish_hpurv/share/fish_hpurv/meshes/link_base.part
-- Up-to-date: /home/uav/ros2_ws/install/fish_hpurv/share/fish_hpurv/meshes/link_p2.stl
-- Up-to-date: /home/uav/ros2_ws/install/fish_hpurv/share/fish_hpurv/meshes/link_link2.stl
-- Up-to-date: /home/uav/ros2_ws/install/fish_hpurv/share/fish_hpurv/meshes/link_link1.stl
-- Up-to-date: /home/uav/ros2_ws/install/fish_hpurv/share/fish_hpurv/meshes/link_link1.part
-- Up-to-date: /home/uav/ros2_ws/install/fish_hpurv/share/fish_hpurv/meshes/link_p1.part
-- Up-to-date: /home/uav/ros2_ws/install/fish_hpurv/share/fish_hpurv/meshes/link_link2.part
-- Up-to-date: /home/uav/ros2_ws/install/fish_hpurv/share/fish_hpurv/worlds
-- Up-to-date: /home/uav/ros2_ws/install/fish_hpurv/share/fish_hpurv/worlds/room.sdf
-- Up-to-date: /home/uav/ros2_ws/install/fish_hpurv/share/fish_hpurv/worlds/ocean.world
-- Up-to-date: /home/uav/ros2_ws/install/fish_hpurv/share/fish_hpurv/worlds/fish_world.world
-- Up-to-date: /home/uav/ros2_ws/install/fish_hpurv/share/fish_hpurv/models
-- Up-to-date: /home/uav/ros2_ws/install/fish_hpurv/share/fish_hpurv/models/fish_hpurv
-- Installing: /home/uav/ros2_ws/install/fish_hpurv/share/fish_hpurv/models/fish_hpurv/fish.sdf
-- Up-to-date: /home/uav/ros2_ws/install/fish_hpurv/share/fish_hpurv/models/fish_hpurv/meshes
-- Up-to-date: /home/uav/ros2_ws/install/fish_hpurv/share/fish_hpurv/models/fish_hpurv/meshes/link_base.stl
-- Up-to-date: /home/uav/ros2_ws/install/fish_hpurv/share/fish_hpurv/models/fish_hpurv/meshes/link_p1.stl
-- Up-to-date: /home/uav/ros2_ws/install/fish_hpurv/share/fish_hpurv/models/fish_hpurv/meshes/link_p2.part
-- Up-to-date: /home/uav/ros2_ws/install/fish_hpurv/share/fish_hpurv/models/fish_hpurv/meshes/link_base.part
-- Up-to-date: /home/uav/ros2_ws/install/fish_hpurv/share/fish_hpurv/models/fish_hpurv/meshes/link_p2.stl
-- Up-to-date: /home/uav/ros2_ws/install/fish_hpurv/share/fish_hpurv/models/fish_hpurv/meshes/link_p1.part
-- Up-to-date: /home/uav/ros2_ws/install/fish_hpurv/share/fish_hpurv/models/fish_hpurv/model.config
-- Up-to-date: /home/uav/ros2_ws/install/fish_hpurv/share/fish_hpurv/urdf
-- Up-to-date: /home/uav/ros2_ws/install/fish_hpurv/share/fish_hpurv/urdf/fish_hpurv_macro.urdf.xacro
-- Up-to-date: /home/uav/ros2_ws/install/fish_hpurv/share/ament_index/resource_index/package_run_dependencies/fish_hpurv
-- Up-to-date: /home/uav/ros2_ws/install/fish_hpurv/share/ament_index/resource_index/parent_prefix_path/fish_hpurv
-- Up-to-date: /home/uav/ros2_ws/install/fish_hpurv/share/fish_hpurv/environment/ament_prefix_path.sh
-- Up-to-date: /home/uav/ros2_ws/install/fish_hpurv/share/fish_hpurv/environment/ament_prefix_path.dsv
-- Up-to-date: /home/uav/ros2_ws/install/fish_hpurv/share/fish_hpurv/environment/path.sh
-- Up-to-date: /home/uav/ros2_ws/install/fish_hpurv/share/fish_hpurv/environment/path.dsv
-- Up-to-date: /home/uav/ros2_ws/install/fish_hpurv/share/fish_hpurv/local_setup.bash
-- Up-to-date: /home/uav/ros2_ws/install/fish_hpurv/share/fish_hpurv/local_setup.sh
-- Up-to-date: /home/uav/ros2_ws/install/fish_hpurv/share/fish_hpurv/local_setup.zsh
-- Up-to-date: /home/uav/ros2_ws/install/fish_hpurv/share/fish_hpurv/local_setup.dsv
-- Up-to-date: /home/uav/ros2_ws/install/fish_hpurv/share/fish_hpurv/package.dsv
-- Up-to-date: /home/uav/ros2_ws/install/fish_hpurv/share/ament_index/resource_index/packages/fish_hpurv
-- Up-to-date: /home/uav/ros2_ws/install/fish_hpurv/share/fish_hpurv/cmake/ament_cmake_export_dependencies-extras.cmake
-- Up-to-date: /home/uav/ros2_ws/install/fish_hpurv/share/fish_hpurv/cmake/fish_hpurvConfig.cmake
-- Up-to-date: /home/uav/ros2_ws/install/fish_hpurv/share/fish_hpurv/cmake/fish_hpurvConfig-version.cmake
-- Up-to-date: /home/uav/ros2_ws/install/fish_hpurv/share/fish_hpurv/package.xml
