[0.009s] Invoking command in '/home/uav/ros2_ws/build/gazebo_ros2_control': CMAKE_PREFIX_PATH=${CMAKE_PREFIX_PATH}:/opt/ros/humble /usr/bin/cmake /home/uav/ros2_ws/src/gazebo_ros2_control/gazebo_ros2_control -DCMAKE_INSTALL_PREFIX=/home/uav/ros2_ws/install/gazebo_ros2_control
[0.155s] -- The C compiler identification is GNU 11.4.0
[0.364s] -- The CXX compiler identification is GNU 11.4.0
[0.491s] -- Detecting C compiler ABI info
[0.558s] -- Detecting C compiler ABI info - done
[0.562s] -- Check for working C compiler: /usr/bin/cc - skipped
[0.562s] -- Detecting C compile features
[0.563s] -- Detecting C compile features - done
[0.565s] -- Detecting CXX compiler ABI info
[0.635s] -- Detecting CXX compiler ABI info - done
[0.639s] -- Check for working CXX compiler: /usr/bin/c++ - skipped
[0.639s] -- Detecting CXX compile features
[0.640s] -- Detecting CXX compile features - done
[0.649s] -- Found ament_cmake: 1.3.11 (/opt/ros/humble/share/ament_cmake/cmake)
[0.740s] -- Found Python3: /usr/bin/python3 (found version "3.10.12") found components: Interpreter 
[0.815s] -- Found angles: 1.15.0 (/opt/ros/humble/share/angles/cmake)
[0.819s] -- Found controller_manager: 2.48.0 (/opt/ros/humble/share/controller_manager/cmake)
[0.915s] -- Found rosidl_generator_c: 3.1.6 (/opt/ros/humble/share/rosidl_generator_c/cmake)
[0.920s] -- Found rosidl_adapter: 3.1.6 (/opt/ros/humble/share/rosidl_adapter/cmake)
[0.928s] -- Found rosidl_generator_cpp: 3.1.6 (/opt/ros/humble/share/rosidl_generator_cpp/cmake)
[0.941s] -- Using all available rosidl_typesupport_c: rosidl_typesupport_fastrtps_c;rosidl_typesupport_introspection_c
[0.955s] -- Using all available rosidl_typesupport_cpp: rosidl_typesupport_fastrtps_cpp;rosidl_typesupport_introspection_cpp
[1.584s] -- Found rmw_implementation_cmake: 6.1.2 (/opt/ros/humble/share/rmw_implementation_cmake/cmake)
[1.587s] -- Found rmw_fastrtps_cpp: 6.2.7 (/opt/ros/humble/share/rmw_fastrtps_cpp/cmake)
[1.611s] -- Found TinyXML2 via Config file: TinyXML2_DIR-NOTFOUND
[1.640s] -- Found OpenSSL: /usr/lib/x86_64-linux-gnu/libcrypto.so (found version "3.0.2")  
[1.643s] -- Found TinyXML2 via Config file: TinyXML2_DIR-NOTFOUND
[1.705s] -- Found FastRTPS: /opt/ros/humble/include  
[1.707s] -- Found TinyXML2 via Config file: TinyXML2_DIR-NOTFOUND
[1.712s] -- Found TinyXML2 via Config file: TinyXML2_DIR-NOTFOUND
[1.744s] -- Using RMW implementation 'rmw_fastrtps_cpp' as default
[1.753s] -- Looking for pthread.h
[1.821s] -- Looking for pthread.h - found
[1.821s] -- Performing Test CMAKE_HAVE_LIBC_PTHREAD
[1.885s] -- Performing Test CMAKE_HAVE_LIBC_PTHREAD - Success
[1.886s] -- Found Threads: TRUE  
[1.958s] -- Found control_toolbox: 3.6.0 (/opt/ros/humble/share/control_toolbox/cmake)
[1.991s] -- Found gazebo_dev: 3.9.0 (/opt/ros/humble/share/gazebo_dev/cmake)
[2.002s] -- Found PkgConfig: /usr/bin/pkg-config (found version "0.29.2") 
[2.002s] -- Checking for module 'bullet>=2.82'
[2.011s] --   Found bullet, version 3.05
[2.076s] -- Found fcl: /usr/include (found suitable version "0.7.0", minimum required is "0.5.0") 
[2.100s] -- Found assimp: /usr/include (found version "5.2.0") 
[2.123s] -- Found DART: /usr/include (Required is at least version "6.6") found components: dart 
[2.146s] -- Found Boost: /usr/lib/x86_64-linux-gnu/cmake/Boost-1.74.0/BoostConfig.cmake (found suitable version "1.74.0", minimum required is "1.40.0") found components: thread system filesystem program_options regex iostreams date_time 
[2.297s] -- Found Protobuf: /usr/lib/x86_64-linux-gnu/libprotobuf.so (found version "3.12.4") 
[2.303s] -- Looking for ignition-math6 -- found version 6.15.1
[2.312s] -- Searching for dependencies of ignition-math6
[2.313s] -- Looking for OGRE...
[2.313s] -- OGRE_PREFIX_WATCH changed.
[2.316s] -- Checking for module 'OGRE'
[2.323s] --   Found OGRE, version 1.9.0
[2.340s] -- Found Ogre Ghadamon (1.9.0)
[2.484s] -- Found OGRE: optimized;/usr/lib/x86_64-linux-gnu/libOgreMain.so;debug;/usr/lib/x86_64-linux-gnu/libOgreMain.so
[2.490s] -- Looking for OGRE_Paging...
[2.616s] -- Found OGRE_Paging: optimized;/usr/lib/x86_64-linux-gnu/libOgrePaging.so;debug;/usr/lib/x86_64-linux-gnu/libOgrePaging.so
[2.616s] -- Looking for OGRE_Terrain...
[2.751s] -- Found OGRE_Terrain: optimized;/usr/lib/x86_64-linux-gnu/libOgreTerrain.so;debug;/usr/lib/x86_64-linux-gnu/libOgreTerrain.so
[2.751s] -- Looking for OGRE_Property...
[2.890s] -- Found OGRE_Property: optimized;/usr/lib/x86_64-linux-gnu/libOgreProperty.so;debug;/usr/lib/x86_64-linux-gnu/libOgreProperty.so
[2.890s] -- Looking for OGRE_RTShaderSystem...
[3.024s] -- Found OGRE_RTShaderSystem: optimized;/usr/lib/x86_64-linux-gnu/libOgreRTShaderSystem.so;debug;/usr/lib/x86_64-linux-gnu/libOgreRTShaderSystem.so
[3.024s] -- Looking for OGRE_Volume...
[3.156s] -- Found OGRE_Volume: optimized;/usr/lib/x86_64-linux-gnu/libOgreVolume.so;debug;/usr/lib/x86_64-linux-gnu/libOgreVolume.so
[3.156s] -- Looking for OGRE_Overlay...
[3.295s] -- Found OGRE_Overlay: optimized;/usr/lib/x86_64-linux-gnu/libOgreOverlay.so;debug;/usr/lib/x86_64-linux-gnu/libOgreOverlay.so
[10.182s] -- Looking for ignition-math6 -- found version 6.15.1
[10.185s] -- Looking for ignition-transport8 -- found version 8.2.1
[10.186s] -- Searching for dependencies of ignition-transport8
[10.645s] -- Found Protobuf: /usr/lib/x86_64-linux-gnu/libprotobuf.so (found suitable version "3.12.4", minimum required is "3") 
[11.081s] -- Config-file not installed for ZeroMQ -- checking for pkg-config
[11.084s] -- Checking for module 'libzmq >= 4'
[11.094s] --   Found libzmq , version 4.3.4
[11.109s] -- Found ZeroMQ: TRUE (Required is at least version "4") 
[11.125s] -- Checking for module 'uuid'
[11.132s] --   Found uuid, version 2.37.2
[11.147s] -- Found UUID: TRUE  
[11.149s] -- Looking for ignition-msgs5 -- found version 5.8.1
[11.149s] -- Searching for dependencies of ignition-msgs5
[11.598s] -- Looking for ignition-math6 -- found version 6.15.1
[11.601s] -- Checking for module 'tinyxml2'
[11.608s] --   Found tinyxml2, version 9.0.0
[11.625s] -- Looking for ignition-msgs5 -- found version 5.8.1
[11.627s] -- Looking for ignition-common3 -- found version 3.14.0
[11.628s] -- Searching for dependencies of ignition-common3
[11.642s] -- Looking for dlfcn.h - found
[11.655s] -- Looking for libdl - found
[11.655s] -- Found DL: TRUE  
[11.688s] -- Found tinyobjloader: /usr/lib/x86_64-linux-gnu/cmake/tinyobjloader/tinyobjloader-config.cmake (found version "2.0.0") 
[11.689s] -- Searching for <ignition-common3> component [graphics]
[11.691s] -- Looking for ignition-common3-graphics -- found version 3.14.0
[11.691s] -- Searching for dependencies of ignition-common3-graphics
[11.691s] -- Looking for ignition-math6 -- found version 6.15.1
[11.694s] -- Looking for ignition-fuel_tools4 -- found version 4.4.0
[11.694s] -- Searching for dependencies of ignition-fuel_tools4
[12.220s] -- Found CURL: /usr/lib/x86_64-linux-gnu/libcurl.so (found version "7.81.0")  
[12.227s] -- Checking for module 'jsoncpp'
[12.234s] --   Found jsoncpp, version 1.9.5
[12.249s] -- Found JSONCPP: TRUE  
[12.253s] -- Checking for module 'libzip'
[12.259s] --   Found libzip, version 1.7.3
[12.274s] -- Found ZIP: TRUE  
[12.274s] -- Looking for ignition-common3 -- found version 3.14.0
[12.274s] -- Looking for ignition-math6 -- found version 6.15.1
[12.275s] -- Looking for ignition-msgs5 -- found version 5.8.1
[12.279s] -- Gazebo version: 11.10
[12.279s] -- Checking for module 'tbb'
[12.286s] --   Found tbb, version 2021.5.0
[12.302s] -- Found gazebo_ros: 3.9.0 (/opt/ros/humble/share/gazebo_ros/cmake)
[12.307s] -- Found yaml_cpp_vendor: 8.0.2 (/opt/ros/humble/share/yaml_cpp_vendor/cmake)
[12.345s] -- Found ament_cmake_gtest: 1.3.11 (/opt/ros/humble/share/ament_cmake_gtest/cmake)
[12.348s] -- Found ament_lint_auto: 0.12.11 (/opt/ros/humble/share/ament_lint_auto/cmake)
[12.409s] -- Added test 'copyright' to check source files copyright and LICENSE
[12.409s] -- Added test 'cppcheck' to perform static code analysis on C / C++ code
[12.410s] -- Configured cppcheck include dirs: /home/uav/ros2_ws/src/gazebo_ros2_control/gazebo_ros2_control/include
[12.410s] -- Configured cppcheck exclude dirs and/or files: 
[12.411s] -- Added test 'cpplint' to check C / C++ code against the Google style
[12.411s] -- Configured cpplint exclude dirs and/or files: 
[12.411s] -- Added test 'lint_cmake' to check CMake code style
[12.412s] -- Added test 'uncrustify' to check C / C++ code style
[12.412s] -- Configured uncrustify additional arguments: 
[12.413s] -- Added test 'xmllint' to check XML markup files
[12.415s] -- Configuring done
[12.506s] -- Generating done
[12.512s] -- Build files have been written to: /home/uav/ros2_ws/build/gazebo_ros2_control
[12.521s] Invoked command in '/home/uav/ros2_ws/build/gazebo_ros2_control' returned '0': CMAKE_PREFIX_PATH=${CMAKE_PREFIX_PATH}:/opt/ros/humble /usr/bin/cmake /home/uav/ros2_ws/src/gazebo_ros2_control/gazebo_ros2_control -DCMAKE_INSTALL_PREFIX=/home/uav/ros2_ws/install/gazebo_ros2_control
[12.522s] Invoking command in '/home/uav/ros2_ws/build/gazebo_ros2_control': CMAKE_PREFIX_PATH=${CMAKE_PREFIX_PATH}:/opt/ros/humble /usr/bin/cmake --build /home/uav/ros2_ws/build/gazebo_ros2_control -- -j20 -l20
[12.550s] [ 50%] [32mBuilding CXX object CMakeFiles/gazebo_ros2_control.dir/src/gazebo_ros2_control_plugin.cpp.o[0m
[12.551s] [ 50%] [32mBuilding CXX object CMakeFiles/gazebo_hardware_plugins.dir/src/gazebo_system.cpp.o[0m
[20.175s] [ 75%] [32m[1mLinking CXX shared library libgazebo_hardware_plugins.so[0m
[20.545s] [ 75%] Built target gazebo_hardware_plugins
[21.179s] [100%] [32m[1mLinking CXX shared library libgazebo_ros2_control.so[0m
[21.576s] [100%] Built target gazebo_ros2_control
[21.582s] Invoked command in '/home/uav/ros2_ws/build/gazebo_ros2_control' returned '0': CMAKE_PREFIX_PATH=${CMAKE_PREFIX_PATH}:/opt/ros/humble /usr/bin/cmake --build /home/uav/ros2_ws/build/gazebo_ros2_control -- -j20 -l20
[21.587s] Invoking command in '/home/uav/ros2_ws/build/gazebo_ros2_control': CMAKE_PREFIX_PATH=${CMAKE_PREFIX_PATH}:/opt/ros/humble /usr/bin/cmake --install /home/uav/ros2_ws/build/gazebo_ros2_control
[21.591s] -- Install configuration: ""
[21.591s] -- Installing: /home/uav/ros2_ws/install/gazebo_ros2_control/lib/libgazebo_ros2_control.so
[21.592s] -- Set runtime path of "/home/uav/ros2_ws/install/gazebo_ros2_control/lib/libgazebo_ros2_control.so" to ""
[21.592s] -- Installing: /home/uav/ros2_ws/install/gazebo_ros2_control/lib/libgazebo_hardware_plugins.so
[21.593s] -- Set runtime path of "/home/uav/ros2_ws/install/gazebo_ros2_control/lib/libgazebo_hardware_plugins.so" to ""
[21.594s] -- Installing: /home/uav/ros2_ws/install/gazebo_ros2_control/share/gazebo_ros2_control/environment/library_path.sh
[21.594s] -- Installing: /home/uav/ros2_ws/install/gazebo_ros2_control/share/gazebo_ros2_control/environment/library_path.dsv
[21.594s] -- Installing: /home/uav/ros2_ws/install/gazebo_ros2_control/include/gazebo_ros2_control
[21.594s] -- Installing: /home/uav/ros2_ws/install/gazebo_ros2_control/include/gazebo_ros2_control/gazebo_ros2_control_plugin.hpp
[21.594s] -- Installing: /home/uav/ros2_ws/install/gazebo_ros2_control/include/gazebo_ros2_control/gazebo_system.hpp
[21.594s] -- Installing: /home/uav/ros2_ws/install/gazebo_ros2_control/include/gazebo_ros2_control/gazebo_system_interface.hpp
[21.594s] -- Installing: /home/uav/ros2_ws/install/gazebo_ros2_control/share/gazebo_ros2_control/gazebo_hardware_plugins.xml
[21.594s] -- Installing: /home/uav/ros2_ws/install/gazebo_ros2_control/share/ament_index/resource_index/package_run_dependencies/gazebo_ros2_control
[21.594s] -- Installing: /home/uav/ros2_ws/install/gazebo_ros2_control/share/ament_index/resource_index/parent_prefix_path/gazebo_ros2_control
[21.594s] -- Installing: /home/uav/ros2_ws/install/gazebo_ros2_control/share/gazebo_ros2_control/environment/ament_prefix_path.sh
[21.594s] -- Installing: /home/uav/ros2_ws/install/gazebo_ros2_control/share/gazebo_ros2_control/environment/ament_prefix_path.dsv
[21.594s] -- Installing: /home/uav/ros2_ws/install/gazebo_ros2_control/share/gazebo_ros2_control/environment/path.sh
[21.595s] -- Installing: /home/uav/ros2_ws/install/gazebo_ros2_control/share/gazebo_ros2_control/environment/path.dsv
[21.595s] -- Installing: /home/uav/ros2_ws/install/gazebo_ros2_control/share/gazebo_ros2_control/local_setup.bash
[21.595s] -- Installing: /home/uav/ros2_ws/install/gazebo_ros2_control/share/gazebo_ros2_control/local_setup.sh
[21.595s] -- Installing: /home/uav/ros2_ws/install/gazebo_ros2_control/share/gazebo_ros2_control/local_setup.zsh
[21.595s] -- Installing: /home/uav/ros2_ws/install/gazebo_ros2_control/share/gazebo_ros2_control/local_setup.dsv
[21.595s] -- Installing: /home/uav/ros2_ws/install/gazebo_ros2_control/share/gazebo_ros2_control/package.dsv
[21.595s] -- Installing: /home/uav/ros2_ws/install/gazebo_ros2_control/share/ament_index/resource_index/packages/gazebo_ros2_control
[21.595s] -- Installing: /home/uav/ros2_ws/install/gazebo_ros2_control/share/ament_index/resource_index/gazebo_ros2_control__pluginlib__plugin/gazebo_ros2_control
[21.595s] -- Installing: /home/uav/ros2_ws/install/gazebo_ros2_control/share/gazebo_ros2_control/cmake/ament_cmake_export_include_directories-extras.cmake
[21.596s] -- Installing: /home/uav/ros2_ws/install/gazebo_ros2_control/share/gazebo_ros2_control/cmake/ament_cmake_export_dependencies-extras.cmake
[21.596s] -- Installing: /home/uav/ros2_ws/install/gazebo_ros2_control/share/gazebo_ros2_control/cmake/ament_cmake_export_libraries-extras.cmake
[21.596s] -- Installing: /home/uav/ros2_ws/install/gazebo_ros2_control/share/gazebo_ros2_control/cmake/gazebo_ros2_controlConfig.cmake
[21.596s] -- Installing: /home/uav/ros2_ws/install/gazebo_ros2_control/share/gazebo_ros2_control/cmake/gazebo_ros2_controlConfig-version.cmake
[21.596s] -- Installing: /home/uav/ros2_ws/install/gazebo_ros2_control/share/gazebo_ros2_control/package.xml
[21.597s] Invoked command in '/home/uav/ros2_ws/build/gazebo_ros2_control' returned '0': CMAKE_PREFIX_PATH=${CMAKE_PREFIX_PATH}:/opt/ros/humble /usr/bin/cmake --install /home/uav/ros2_ws/build/gazebo_ros2_control
