[0.012s] Invoking command in '/home/uav/ros2_ws/build/fish_hpurv': CMAKE_PREFIX_PATH=${CMAKE_PREFIX_PATH}:/opt/ros/humble /usr/bin/cmake --build /home/uav/ros2_ws/build/fish_hpurv -- -j20 -l20
[0.085s] -- Found ament_cmake: 1.3.11 (/opt/ros/humble/share/ament_cmake/cmake)
[0.186s] -- Found gazebo_ros: 3.9.0 (/opt/ros/humble/share/gazebo_ros/cmake)
[0.274s] -- Found rosidl_generator_c: 3.1.6 (/opt/ros/humble/share/rosidl_generator_c/cmake)
[0.276s] -- Found rosidl_adapter: 3.1.6 (/opt/ros/humble/share/rosidl_adapter/cmake)
[0.282s] -- Found rosidl_generator_cpp: 3.1.6 (/opt/ros/humble/share/rosidl_generator_cpp/cmake)
[0.291s] -- Using all available rosidl_typesupport_c: rosidl_typesupport_fastrtps_c;rosidl_typesupport_introspection_c
[0.302s] -- Using all available rosidl_typesupport_cpp: rosidl_typesupport_fastrtps_cpp;rosidl_typesupport_introspection_cpp
[0.332s] -- Found rmw_implementation_cmake: 6.1.2 (/opt/ros/humble/share/rmw_implementation_cmake/cmake)
[0.335s] -- Found rmw_fastrtps_cpp: 6.2.7 (/opt/ros/humble/share/rmw_fastrtps_cpp/cmake)
[2.794s] -- Using RMW implementation 'rmw_fastrtps_cpp' as default
[2.857s] -- Found DART: /usr/include (Required is at least version "6.6") found components: dart 
[2.889s] -- Found Protobuf: /usr/lib/x86_64-linux-gnu/libprotobuf.so (found version "3.12.4") 
[2.891s] -- Looking for ignition-math6 -- found version 6.15.1
[2.896s] -- Searching for dependencies of ignition-math6
[2.898s] -- Looking for OGRE...
[2.903s] -- Found Ogre Ghadamon (1.9.0)
[2.903s] -- Found OGRE: optimized;/usr/lib/x86_64-linux-gnu/libOgreMain.so;debug;/usr/lib/x86_64-linux-gnu/libOgreMain.so
[2.909s] -- Looking for OGRE_Paging...
[2.909s] -- Found OGRE_Paging: optimized;/usr/lib/x86_64-linux-gnu/libOgrePaging.so;debug;/usr/lib/x86_64-linux-gnu/libOgrePaging.so
[2.909s] -- Looking for OGRE_Terrain...
[2.909s] -- Found OGRE_Terrain: optimized;/usr/lib/x86_64-linux-gnu/libOgreTerrain.so;debug;/usr/lib/x86_64-linux-gnu/libOgreTerrain.so
[2.910s] -- Looking for OGRE_Property...
[2.910s] -- Found OGRE_Property: optimized;/usr/lib/x86_64-linux-gnu/libOgreProperty.so;debug;/usr/lib/x86_64-linux-gnu/libOgreProperty.so
[2.910s] -- Looking for OGRE_RTShaderSystem...
[2.910s] -- Found OGRE_RTShaderSystem: optimized;/usr/lib/x86_64-linux-gnu/libOgreRTShaderSystem.so;debug;/usr/lib/x86_64-linux-gnu/libOgreRTShaderSystem.so
[2.910s] -- Looking for OGRE_Volume...
[2.910s] -- Found OGRE_Volume: optimized;/usr/lib/x86_64-linux-gnu/libOgreVolume.so;debug;/usr/lib/x86_64-linux-gnu/libOgreVolume.so
[2.910s] -- Looking for OGRE_Overlay...
[2.910s] -- Found OGRE_Overlay: optimized;/usr/lib/x86_64-linux-gnu/libOgreOverlay.so;debug;/usr/lib/x86_64-linux-gnu/libOgreOverlay.so
[12.578s] -- Looking for ignition-math6 -- found version 6.15.1
[12.579s] -- Looking for ignition-transport8 -- found version 8.2.1
[12.579s] -- Searching for dependencies of ignition-transport8
[13.173s] -- Found Protobuf: /usr/lib/x86_64-linux-gnu/libprotobuf.so (found suitable version "3.12.4", minimum required is "3") 
[13.717s] -- Config-file not installed for ZeroMQ -- checking for pkg-config
[13.720s] -- Checking for module 'libzmq >= 4'
[13.728s] --   Found libzmq , version 4.3.4
[13.747s] -- Checking for module 'uuid'
[13.753s] --   Found uuid, version 2.37.2
[13.768s] -- Looking for ignition-msgs5 -- found version 5.8.1
[13.768s] -- Searching for dependencies of ignition-msgs5
[14.328s] -- Looking for ignition-math6 -- found version 6.15.1
[14.331s] -- Checking for module 'tinyxml2'
[14.338s] --   Found tinyxml2, version 9.0.0
[14.354s] -- Looking for ignition-msgs5 -- found version 5.8.1
[14.355s] -- Looking for ignition-common3 -- found version 3.14.0
[14.355s] -- Searching for dependencies of ignition-common3
[14.355s] -- Looking for dlfcn.h - found
[14.355s] -- Looking for libdl - found
[14.400s] -- Searching for <ignition-common3> component [graphics]
[14.401s] -- Looking for ignition-common3-graphics -- found version 3.14.0
[14.401s] -- Searching for dependencies of ignition-common3-graphics
[14.401s] -- Looking for ignition-math6 -- found version 6.15.1
[14.403s] -- Looking for ignition-fuel_tools4 -- found version 4.4.0
[14.403s] -- Searching for dependencies of ignition-fuel_tools4
[15.102s] -- Checking for module 'jsoncpp'
[15.109s] --   Found jsoncpp, version 1.9.5
[15.128s] -- Checking for module 'libzip'
[15.135s] --   Found libzip, version 1.7.3
[15.151s] -- Looking for ignition-common3 -- found version 3.14.0
[15.151s] -- Looking for ignition-math6 -- found version 6.15.1
[15.151s] -- Looking for ignition-msgs5 -- found version 5.8.1
[15.154s] -- Gazebo version: 11.10
[15.155s] -- Found xacro: 2.0.8 (/opt/ros/humble/share/xacro/cmake)
[15.156s] -- Found trajectory_msgs: 4.2.4 (/opt/ros/humble/share/trajectory_msgs/cmake)
[15.180s] -- Found ament_lint_auto: 0.12.11 (/opt/ros/humble/share/ament_lint_auto/cmake)
[15.234s] -- Added test 'copyright' to check source files copyright and LICENSE
[15.236s] -- Added test 'cppcheck' to perform static code analysis on C / C++ code
[15.236s] -- Configured cppcheck include dirs: 
[15.236s] -- Configured cppcheck exclude dirs and/or files: 
[15.237s] -- Added test 'cpplint' to check C / C++ code against the Google style
[15.237s] -- Configured cpplint exclude dirs and/or files: 
[15.238s] -- Added test 'flake8' to check Python code syntax and style conventions
[15.239s] -- Added test 'lint_cmake' to check CMake code style
[15.239s] -- Added test 'pep257' to check Python code against some of the docstring style conventions in PEP 257
[15.241s] -- Added test 'uncrustify' to check C / C++ code style
[15.241s] -- Configured uncrustify additional arguments: 
[15.241s] -- Added test 'xmllint' to check XML markup files
[15.242s] -- Configuring done
[15.254s] -- Generating done
[15.257s] -- Build files have been written to: /home/uav/ros2_ws/build/fish_hpurv
[15.276s] [35m[1mConsolidate compiler generated dependencies of target joint_publisher[0m
[15.300s] [ 50%] [32mBuilding CXX object CMakeFiles/joint_publisher.dir/scripts/joint_publisher.cpp.o[0m
[18.159s] [100%] [32m[1mLinking CXX executable joint_publisher[0m
[18.356s] [100%] Built target joint_publisher
[18.363s] Invoked command in '/home/uav/ros2_ws/build/fish_hpurv' returned '0': CMAKE_PREFIX_PATH=${CMAKE_PREFIX_PATH}:/opt/ros/humble /usr/bin/cmake --build /home/uav/ros2_ws/build/fish_hpurv -- -j20 -l20
[18.369s] Invoking command in '/home/uav/ros2_ws/build/fish_hpurv': CMAKE_PREFIX_PATH=${CMAKE_PREFIX_PATH}:/opt/ros/humble /usr/bin/cmake --install /home/uav/ros2_ws/build/fish_hpurv
[18.373s] -- Install configuration: ""
[18.373s] -- Up-to-date: /home/uav/ros2_ws/install/fish_hpurv/share/fish_hpurv/launch
[18.373s] -- Installing: /home/uav/ros2_ws/install/fish_hpurv/share/fish_hpurv/launch/display.launch.py
[18.373s] -- Installing: /home/uav/ros2_ws/install/fish_hpurv/share/fish_hpurv/launch/display1.launch.py
[18.373s] -- Up-to-date: /home/uav/ros2_ws/install/fish_hpurv/share/fish_hpurv/urdf
[18.373s] -- Installing: /home/uav/ros2_ws/install/fish_hpurv/share/fish_hpurv/urdf/fish.urdf
[18.373s] -- Installing: /home/uav/ros2_ws/install/fish_hpurv/share/fish_hpurv/urdf/fish_hpurv_macro.urdf.xacro
[18.373s] -- Up-to-date: /home/uav/ros2_ws/install/fish_hpurv/share/fish_hpurv/config
[18.374s] -- Installing: /home/uav/ros2_ws/install/fish_hpurv/share/fish_hpurv/config/my_controllers.yaml
[18.374s] -- Installing: /home/uav/ros2_ws/install/fish_hpurv/share/fish_hpurv/config/display.rviz
[18.374s] -- Up-to-date: /home/uav/ros2_ws/install/fish_hpurv/share/fish_hpurv/meshes
[18.374s] -- Installing: /home/uav/ros2_ws/install/fish_hpurv/share/fish_hpurv/meshes/link_pectoral_left.part
[18.374s] -- Installing: /home/uav/ros2_ws/install/fish_hpurv/share/fish_hpurv/meshes/link_pectoral_right.stl
[18.375s] -- Installing: /home/uav/ros2_ws/install/fish_hpurv/share/fish_hpurv/meshes/link_base.stl
[18.375s] -- Installing: /home/uav/ros2_ws/install/fish_hpurv/share/fish_hpurv/meshes/link_base.part
[18.375s] -- Installing: /home/uav/ros2_ws/install/fish_hpurv/share/fish_hpurv/meshes/link_pectoral_left.stl
[18.375s] -- Installing: /home/uav/ros2_ws/install/fish_hpurv/share/fish_hpurv/meshes/link_caudal.part
[18.375s] -- Installing: /home/uav/ros2_ws/install/fish_hpurv/share/fish_hpurv/meshes/link_pectoral_right.part
[18.375s] -- Installing: /home/uav/ros2_ws/install/fish_hpurv/share/fish_hpurv/meshes/link_caudal.stl
[18.376s] -- Up-to-date: /home/uav/ros2_ws/install/fish_hpurv/share/fish_hpurv/worlds
[18.376s] -- Installing: /home/uav/ros2_ws/install/fish_hpurv/share/fish_hpurv/worlds/room.sdf
[18.376s] -- Installing: /home/uav/ros2_ws/install/fish_hpurv/share/fish_hpurv/worlds/ocean.world
[18.376s] -- Installing: /home/uav/ros2_ws/install/fish_hpurv/share/fish_hpurv/worlds/fish_world.world
[18.376s] -- Up-to-date: /home/uav/ros2_ws/install/fish_hpurv/share/fish_hpurv/models
[18.376s] -- Up-to-date: /home/uav/ros2_ws/install/fish_hpurv/share/fish_hpurv/models/fish_hpurv
[18.376s] -- Installing: /home/uav/ros2_ws/install/fish_hpurv/share/fish_hpurv/models/fish_hpurv/fish.sdf
[18.376s] -- Up-to-date: /home/uav/ros2_ws/install/fish_hpurv/share/fish_hpurv/models/fish_hpurv/meshes
[18.376s] -- Installing: /home/uav/ros2_ws/install/fish_hpurv/share/fish_hpurv/models/fish_hpurv/meshes/link_pectoral_left.part
[18.376s] -- Installing: /home/uav/ros2_ws/install/fish_hpurv/share/fish_hpurv/models/fish_hpurv/meshes/link_pectoral_right.stl
[18.376s] -- Installing: /home/uav/ros2_ws/install/fish_hpurv/share/fish_hpurv/models/fish_hpurv/meshes/link_base.stl
[18.376s] -- Installing: /home/uav/ros2_ws/install/fish_hpurv/share/fish_hpurv/models/fish_hpurv/meshes/link_base.part
[18.377s] -- Installing: /home/uav/ros2_ws/install/fish_hpurv/share/fish_hpurv/models/fish_hpurv/meshes/link_pectoral_left.stl
[18.377s] -- Installing: /home/uav/ros2_ws/install/fish_hpurv/share/fish_hpurv/models/fish_hpurv/meshes/link_caudal.part
[18.377s] -- Installing: /home/uav/ros2_ws/install/fish_hpurv/share/fish_hpurv/models/fish_hpurv/meshes/link_pectoral_right.part
[18.377s] -- Installing: /home/uav/ros2_ws/install/fish_hpurv/share/fish_hpurv/models/fish_hpurv/meshes/link_caudal.stl
[18.377s] -- Installing: /home/uav/ros2_ws/install/fish_hpurv/share/fish_hpurv/models/fish_hpurv/model.config
[18.377s] -- Up-to-date: /home/uav/ros2_ws/install/fish_hpurv/share/fish_hpurv/urdf
[18.377s] -- Up-to-date: /home/uav/ros2_ws/install/fish_hpurv/share/fish_hpurv/urdf/fish_hpurv_macro.urdf.xacro
[18.378s] -- Installing: /home/uav/ros2_ws/install/fish_hpurv/lib/fish_hpurv/joint_publisher
[18.379s] -- Set runtime path of "/home/uav/ros2_ws/install/fish_hpurv/lib/fish_hpurv/joint_publisher" to ""
[18.379s] -- Up-to-date: /home/uav/ros2_ws/install/fish_hpurv/share/ament_index/resource_index/package_run_dependencies/fish_hpurv
[18.379s] -- Up-to-date: /home/uav/ros2_ws/install/fish_hpurv/share/ament_index/resource_index/parent_prefix_path/fish_hpurv
[18.379s] -- Up-to-date: /home/uav/ros2_ws/install/fish_hpurv/share/fish_hpurv/environment/ament_prefix_path.sh
[18.379s] -- Installing: /home/uav/ros2_ws/install/fish_hpurv/share/fish_hpurv/environment/ament_prefix_path.dsv
[18.379s] -- Up-to-date: /home/uav/ros2_ws/install/fish_hpurv/share/fish_hpurv/environment/path.sh
[18.379s] -- Installing: /home/uav/ros2_ws/install/fish_hpurv/share/fish_hpurv/environment/path.dsv
[18.379s] -- Up-to-date: /home/uav/ros2_ws/install/fish_hpurv/share/fish_hpurv/local_setup.bash
[18.380s] -- Up-to-date: /home/uav/ros2_ws/install/fish_hpurv/share/fish_hpurv/local_setup.sh
[18.380s] -- Up-to-date: /home/uav/ros2_ws/install/fish_hpurv/share/fish_hpurv/local_setup.zsh
[18.380s] -- Installing: /home/uav/ros2_ws/install/fish_hpurv/share/fish_hpurv/local_setup.dsv
[18.380s] -- Installing: /home/uav/ros2_ws/install/fish_hpurv/share/fish_hpurv/package.dsv
[18.380s] -- Up-to-date: /home/uav/ros2_ws/install/fish_hpurv/share/ament_index/resource_index/packages/fish_hpurv
[18.380s] -- Up-to-date: /home/uav/ros2_ws/install/fish_hpurv/share/fish_hpurv/cmake/ament_cmake_export_dependencies-extras.cmake
[18.380s] -- Up-to-date: /home/uav/ros2_ws/install/fish_hpurv/share/fish_hpurv/cmake/fish_hpurvConfig.cmake
[18.380s] -- Up-to-date: /home/uav/ros2_ws/install/fish_hpurv/share/fish_hpurv/cmake/fish_hpurvConfig-version.cmake
[18.380s] -- Installing: /home/uav/ros2_ws/install/fish_hpurv/share/fish_hpurv/package.xml
[18.381s] Invoked command in '/home/uav/ros2_ws/build/fish_hpurv' returned '0': CMAKE_PREFIX_PATH=${CMAKE_PREFIX_PATH}:/opt/ros/humble /usr/bin/cmake --install /home/uav/ros2_ws/build/fish_hpurv
